
 --------------------------------------
 Starting ... at YYYY MM DD HH MM SS = 
                 2019  5 22 16 55 47
 Program preprocess
 --------------------------------------


 Registering module :
 $URL$
 $Revision$
 $Date$
 Registration complete.

 set_nml_output Echo NML values to log file only

 Registering module :
 $URL$
 $Revision$
 $Date$
 Registration complete.

 Path names of default obs_def and obs_kind modules
 ../../../../obs_def/DEFAULT_obs_def_mod.F90
 ../../../../obs_kind/DEFAULT_obs_kind_mod.F90
 Path names of output obs_def and obs_kind modules
 ../../../../obs_def/obs_def_mod.f90
 ../../../../obs_kind/obs_kind_mod.f90
 INPUT obs_def files follow:
 ../../../../obs_def/obs_def_reanalysis_bufr_mod.f90
 ../../../../obs_def/obs_def_altimeter_mod.f90
 ../../../../obs_def/obs_def_gps_mod.f90
 ../../../../obs_def/obs_def_dew_point_mod.f90
 ../../../../obs_def/obs_def_rel_humidity_mod.f90
 INPUT model files follow:
 preprocess Finished successfully.

 --------------------------------------
 Finished ... at YYYY MM DD HH MM SS = 
                 2019  5 22 16 55 47
 Program preprocess
 --------------------------------------


 --------------------------------------
 Starting ... at YYYY MM DD HH MM SS = 
                 2019  5 22 16 58  3
 Program preprocess
 --------------------------------------


 Registering module :
 $URL$
 $Revision$
 $Date$
 Registration complete.

 set_nml_output Echo NML values to log file only

 Registering module :
 $URL$
 $Revision$
 $Date$
 Registration complete.

 Path names of default obs_def and obs_kind modules
 ../../../../obs_def/DEFAULT_obs_def_mod.F90
 ../../../../obs_kind/DEFAULT_obs_kind_mod.F90
 Path names of output obs_def and obs_kind modules
 ../../../../obs_def/obs_def_mod.f90
 ../../../../obs_kind/obs_kind_mod.f90
 INPUT obs_def files follow:
 ../../../../obs_def/obs_def_reanalysis_bufr_mod.f90
 ../../../../obs_def/obs_def_altimeter_mod.f90
 ../../../../obs_def/obs_def_gps_mod.f90
 ../../../../obs_def/obs_def_dew_point_mod.f90
 ../../../../obs_def/obs_def_rel_humidity_mod.f90
 INPUT model files follow:
 preprocess Finished successfully.

 --------------------------------------
 Finished ... at YYYY MM DD HH MM SS = 
                 2019  5 22 16 58  3
 Program preprocess
 --------------------------------------


 --------------------------------------
 Starting ... at YYYY MM DD HH MM SS = 
                 2019  5 22 17  8 16
 Program preprocess
 --------------------------------------


 Registering module :
 $URL$
 $Revision$
 $Date$
 Registration complete.

 set_nml_output Echo NML values to log file only

 Registering module :
 $URL$
 $Revision$
 $Date$
 Registration complete.

 Path names of default obs_def and obs_kind modules
 ../../../../obs_def/DEFAULT_obs_def_mod.F90
 ../../../../obs_kind/DEFAULT_obs_kind_mod.F90
 Path names of output obs_def and obs_kind modules
 ../../../../obs_def/obs_def_mod.f90
 ../../../../obs_kind/obs_kind_mod.f90
 INPUT obs_def files follow:
 ../../../../obs_def/obs_def_reanalysis_bufr_mod.f90
 ../../../../obs_def/obs_def_altimeter_mod.f90
 ../../../../obs_def/obs_def_gps_mod.f90
 ../../../../obs_def/obs_def_dew_point_mod.f90
 ../../../../obs_def/obs_def_rel_humidity_mod.f90
 INPUT model files follow:
 preprocess Finished successfully.

 --------------------------------------
 Finished ... at YYYY MM DD HH MM SS = 
                 2019  5 22 17  8 16
 Program preprocess
 --------------------------------------


 --------------------------------------
 Starting ... at YYYY MM DD HH MM SS = 
                 2019  7 30 14 49 57
 Program preprocess
 --------------------------------------


 Registering module :
 $URL$
 $Revision$
 $Date$
 Registration complete.

 set_nml_output Echo NML values to log file only

 Registering module :
 $URL$
 $Revision$
 $Date$
 Registration complete.

 Path names of default obs_def and obs_kind modules
 ../../../../obs_def/DEFAULT_obs_def_mod.F90
 ../../../../obs_kind/DEFAULT_obs_kind_mod.F90
 Path names of output obs_def and obs_kind modules
 ../../../../obs_def/obs_def_mod.f90
 ../../../../obs_kind/obs_kind_mod.f90
 INPUT obs_def files follow:
 ../../../../obs_def/obs_def_reanalysis_bufr_mod.f90
 ../../../../obs_def/obs_def_altimeter_mod.f90
 ../../../../obs_def/obs_def_gps_mod.f90
 ../../../../obs_def/obs_def_dew_point_mod.f90
 ../../../../obs_def/obs_def_rel_humidity_mod.f90
 INPUT model files follow:
 preprocess Finished successfully.

 --------------------------------------
 Finished ... at YYYY MM DD HH MM SS = 
                 2019  7 30 14 49 57
 Program preprocess
 --------------------------------------


 --------------------------------------
 Starting ... at YYYY MM DD HH MM SS = 
                 2019  8 13 11 49 58
 Program preprocess
 --------------------------------------


 Registering module :
 $URL$
 $Revision$
 $Date$
 Registration complete.

 set_nml_output Echo NML values to log file only

 Registering module :
 $URL$
 $Revision$
 $Date$
 Registration complete.

 Path names of default obs_def and obs_kind modules
 ../../../../obs_def/DEFAULT_obs_def_mod.F90
 ../../../../obs_kind/DEFAULT_obs_kind_mod.F90
 Path names of output obs_def and obs_kind modules
 ../../../../obs_def/obs_def_mod.f90
 ../../../../obs_kind/obs_kind_mod.f90
 INPUT obs_def files follow:
 ../../../../obs_def/obs_def_reanalysis_bufr_mod.f90
 ../../../../obs_def/obs_def_altimeter_mod.f90
 ../../../../obs_def/obs_def_gps_mod.f90
 ../../../../obs_def/obs_def_dew_point_mod.f90
 ../../../../obs_def/obs_def_rel_humidity_mod.f90
 INPUT model files follow:
 preprocess Finished successfully.

 --------------------------------------
 Finished ... at YYYY MM DD HH MM SS = 
                 2019  8 13 11 49 58
 Program preprocess
 --------------------------------------


 --------------------------------------
 Starting ... at YYYY MM DD HH MM SS = 
                 2019  8 13 11 59 57
 Program preprocess
 --------------------------------------


 Registering module :
 $URL$
 $Revision$
 $Date$
 Registration complete.

 set_nml_output Echo NML values to log file only

 Registering module :
 $URL$
 $Revision$
 $Date$
 Registration complete.

 Path names of default obs_def and obs_kind modules
 ../../../../obs_def/DEFAULT_obs_def_mod.F90
 ../../../../obs_kind/DEFAULT_obs_kind_mod.F90
 Path names of output obs_def and obs_kind modules
 ../../../../obs_def/obs_def_mod.f90
 ../../../../obs_kind/obs_kind_mod.f90
 INPUT obs_def files follow:
 ../../../../obs_def/obs_def_reanalysis_bufr_mod.f90
 ../../../../obs_def/obs_def_altimeter_mod.f90
 ../../../../obs_def/obs_def_gps_mod.f90
 ../../../../obs_def/obs_def_dew_point_mod.f90
 ../../../../obs_def/obs_def_rel_humidity_mod.f90
 INPUT model files follow:
 preprocess Finished successfully.

 --------------------------------------
 Finished ... at YYYY MM DD HH MM SS = 
                 2019  8 13 11 59 57
 Program preprocess
 --------------------------------------


 --------------------------------------
 Starting ... at YYYY MM DD HH MM SS = 
                 2019  8 13 12 21 23
 Program preprocess
 --------------------------------------


 Registering module :
 $URL$
 $Revision$
 $Date$
 Registration complete.

 set_nml_output Echo NML values to log file only

 Registering module :
 $URL$
 $Revision$
 $Date$
 Registration complete.

 Path names of default obs_def and obs_kind modules
 ../../../../obs_def/DEFAULT_obs_def_mod.F90
 ../../../../obs_kind/DEFAULT_obs_kind_mod.F90
 Path names of output obs_def and obs_kind modules
 ../../../../obs_def/obs_def_mod.f90
 ../../../../obs_kind/obs_kind_mod.f90
 INPUT obs_def files follow:
 ../../../../obs_def/obs_def_reanalysis_bufr_mod.f90
 ../../../../obs_def/obs_def_altimeter_mod.f90
 ../../../../obs_def/obs_def_gps_mod.f90
 ../../../../obs_def/obs_def_dew_point_mod.f90
 ../../../../obs_def/obs_def_rel_humidity_mod.f90
 INPUT model files follow:
 preprocess Finished successfully.

 --------------------------------------
 Finished ... at YYYY MM DD HH MM SS = 
                 2019  8 13 12 21 23
 Program preprocess
 --------------------------------------


 --------------------------------------
 Starting ... at YYYY MM DD HH MM SS = 
                 2019  8 13 14 24 38
 Program preprocess
 --------------------------------------


 Registering module :
 $URL$
 $Revision$
 $Date$
 Registration complete.

 set_nml_output Echo NML values to log file only

 Registering module :
 $URL$
 $Revision$
 $Date$
 Registration complete.

 Path names of default obs_def and obs_kind modules
 ../../../../obs_def/DEFAULT_obs_def_mod.F90
 ../../../../obs_kind/DEFAULT_obs_kind_mod.F90
 Path names of output obs_def and obs_kind modules
 ../../../../obs_def/obs_def_mod.f90
 ../../../../obs_kind/obs_kind_mod.f90
 INPUT obs_def files follow:
 ../../../../obs_def/obs_def_reanalysis_bufr_mod.f90
 ../../../../obs_def/obs_def_altimeter_mod.f90
 ../../../../obs_def/obs_def_gps_mod.f90
 ../../../../obs_def/obs_def_dew_point_mod.f90
 ../../../../obs_def/obs_def_rel_humidity_mod.f90
 INPUT model files follow:
 preprocess Finished successfully.

 --------------------------------------
 Finished ... at YYYY MM DD HH MM SS = 
                 2019  8 13 14 24 38
 Program preprocess
 --------------------------------------


 --------------------------------------
 Starting ... at YYYY MM DD HH MM SS = 
                 2019  8 13 15 21 23
 Program preprocess
 --------------------------------------


 Registering module :
 $URL$
 $Revision$
 $Date$
 Registration complete.

 set_nml_output Echo NML values to log file only

 Registering module :
 $URL$
 $Revision$
 $Date$
 Registration complete.

 Path names of default obs_def and obs_kind modules
 ../../../../obs_def/DEFAULT_obs_def_mod.F90
 ../../../../obs_kind/DEFAULT_obs_kind_mod.F90
 Path names of output obs_def and obs_kind modules
 ../../../../obs_def/obs_def_mod.f90
 ../../../../obs_kind/obs_kind_mod.f90
 INPUT obs_def files follow:
 ../../../../obs_def/obs_def_reanalysis_bufr_mod.f90
 ../../../../obs_def/obs_def_altimeter_mod.f90
 ../../../../obs_def/obs_def_gps_mod.f90
 ../../../../obs_def/obs_def_dew_point_mod.f90
 ../../../../obs_def/obs_def_rel_humidity_mod.f90
 INPUT model files follow:
 preprocess Finished successfully.

 --------------------------------------
 Finished ... at YYYY MM DD HH MM SS = 
                 2019  8 13 15 21 23
 Program preprocess
 --------------------------------------


 --------------------------------------
 Starting ... at YYYY MM DD HH MM SS = 
                 2019  8 13 15 26 38
 Program preprocess
 --------------------------------------


 Registering module :
 $URL$
 $Revision$
 $Date$
 Registration complete.

 set_nml_output Echo NML values to log file only

 Registering module :
 $URL$
 $Revision$
 $Date$
 Registration complete.

 Path names of default obs_def and obs_kind modules
 ../../../../obs_def/DEFAULT_obs_def_mod.F90
 ../../../../obs_kind/DEFAULT_obs_kind_mod.F90
 Path names of output obs_def and obs_kind modules
 ../../../../obs_def/obs_def_mod.f90
 ../../../../obs_kind/obs_kind_mod.f90
 INPUT obs_def files follow:
 ../../../../obs_def/obs_def_reanalysis_bufr_mod.f90
 ../../../../obs_def/obs_def_altimeter_mod.f90
 ../../../../obs_def/obs_def_gps_mod.f90
 ../../../../obs_def/obs_def_dew_point_mod.f90
 ../../../../obs_def/obs_def_rel_humidity_mod.f90
 INPUT model files follow:
 preprocess Finished successfully.

 --------------------------------------
 Finished ... at YYYY MM DD HH MM SS = 
                 2019  8 13 15 26 38
 Program preprocess
 --------------------------------------


 --------------------------------------
 Starting ... at YYYY MM DD HH MM SS = 
                 2019  8 13 15 32 11
 Program preprocess
 --------------------------------------


 Registering module :
 $URL$
 $Revision$
 $Date$
 Registration complete.

 set_nml_output Echo NML values to log file only

 Registering module :
 $URL$
 $Revision$
 $Date$
 Registration complete.

 Path names of default obs_def and obs_kind modules
 ../../../../obs_def/DEFAULT_obs_def_mod.F90
 ../../../../obs_kind/DEFAULT_obs_kind_mod.F90
 Path names of output obs_def and obs_kind modules
 ../../../../obs_def/obs_def_mod.f90
 ../../../../obs_kind/obs_kind_mod.f90
 INPUT obs_def files follow:
 ../../../../obs_def/obs_def_reanalysis_bufr_mod.f90
 ../../../../obs_def/obs_def_altimeter_mod.f90
 ../../../../obs_def/obs_def_gps_mod.f90
 ../../../../obs_def/obs_def_dew_point_mod.f90
 ../../../../obs_def/obs_def_rel_humidity_mod.f90
 INPUT model files follow:
 preprocess Finished successfully.

 --------------------------------------
 Finished ... at YYYY MM DD HH MM SS = 
                 2019  8 13 15 32 11
 Program preprocess
 --------------------------------------


 --------------------------------------
 Starting ... at YYYY MM DD HH MM SS = 
                 2019  8 13 15 38 58
 Program preprocess
 --------------------------------------


 Registering module :
 $URL$
 $Revision$
 $Date$
 Registration complete.

 set_nml_output Echo NML values to log file only

 Registering module :
 $URL$
 $Revision$
 $Date$
 Registration complete.

 Path names of default obs_def and obs_kind modules
 ../../../../obs_def/DEFAULT_obs_def_mod.F90
 ../../../../obs_kind/DEFAULT_obs_kind_mod.F90
 Path names of output obs_def and obs_kind modules
 ../../../../obs_def/obs_def_mod.f90
 ../../../../obs_kind/obs_kind_mod.f90
 INPUT obs_def files follow:
 ../../../../obs_def/obs_def_reanalysis_bufr_mod.f90
 ../../../../obs_def/obs_def_altimeter_mod.f90
 ../../../../obs_def/obs_def_gps_mod.f90
 ../../../../obs_def/obs_def_dew_point_mod.f90
 ../../../../obs_def/obs_def_rel_humidity_mod.f90
 INPUT model files follow:
 preprocess Finished successfully.

 --------------------------------------
 Finished ... at YYYY MM DD HH MM SS = 
                 2019  8 13 15 38 58
 Program preprocess
 --------------------------------------


 --------------------------------------
 Starting ... at YYYY MM DD HH MM SS = 
                 2019  8 13 15 49 20
 Program preprocess
 --------------------------------------


 Registering module :
 $URL$
 $Revision$
 $Date$
 Registration complete.

 set_nml_output Echo NML values to log file only

 Registering module :
 $URL$
 $Revision$
 $Date$
 Registration complete.

 Path names of default obs_def and obs_kind modules
 ../../../../obs_def/DEFAULT_obs_def_mod.F90
 ../../../../obs_kind/DEFAULT_obs_kind_mod.F90
 Path names of output obs_def and obs_kind modules
 ../../../../obs_def/obs_def_mod.f90
 ../../../../obs_kind/obs_kind_mod.f90
 INPUT obs_def files follow:
 ../../../../obs_def/obs_def_reanalysis_bufr_mod.f90
 ../../../../obs_def/obs_def_altimeter_mod.f90
 ../../../../obs_def/obs_def_gps_mod.f90
 ../../../../obs_def/obs_def_dew_point_mod.f90
 ../../../../obs_def/obs_def_rel_humidity_mod.f90
 INPUT model files follow:
 preprocess Finished successfully.

 --------------------------------------
 Finished ... at YYYY MM DD HH MM SS = 
                 2019  8 13 15 49 20
 Program preprocess
 --------------------------------------


 --------------------------------------
 Starting ... at YYYY MM DD HH MM SS = 
                 2019  8 13 15 54 37
 Program preprocess
 --------------------------------------


 Registering module :
 $URL$
 $Revision$
 $Date$
 Registration complete.

 set_nml_output Echo NML values to log file only

 Registering module :
 $URL$
 $Revision$
 $Date$
 Registration complete.

 Path names of default obs_def and obs_kind modules
 ../../../../obs_def/DEFAULT_obs_def_mod.F90
 ../../../../obs_kind/DEFAULT_obs_kind_mod.F90
 Path names of output obs_def and obs_kind modules
 ../../../../obs_def/obs_def_mod.f90
 ../../../../obs_kind/obs_kind_mod.f90
 INPUT obs_def files follow:
 ../../../../obs_def/obs_def_reanalysis_bufr_mod.f90
 ../../../../obs_def/obs_def_altimeter_mod.f90
 ../../../../obs_def/obs_def_gps_mod.f90
 ../../../../obs_def/obs_def_dew_point_mod.f90
 ../../../../obs_def/obs_def_rel_humidity_mod.f90
 INPUT model files follow:
 preprocess Finished successfully.

 --------------------------------------
 Finished ... at YYYY MM DD HH MM SS = 
                 2019  8 13 15 54 37
 Program preprocess
 --------------------------------------

