
 --------------------------------------
 Starting ... at YYYY MM DD HH MM SS = 
                 2019  7 18 11 36 15
 Program preprocess
 --------------------------------------


 Registering module :
 $URL$
 $Revision$
 $Date$
 Registration complete.

 set_nml_output Echo NML values to log file only

 Registering module :
 $URL$
 $Revision$
 $Date$
 Registration complete.

 Path names of default obs_def and obs_kind modules
 ../../../obs_def/DEFAULT_obs_def_mod.F90
 ../../../obs_kind/DEFAULT_obs_kind_mod.F90
 Path names of output obs_def and obs_kind modules
 ../../../obs_def/obs_def_mod.f90
 ../../../obs_kind/obs_kind_mod.f90
 INPUT obs_def files follow:
 ../../../obs_def/obs_def_AIRS_mod.f90
 INPUT model files follow:
 preprocess Finished successfully.

 --------------------------------------
 Finished ... at YYYY MM DD HH MM SS = 
                 2019  7 18 11 36 15
 Program preprocess
 --------------------------------------


 --------------------------------------
 Starting ... at YYYY MM DD HH MM SS = 
                 2019  7 18 13 26 45
 Program preprocess
 --------------------------------------


 Registering module :
 $URL$
 $Revision$
 $Date$
 Registration complete.

 set_nml_output Echo NML values to log file only

 Registering module :
 $URL$
 $Revision$
 $Date$
 Registration complete.

 Path names of default obs_def and obs_kind modules
 ../../../obs_def/DEFAULT_obs_def_mod.F90
 ../../../obs_kind/DEFAULT_obs_kind_mod.F90
 Path names of output obs_def and obs_kind modules
 ../../../obs_def/obs_def_mod.f90
 ../../../obs_kind/obs_kind_mod.f90
 INPUT obs_def files follow:
 ../../../obs_def/obs_def_AIRS_mod.f90
 INPUT model files follow:
 preprocess Finished successfully.

 --------------------------------------
 Finished ... at YYYY MM DD HH MM SS = 
                 2019  7 18 13 26 45
 Program preprocess
 --------------------------------------


 --------------------------------------
 Starting ... at YYYY MM DD HH MM SS = 
                 2019  7 18 13 28 37
 Program preprocess
 --------------------------------------


 Registering module :
 $URL$
 $Revision$
 $Date$
 Registration complete.

 set_nml_output Echo NML values to log file only

 Registering module :
 $URL$
 $Revision$
 $Date$
 Registration complete.

 Path names of default obs_def and obs_kind modules
 ../../../obs_def/DEFAULT_obs_def_mod.F90
 ../../../obs_kind/DEFAULT_obs_kind_mod.F90
 Path names of output obs_def and obs_kind modules
 ../../../obs_def/obs_def_mod.f90
 ../../../obs_kind/obs_kind_mod.f90
 INPUT obs_def files follow:
 ../../../obs_def/obs_def_AIRS_mod.f90
 INPUT model files follow:
 preprocess Finished successfully.

 --------------------------------------
 Finished ... at YYYY MM DD HH MM SS = 
                 2019  7 18 13 28 37
 Program preprocess
 --------------------------------------


 --------------------------------------
 Starting ... at YYYY MM DD HH MM SS = 
                 2019  7 18 13 53 52
 Program preprocess
 --------------------------------------


 Registering module :
 $URL$
 $Revision$
 $Date$
 Registration complete.

 set_nml_output Echo NML values to log file only

 Registering module :
 $URL$
 $Revision$
 $Date$
 Registration complete.

 Path names of default obs_def and obs_kind modules
 ../../../obs_def/DEFAULT_obs_def_mod.F90
 ../../../obs_kind/DEFAULT_obs_kind_mod.F90
 Path names of output obs_def and obs_kind modules
 ../../../obs_def/obs_def_mod.f90
 ../../../obs_kind/obs_kind_mod.f90
 INPUT obs_def files follow:
 ../../../obs_def/obs_def_AIRS_mod.f90
 INPUT model files follow:
 preprocess Finished successfully.

 --------------------------------------
 Finished ... at YYYY MM DD HH MM SS = 
                 2019  7 18 13 53 52
 Program preprocess
 --------------------------------------


 --------------------------------------
 Starting ... at YYYY MM DD HH MM SS = 
                 2019  7 18 14 14  8
 Program preprocess
 --------------------------------------


 Registering module :
 $URL$
 $Revision$
 $Date$
 Registration complete.

 set_nml_output Echo NML values to log file only

 Registering module :
 $URL$
 $Revision$
 $Date$
 Registration complete.

 Path names of default obs_def and obs_kind modules
 ../../../obs_def/DEFAULT_obs_def_mod.F90
 ../../../obs_kind/DEFAULT_obs_kind_mod.F90
 Path names of output obs_def and obs_kind modules
 ../../../obs_def/obs_def_mod.f90
 ../../../obs_kind/obs_kind_mod.f90
 INPUT obs_def files follow:
 ../../../obs_def/obs_def_AIRS_mod.f90
 INPUT model files follow:
 preprocess Finished successfully.

 --------------------------------------
 Finished ... at YYYY MM DD HH MM SS = 
                 2019  7 18 14 14  8
 Program preprocess
 --------------------------------------


 --------------------------------------
 Starting ... at YYYY MM DD HH MM SS = 
                 2019  7 18 14 15  4
 Program preprocess
 --------------------------------------


 Registering module :
 $URL$
 $Revision$
 $Date$
 Registration complete.

 set_nml_output Echo NML values to log file only

 Registering module :
 $URL$
 $Revision$
 $Date$
 Registration complete.

 Path names of default obs_def and obs_kind modules
 ../../../obs_def/DEFAULT_obs_def_mod.F90
 ../../../obs_kind/DEFAULT_obs_kind_mod.F90
 Path names of output obs_def and obs_kind modules
 ../../../obs_def/obs_def_mod.f90
 ../../../obs_kind/obs_kind_mod.f90
 INPUT obs_def files follow:
 ../../../obs_def/obs_def_AIRS_mod.f90
 INPUT model files follow:
 preprocess Finished successfully.

 --------------------------------------
 Finished ... at YYYY MM DD HH MM SS = 
                 2019  7 18 14 15  4
 Program preprocess
 --------------------------------------


 --------------------------------------
 Starting ... at YYYY MM DD HH MM SS = 
                 2019  7 18 14 15 50
 Program preprocess
 --------------------------------------


 Registering module :
 $URL$
 $Revision$
 $Date$
 Registration complete.

 set_nml_output Echo NML values to log file only

 Registering module :
 $URL$
 $Revision$
 $Date$
 Registration complete.

 Path names of default obs_def and obs_kind modules
 ../../../obs_def/DEFAULT_obs_def_mod.F90
 ../../../obs_kind/DEFAULT_obs_kind_mod.F90
 Path names of output obs_def and obs_kind modules
 ../../../obs_def/obs_def_mod.f90
 ../../../obs_kind/obs_kind_mod.f90
 INPUT obs_def files follow:
 ../../../obs_def/obs_def_AIRS_mod.f90
 INPUT model files follow:
 preprocess Finished successfully.

 --------------------------------------
 Finished ... at YYYY MM DD HH MM SS = 
                 2019  7 18 14 15 50
 Program preprocess
 --------------------------------------


 --------------------------------------
 Starting ... at YYYY MM DD HH MM SS = 
                 2019  7 18 14 16 45
 Program preprocess
 --------------------------------------


 Registering module :
 $URL$
 $Revision$
 $Date$
 Registration complete.

 set_nml_output Echo NML values to log file only

 Registering module :
 $URL$
 $Revision$
 $Date$
 Registration complete.

 Path names of default obs_def and obs_kind modules
 ../../../obs_def/DEFAULT_obs_def_mod.F90
 ../../../obs_kind/DEFAULT_obs_kind_mod.F90
 Path names of output obs_def and obs_kind modules
 ../../../obs_def/obs_def_mod.f90
 ../../../obs_kind/obs_kind_mod.f90
 INPUT obs_def files follow:
 ../../../obs_def/obs_def_AIRS_mod.f90
 INPUT model files follow:
 preprocess Finished successfully.

 --------------------------------------
 Finished ... at YYYY MM DD HH MM SS = 
                 2019  7 18 14 16 45
 Program preprocess
 --------------------------------------


 --------------------------------------
 Starting ... at YYYY MM DD HH MM SS = 
                 2019  7 18 14 21 53
 Program preprocess
 --------------------------------------


 Registering module :
 $URL$
 $Revision$
 $Date$
 Registration complete.

 set_nml_output Echo NML values to log file only

 Registering module :
 $URL$
 $Revision$
 $Date$
 Registration complete.

 Path names of default obs_def and obs_kind modules
 ../../../obs_def/DEFAULT_obs_def_mod.F90
 ../../../obs_kind/DEFAULT_obs_kind_mod.F90
 Path names of output obs_def and obs_kind modules
 ../../../obs_def/obs_def_mod.f90
 ../../../obs_kind/obs_kind_mod.f90
 INPUT obs_def files follow:
 ../../../obs_def/obs_def_AIRS_mod.f90
 INPUT model files follow:
 preprocess Finished successfully.

 --------------------------------------
 Finished ... at YYYY MM DD HH MM SS = 
                 2019  7 18 14 21 53
 Program preprocess
 --------------------------------------


 --------------------------------------
 Starting ... at YYYY MM DD HH MM SS = 
                 2019  7 18 14 30 30
 Program preprocess
 --------------------------------------


 Registering module :
 $URL$
 $Revision$
 $Date$
 Registration complete.

 set_nml_output Echo NML values to log file only

 Registering module :
 $URL$
 $Revision$
 $Date$
 Registration complete.

 Path names of default obs_def and obs_kind modules
 ../../../obs_def/DEFAULT_obs_def_mod.F90
 ../../../obs_kind/DEFAULT_obs_kind_mod.F90
 Path names of output obs_def and obs_kind modules
 ../../../obs_def/obs_def_mod.f90
 ../../../obs_kind/obs_kind_mod.f90
 INPUT obs_def files follow:
 ../../../obs_def/obs_def_AIRS_mod.f90
 INPUT model files follow:
 preprocess Finished successfully.

 --------------------------------------
 Finished ... at YYYY MM DD HH MM SS = 
                 2019  7 18 14 30 30
 Program preprocess
 --------------------------------------


 --------------------------------------
 Starting ... at YYYY MM DD HH MM SS = 
                 2019  7 18 14 33 36
 Program preprocess
 --------------------------------------


 Registering module :
 $URL$
 $Revision$
 $Date$
 Registration complete.

 set_nml_output Echo NML values to log file only

 Registering module :
 $URL$
 $Revision$
 $Date$
 Registration complete.

 Path names of default obs_def and obs_kind modules
 ../../../obs_def/DEFAULT_obs_def_mod.F90
 ../../../obs_kind/DEFAULT_obs_kind_mod.F90
 Path names of output obs_def and obs_kind modules
 ../../../obs_def/obs_def_mod.f90
 ../../../obs_kind/obs_kind_mod.f90
 INPUT obs_def files follow:
 ../../../obs_def/obs_def_AIRS_mod.f90
 INPUT model files follow:
 preprocess Finished successfully.

 --------------------------------------
 Finished ... at YYYY MM DD HH MM SS = 
                 2019  7 18 14 33 36
 Program preprocess
 --------------------------------------


 --------------------------------------
 Starting ... at YYYY MM DD HH MM SS = 
                 2019  7 18 14 36 29
 Program preprocess
 --------------------------------------


 Registering module :
 $URL$
 $Revision$
 $Date$
 Registration complete.

 set_nml_output Echo NML values to log file only

 Registering module :
 $URL$
 $Revision$
 $Date$
 Registration complete.

 Path names of default obs_def and obs_kind modules
 ../../../obs_def/DEFAULT_obs_def_mod.F90
 ../../../obs_kind/DEFAULT_obs_kind_mod.F90
 Path names of output obs_def and obs_kind modules
 ../../../obs_def/obs_def_mod.f90
 ../../../obs_kind/obs_kind_mod.f90
 INPUT obs_def files follow:
 ../../../obs_def/obs_def_AIRS_mod.f90
 INPUT model files follow:
 preprocess Finished successfully.

 --------------------------------------
 Finished ... at YYYY MM DD HH MM SS = 
                 2019  7 18 14 36 29
 Program preprocess
 --------------------------------------


 --------------------------------------
 Starting ... at YYYY MM DD HH MM SS = 
                 2019  7 18 14 59  8
 Program preprocess
 --------------------------------------


 Registering module :
 $URL$
 $Revision$
 $Date$
 Registration complete.

 set_nml_output Echo NML values to log file only

 Registering module :
 $URL$
 $Revision$
 $Date$
 Registration complete.

 Path names of default obs_def and obs_kind modules
 ../../../obs_def/DEFAULT_obs_def_mod.F90
 ../../../obs_kind/DEFAULT_obs_kind_mod.F90
 Path names of output obs_def and obs_kind modules
 ../../../obs_def/obs_def_mod.f90
 ../../../obs_kind/obs_kind_mod.f90
 INPUT obs_def files follow:
 ../../../obs_def/obs_def_AIRS_mod.f90
 INPUT model files follow:
 preprocess Finished successfully.

 --------------------------------------
 Finished ... at YYYY MM DD HH MM SS = 
                 2019  7 18 14 59  8
 Program preprocess
 --------------------------------------


 --------------------------------------
 Starting ... at YYYY MM DD HH MM SS = 
                 2019  7 19  9 27 52
 Program preprocess
 --------------------------------------


 Registering module :
 $URL$
 $Revision$
 $Date$
 Registration complete.

 set_nml_output Echo NML values to log file only

 Registering module :
 $URL$
 $Revision$
 $Date$
 Registration complete.

 Path names of default obs_def and obs_kind modules
 ../../../obs_def/DEFAULT_obs_def_mod.F90
 ../../../obs_kind/DEFAULT_obs_kind_mod.F90
 Path names of output obs_def and obs_kind modules
 ../../../obs_def/obs_def_mod.f90
 ../../../obs_kind/obs_kind_mod.f90
 INPUT obs_def files follow:
 ../../../obs_def/obs_def_AIRS_mod.f90
 INPUT model files follow:
 preprocess Finished successfully.

 --------------------------------------
 Finished ... at YYYY MM DD HH MM SS = 
                 2019  7 19  9 27 52
 Program preprocess
 --------------------------------------

