
 --------------------------------------
 Starting ... at YYYY MM DD HH MM SS = 
                 2019  5 21  9  5 16
 Program preprocess
 --------------------------------------

 set_nml_output Echo NML values to log file only
 Path names of default obs_def and obs_kind modules
 ../../../obs_def/DEFAULT_obs_def_mod.F90
 ../../../obs_kind/DEFAULT_obs_kind_mod.F90
 Path names of output obs_def and obs_kind modules
 ../../../obs_def/obs_def_mod.f90
 ../../../obs_kind/obs_kind_mod.f90
 INPUT obs_def files follow:
 ../../../obs_def/obs_def_reanalysis_bufr_mod.f90
 ../../../obs_def/obs_def_radar_mod.f90
 ../../../obs_def/obs_def_metar_mod.f90
 ../../../obs_def/obs_def_dew_point_mod.f90
 ../../../obs_def/obs_def_rel_humidity_mod.f90
 ../../../obs_def/obs_def_altimeter_mod.f90
 ../../../obs_def/obs_def_gps_mod.f90
 ../../../obs_def/obs_def_vortex_mod.f90
 ../../../obs_def/obs_def_gts_mod.f90
 ../../../obs_def/obs_def_monitor_mod.f90
 ../../../obs_def/obs_def_AIRNOW_OBS_mod.f90
 ../../../obs_def/obs_def_PANDA_OBS_mod.f90
 ../../../obs_def/obs_def_OMI_NO2_mod.f90
 ../../../obs_def/obs_def_MODIS_AOD_mod.f90
 ../../../obs_def/obs_def_MOPITT_CO_mod.f90
 ../../../obs_def/obs_def_IASI_CO_mod.f90
 ../../../obs_def/obs_def_IASI_O3_mod.f90
 INPUT model files follow:
 preprocess Finished successfully.

 --------------------------------------
 Finished ... at YYYY MM DD HH MM SS = 
                 2019  5 21  9  5 16
 Program preprocess
 --------------------------------------


 --------------------------------------
 Starting ... at YYYY MM DD HH MM SS = 
                 2019  5 21 11 48  5
 Program preprocess
 --------------------------------------

 set_nml_output Echo NML values to log file only
 Path names of default obs_def and obs_kind modules
 ../../../obs_def/DEFAULT_obs_def_mod.F90
 ../../../obs_kind/DEFAULT_obs_kind_mod.F90
 Path names of output obs_def and obs_kind modules
 ../../../obs_def/obs_def_mod.f90
 ../../../obs_kind/obs_kind_mod.f90
 INPUT obs_def files follow:
 ../../../obs_def/obs_def_reanalysis_bufr_mod.f90
 ../../../obs_def/obs_def_radar_mod.f90
 ../../../obs_def/obs_def_metar_mod.f90
 ../../../obs_def/obs_def_dew_point_mod.f90
 ../../../obs_def/obs_def_rel_humidity_mod.f90
 ../../../obs_def/obs_def_altimeter_mod.f90
 ../../../obs_def/obs_def_gps_mod.f90
 ../../../obs_def/obs_def_vortex_mod.f90
 ../../../obs_def/obs_def_gts_mod.f90
 ../../../obs_def/obs_def_monitor_mod.f90
 ../../../obs_def/obs_def_AIRNOW_OBS_mod.f90
 ../../../obs_def/obs_def_PANDA_OBS_mod.f90
 ../../../obs_def/obs_def_OMI_NO2_mod.f90
 ../../../obs_def/obs_def_MODIS_AOD_mod.f90
 ../../../obs_def/obs_def_MOPITT_CO_mod.f90
 ../../../obs_def/obs_def_IASI_CO_mod.f90
 ../../../obs_def/obs_def_IASI_O3_mod.f90
 INPUT model files follow:
 preprocess Finished successfully.

 --------------------------------------
 Finished ... at YYYY MM DD HH MM SS = 
                 2019  5 21 11 48  5
 Program preprocess
 --------------------------------------


 --------------------------------------
 Starting ... at YYYY MM DD HH MM SS = 
                 2019  5 21 11 57 53
 Program preprocess
 --------------------------------------

 set_nml_output Echo NML values to log file only
 Path names of default obs_def and obs_kind modules
 ../../../obs_def/DEFAULT_obs_def_mod.F90
 ../../../obs_kind/DEFAULT_obs_kind_mod.F90
 Path names of output obs_def and obs_kind modules
 ../../../obs_def/obs_def_mod.f90
 ../../../obs_kind/obs_kind_mod.f90
 INPUT obs_def files follow:
 ../../../obs_def/obs_def_reanalysis_bufr_mod.f90
 ../../../obs_def/obs_def_radar_mod.f90
 ../../../obs_def/obs_def_metar_mod.f90
 ../../../obs_def/obs_def_dew_point_mod.f90
 ../../../obs_def/obs_def_rel_humidity_mod.f90
 ../../../obs_def/obs_def_altimeter_mod.f90
 ../../../obs_def/obs_def_gps_mod.f90
 ../../../obs_def/obs_def_vortex_mod.f90
 ../../../obs_def/obs_def_gts_mod.f90
 ../../../obs_def/obs_def_monitor_mod.f90
 ../../../obs_def/obs_def_AIRNOW_OBS_mod.f90
 ../../../obs_def/obs_def_PANDA_OBS_mod.f90
 ../../../obs_def/obs_def_OMI_NO2_mod.f90
 ../../../obs_def/obs_def_MODIS_AOD_mod.f90
 ../../../obs_def/obs_def_MOPITT_CO_mod.f90
 ../../../obs_def/obs_def_IASI_CO_mod.f90
 ../../../obs_def/obs_def_IASI_O3_mod.f90
 INPUT model files follow:
 preprocess Finished successfully.

 --------------------------------------
 Finished ... at YYYY MM DD HH MM SS = 
                 2019  5 21 11 57 53
 Program preprocess
 --------------------------------------


 --------------------------------------
 Starting ... at YYYY MM DD HH MM SS = 
                 2019  5 30 15 28 47
 Program preprocess
 --------------------------------------

 set_nml_output Echo NML values to log file only
 Path names of default obs_def and obs_kind modules
 ../../../obs_def/DEFAULT_obs_def_mod.F90
 ../../../obs_kind/DEFAULT_obs_kind_mod.F90
 Path names of output obs_def and obs_kind modules
 ../../../obs_def/obs_def_mod.f90
 ../../../obs_kind/obs_kind_mod.f90
 INPUT obs_def files follow:
 ../../../obs_def/obs_def_reanalysis_bufr_mod.f90
 ../../../obs_def/obs_def_radar_mod.f90
 ../../../obs_def/obs_def_metar_mod.f90
 ../../../obs_def/obs_def_dew_point_mod.f90
 ../../../obs_def/obs_def_rel_humidity_mod.f90
 ../../../obs_def/obs_def_altimeter_mod.f90
 ../../../obs_def/obs_def_gps_mod.f90
 ../../../obs_def/obs_def_vortex_mod.f90
 ../../../obs_def/obs_def_gts_mod.f90
 ../../../obs_def/obs_def_monitor_mod.f90
 ../../../obs_def/obs_def_AIRNOW_OBS_mod.f90
 ../../../obs_def/obs_def_PANDA_OBS_mod.f90
 ../../../obs_def/obs_def_OMI_NO2_mod.f90
 ../../../obs_def/obs_def_MODIS_AOD_mod.f90
 ../../../obs_def/obs_def_MOPITT_CO_mod.f90
 ../../../obs_def/obs_def_IASI_CO_mod.f90
 ../../../obs_def/obs_def_IASI_O3_mod.f90
 INPUT model files follow:
 preprocess Finished successfully.

 --------------------------------------
 Finished ... at YYYY MM DD HH MM SS = 
                 2019  5 30 15 28 47
 Program preprocess
 --------------------------------------


 --------------------------------------
 Starting ... at YYYY MM DD HH MM SS = 
                 2019  7  6 22  2  8
 Program preprocess
 --------------------------------------

 set_nml_output Echo NML values to log file only
 Path names of default obs_def and obs_kind modules
 ../../../obs_def/DEFAULT_obs_def_mod.F90
 ../../../obs_kind/DEFAULT_obs_kind_mod.F90
 Path names of output obs_def and obs_kind modules
 ../../../obs_def/obs_def_mod.f90
 ../../../obs_kind/obs_kind_mod.f90
 INPUT obs_def files follow:
 ../../../obs_def/obs_def_reanalysis_bufr_mod.f90
 ../../../obs_def/obs_def_radar_mod.f90
 ../../../obs_def/obs_def_metar_mod.f90
 ../../../obs_def/obs_def_dew_point_mod.f90
 ../../../obs_def/obs_def_rel_humidity_mod.f90
 ../../../obs_def/obs_def_altimeter_mod.f90
 ../../../obs_def/obs_def_gps_mod.f90
 ../../../obs_def/obs_def_vortex_mod.f90
 ../../../obs_def/obs_def_gts_mod.f90
 ../../../obs_def/obs_def_monitor_mod.f90
 ../../../obs_def/obs_def_AIRNOW_OBS_mod.f90
 ../../../obs_def/obs_def_PANDA_OBS_mod.f90
 ../../../obs_def/obs_def_OMI_NO2_mod.f90
 ../../../obs_def/obs_def_MODIS_AOD_mod.f90
 ../../../obs_def/obs_def_MOPITT_CO_mod.f90
 ../../../obs_def/obs_def_IASI_CO_mod.f90
 ../../../obs_def/obs_def_IASI_O3_mod.f90
 INPUT model files follow:
 preprocess Finished successfully.

 --------------------------------------
 Finished ... at YYYY MM DD HH MM SS = 
                 2019  7  6 22  2  9
 Program preprocess
 --------------------------------------


 --------------------------------------
 Starting ... at YYYY MM DD HH MM SS = 
                 2019  7 14 13 48 29
 Program preprocess
 --------------------------------------

 set_nml_output Echo NML values to log file only
 Path names of default obs_def and obs_kind modules
 ../../../obs_def/DEFAULT_obs_def_mod.F90
 ../../../obs_kind/DEFAULT_obs_kind_mod.F90
 Path names of output obs_def and obs_kind modules
 ../../../obs_def/obs_def_mod.f90
 ../../../obs_kind/obs_kind_mod.f90
 INPUT obs_def files follow:
 ../../../obs_def/obs_def_reanalysis_bufr_mod.f90
 ../../../obs_def/obs_def_radar_mod.f90
 ../../../obs_def/obs_def_metar_mod.f90
 ../../../obs_def/obs_def_dew_point_mod.f90
 ../../../obs_def/obs_def_rel_humidity_mod.f90
 ../../../obs_def/obs_def_altimeter_mod.f90
 ../../../obs_def/obs_def_gps_mod.f90
 ../../../obs_def/obs_def_vortex_mod.f90
 ../../../obs_def/obs_def_gts_mod.f90
 ../../../obs_def/obs_def_monitor_mod.f90
 ../../../obs_def/obs_def_AIRNOW_OBS_mod.f90
 ../../../obs_def/obs_def_PANDA_OBS_mod.f90
 ../../../obs_def/obs_def_OMI_NO2_mod.f90
 ../../../obs_def/obs_def_MODIS_AOD_mod.f90
 ../../../obs_def/obs_def_MOPITT_CO_mod.f90
 ../../../obs_def/obs_def_IASI_CO_mod.f90
 ../../../obs_def/obs_def_IASI_O3_mod.f90
 INPUT model files follow:
 preprocess Finished successfully.

 --------------------------------------
 Finished ... at YYYY MM DD HH MM SS = 
                 2019  7 14 13 48 29
 Program preprocess
 --------------------------------------


 --------------------------------------
 Starting ... at YYYY MM DD HH MM SS = 
                 2019  7 29 23 29 14
 Program preprocess
 --------------------------------------

 set_nml_output Echo NML values to log file only
 Path names of default obs_def and obs_kind modules
 ../../../obs_def/DEFAULT_obs_def_mod.F90
 ../../../obs_kind/DEFAULT_obs_kind_mod.F90
 Path names of output obs_def and obs_kind modules
 ../../../obs_def/obs_def_mod.f90
 ../../../obs_kind/obs_kind_mod.f90
 INPUT obs_def files follow:
 ../../../obs_def/obs_def_reanalysis_bufr_mod.f90
 ../../../obs_def/obs_def_radar_mod.f90
 ../../../obs_def/obs_def_metar_mod.f90
 ../../../obs_def/obs_def_dew_point_mod.f90
 ../../../obs_def/obs_def_rel_humidity_mod.f90
 ../../../obs_def/obs_def_altimeter_mod.f90
 ../../../obs_def/obs_def_gps_mod.f90
 ../../../obs_def/obs_def_vortex_mod.f90
 ../../../obs_def/obs_def_gts_mod.f90
 ../../../obs_def/obs_def_monitor_mod.f90
 ../../../obs_def/obs_def_AIRNOW_OBS_mod.f90
 ../../../obs_def/obs_def_PANDA_OBS_mod.f90
 ../../../obs_def/obs_def_OMI_NO2_mod.f90
 ../../../obs_def/obs_def_MODIS_AOD_mod.f90
 ../../../obs_def/obs_def_MOPITT_CO_mod.f90
 ../../../obs_def/obs_def_IASI_CO_mod.f90
 ../../../obs_def/obs_def_IASI_O3_mod.f90
 INPUT model files follow:
 preprocess Finished successfully.

 --------------------------------------
 Finished ... at YYYY MM DD HH MM SS = 
                 2019  7 29 23 29 14
 Program preprocess
 --------------------------------------


 --------------------------------------
 Starting ... at YYYY MM DD HH MM SS = 
                 2019  7 29 23 42 35
 Program preprocess
 --------------------------------------

 set_nml_output Echo NML values to log file only
 Path names of default obs_def and obs_kind modules
 ../../../obs_def/DEFAULT_obs_def_mod.F90
 ../../../obs_kind/DEFAULT_obs_kind_mod.F90
 Path names of output obs_def and obs_kind modules
 ../../../obs_def/obs_def_mod.f90
 ../../../obs_kind/obs_kind_mod.f90
 INPUT obs_def files follow:
 ../../../obs_def/obs_def_reanalysis_bufr_mod.f90
 ../../../obs_def/obs_def_radar_mod.f90
 ../../../obs_def/obs_def_metar_mod.f90
 ../../../obs_def/obs_def_dew_point_mod.f90
 ../../../obs_def/obs_def_rel_humidity_mod.f90
 ../../../obs_def/obs_def_altimeter_mod.f90
 ../../../obs_def/obs_def_gps_mod.f90
 ../../../obs_def/obs_def_vortex_mod.f90
 ../../../obs_def/obs_def_gts_mod.f90
 ../../../obs_def/obs_def_monitor_mod.f90
 ../../../obs_def/obs_def_AIRNOW_OBS_mod.f90
 ../../../obs_def/obs_def_TOLNET_OBS_mod.f90
 INPUT model files follow:
 preprocess Finished successfully.

 --------------------------------------
 Finished ... at YYYY MM DD HH MM SS = 
                 2019  7 29 23 42 35
 Program preprocess
 --------------------------------------


 --------------------------------------
 Starting ... at YYYY MM DD HH MM SS = 
                 2019  7 29 23 43 23
 Program preprocess
 --------------------------------------

 set_nml_output Echo NML values to log file only
 Path names of default obs_def and obs_kind modules
 ../../../obs_def/DEFAULT_obs_def_mod.F90
 ../../../obs_kind/DEFAULT_obs_kind_mod.F90
 Path names of output obs_def and obs_kind modules
 ../../../obs_def/obs_def_mod.f90
 ../../../obs_kind/obs_kind_mod.f90
 INPUT obs_def files follow:
 ../../../obs_def/obs_def_reanalysis_bufr_mod.f90
 ../../../obs_def/obs_def_radar_mod.f90
 ../../../obs_def/obs_def_metar_mod.f90
 ../../../obs_def/obs_def_dew_point_mod.f90
 ../../../obs_def/obs_def_rel_humidity_mod.f90
 ../../../obs_def/obs_def_altimeter_mod.f90
 ../../../obs_def/obs_def_gps_mod.f90
 ../../../obs_def/obs_def_vortex_mod.f90
 ../../../obs_def/obs_def_gts_mod.f90
 ../../../obs_def/obs_def_monitor_mod.f90
 ../../../obs_def/obs_def_AIRNOW_OBS_mod.f90
 ../../../obs_def/obs_def_TOLNET_OBS_mod.f90
 INPUT model files follow:
 preprocess Finished successfully.

 --------------------------------------
 Finished ... at YYYY MM DD HH MM SS = 
                 2019  7 29 23 43 23
 Program preprocess
 --------------------------------------


 --------------------------------------
 Starting ... at YYYY MM DD HH MM SS = 
                 2019  7 30 10 35  5
 Program preprocess
 --------------------------------------

 set_nml_output Echo NML values to log file only
 Path names of default obs_def and obs_kind modules
 ../../../obs_def/DEFAULT_obs_def_mod.F90
 ../../../obs_kind/DEFAULT_obs_kind_mod.F90
 Path names of output obs_def and obs_kind modules
 ../../../obs_def/obs_def_mod.f90
 ../../../obs_kind/obs_kind_mod.f90
 INPUT obs_def files follow:
 ../../../obs_def/obs_def_reanalysis_bufr_mod.f90
 ../../../obs_def/obs_def_radar_mod.f90
 ../../../obs_def/obs_def_metar_mod.f90
 ../../../obs_def/obs_def_dew_point_mod.f90
 ../../../obs_def/obs_def_rel_humidity_mod.f90
 ../../../obs_def/obs_def_altimeter_mod.f90
 ../../../obs_def/obs_def_gps_mod.f90
 ../../../obs_def/obs_def_vortex_mod.f90
 ../../../obs_def/obs_def_gts_mod.f90
 ../../../obs_def/obs_def_monitor_mod.f90
 ../../../obs_def/obs_def_AIRNOW_OBS_mod.f90
 ../../../obs_def/obs_def_TOLNET_OBS_mod.f90
 INPUT model files follow:
 preprocess Finished successfully.

 --------------------------------------
 Finished ... at YYYY MM DD HH MM SS = 
                 2019  7 30 10 35  5
 Program preprocess
 --------------------------------------


 --------------------------------------
 Starting ... at YYYY MM DD HH MM SS = 
                 2019  7 30 10 44 55
 Program preprocess
 --------------------------------------

 set_nml_output Echo NML values to log file only
 Path names of default obs_def and obs_kind modules
 ../../../obs_def/DEFAULT_obs_def_mod.F90
 ../../../obs_kind/DEFAULT_obs_kind_mod.F90
 Path names of output obs_def and obs_kind modules
 ../../../obs_def/obs_def_mod.f90
 ../../../obs_kind/obs_kind_mod.f90
 INPUT obs_def files follow:
 ../../../obs_def/obs_def_reanalysis_bufr_mod.f90
 ../../../obs_def/obs_def_radar_mod.f90
 ../../../obs_def/obs_def_metar_mod.f90
 ../../../obs_def/obs_def_dew_point_mod.f90
 ../../../obs_def/obs_def_rel_humidity_mod.f90
 ../../../obs_def/obs_def_altimeter_mod.f90
 ../../../obs_def/obs_def_gps_mod.f90
 ../../../obs_def/obs_def_vortex_mod.f90
 ../../../obs_def/obs_def_gts_mod.f90
 ../../../obs_def/obs_def_monitor_mod.f90
 ../../../obs_def/obs_def_AIRNOW_OBS_mod.f90
 ../../../obs_def/obs_def_TOLNET_OBS_mod.f90
 ../../../obs_def/obs_def_PANDA_OBS_mod.f90
 ../../../obs_def/obs_def_IASI_CO_mod.f90
 ../../../obs_def/obs_def_IASI_O3_mod.f90
 ../../../obs_def/obs_def_OMI_NO2_mod.f90
 ../../../obs_def/obs_def_MOPITT_CO_mod.f90
 ../../../obs_def/obs_def_MODIS_AOD_mod.f90
 INPUT model files follow:
 preprocess Finished successfully.

 --------------------------------------
 Finished ... at YYYY MM DD HH MM SS = 
                 2019  7 30 10 44 55
 Program preprocess
 --------------------------------------


 --------------------------------------
 Starting ... at YYYY MM DD HH MM SS = 
                 2019  7 30 11  4 46
 Program preprocess
 --------------------------------------

 set_nml_output Echo NML values to log file only
 Path names of default obs_def and obs_kind modules
 ../../../obs_def/DEFAULT_obs_def_mod.F90
 ../../../obs_kind/DEFAULT_obs_kind_mod.F90
 Path names of output obs_def and obs_kind modules
 ../../../obs_def/obs_def_mod.f90
 ../../../obs_kind/obs_kind_mod.f90
 INPUT obs_def files follow:
 ../../../obs_def/obs_def_reanalysis_bufr_mod.f90
 ../../../obs_def/obs_def_radar_mod.f90
 ../../../obs_def/obs_def_metar_mod.f90
 ../../../obs_def/obs_def_dew_point_mod.f90
 ../../../obs_def/obs_def_rel_humidity_mod.f90
 ../../../obs_def/obs_def_altimeter_mod.f90
 ../../../obs_def/obs_def_gps_mod.f90
 ../../../obs_def/obs_def_vortex_mod.f90
 ../../../obs_def/obs_def_gts_mod.f90
 ../../../obs_def/obs_def_monitor_mod.f90
 ../../../obs_def/obs_def_AIRNOW_OBS_mod.f90
 ../../../obs_def/obs_def_TOLNET_OBS_mod.f90
 ../../../obs_def/obs_def_PANDA_OBS_mod.f90
 ../../../obs_def/obs_def_IASI_CO_mod.f90
 ../../../obs_def/obs_def_IASI_O3_mod.f90
 ../../../obs_def/obs_def_OMI_NO2_mod.f90
 ../../../obs_def/obs_def_MOPITT_CO_mod.f90
 ../../../obs_def/obs_def_MODIS_AOD_mod.f90
 INPUT model files follow:
 preprocess Finished successfully.

 --------------------------------------
 Finished ... at YYYY MM DD HH MM SS = 
                 2019  7 30 11  4 46
 Program preprocess
 --------------------------------------


 --------------------------------------
 Starting ... at YYYY MM DD HH MM SS = 
                 2019  7 30 11 52  1
 Program preprocess
 --------------------------------------

 set_nml_output Echo NML values to log file only
 Path names of default obs_def and obs_kind modules
 ../../../obs_def/DEFAULT_obs_def_mod.F90
 ../../../obs_kind/DEFAULT_obs_kind_mod.F90
 Path names of output obs_def and obs_kind modules
 ../../../obs_def/obs_def_mod.f90
 ../../../obs_kind/obs_kind_mod.f90
 INPUT obs_def files follow:
 ../../../obs_def/obs_def_reanalysis_bufr_mod.f90
 ../../../obs_def/obs_def_radar_mod.f90
 ../../../obs_def/obs_def_metar_mod.f90
 ../../../obs_def/obs_def_dew_point_mod.f90
 ../../../obs_def/obs_def_rel_humidity_mod.f90
 ../../../obs_def/obs_def_altimeter_mod.f90
 ../../../obs_def/obs_def_gps_mod.f90
 ../../../obs_def/obs_def_vortex_mod.f90
 ../../../obs_def/obs_def_gts_mod.f90
 ../../../obs_def/obs_def_monitor_mod.f90
 ../../../obs_def/obs_def_AIRNOW_OBS_mod.f90
 ../../../obs_def/obs_def_TOLNET_OBS_mod.f90
 ../../../obs_def/obs_def_PANDA_OBS_mod.f90
 ../../../obs_def/obs_def_IASI_CO_mod.f90
 ../../../obs_def/obs_def_IASI_O3_mod.f90
 ../../../obs_def/obs_def_OMI_NO2_mod.f90
 ../../../obs_def/obs_def_MOPITT_CO_mod.f90
 ../../../obs_def/obs_def_MODIS_AOD_mod.f90
 INPUT model files follow:
 preprocess Finished successfully.

 --------------------------------------
 Finished ... at YYYY MM DD HH MM SS = 
                 2019  7 30 11 52  2
 Program preprocess
 --------------------------------------


 --------------------------------------
 Starting ... at YYYY MM DD HH MM SS = 
                 2019  7 30 11 57 29
 Program preprocess
 --------------------------------------

 set_nml_output Echo NML values to log file only
 Path names of default obs_def and obs_kind modules
 ../../../obs_def/DEFAULT_obs_def_mod.F90
 ../../../obs_kind/DEFAULT_obs_kind_mod.F90
 Path names of output obs_def and obs_kind modules
 ../../../obs_def/obs_def_mod.f90
 ../../../obs_kind/obs_kind_mod.f90
 INPUT obs_def files follow:
 ../../../obs_def/obs_def_reanalysis_bufr_mod.f90
 ../../../obs_def/obs_def_radar_mod.f90
 ../../../obs_def/obs_def_metar_mod.f90
 ../../../obs_def/obs_def_dew_point_mod.f90
 ../../../obs_def/obs_def_rel_humidity_mod.f90
 ../../../obs_def/obs_def_altimeter_mod.f90
 ../../../obs_def/obs_def_gps_mod.f90
 ../../../obs_def/obs_def_vortex_mod.f90
 ../../../obs_def/obs_def_gts_mod.f90
 ../../../obs_def/obs_def_monitor_mod.f90
 ../../../obs_def/obs_def_AIRNOW_OBS_mod.f90
 ../../../obs_def/obs_def_TOLNET_OBS_mod.f90
 ../../../obs_def/obs_def_PANDA_OBS_mod.f90
 ../../../obs_def/obs_def_IASI_CO_mod.f90
 ../../../obs_def/obs_def_IASI_O3_mod.f90
 ../../../obs_def/obs_def_OMI_NO2_mod.f90
 ../../../obs_def/obs_def_MOPITT_CO_mod.f90
 ../../../obs_def/obs_def_MODIS_AOD_mod.f90
 INPUT model files follow:
 preprocess Finished successfully.

 --------------------------------------
 Finished ... at YYYY MM DD HH MM SS = 
                 2019  7 30 11 57 29
 Program preprocess
 --------------------------------------


 --------------------------------------
 Starting ... at YYYY MM DD HH MM SS = 
                 2019  8  1 16 51 36
 Program preprocess
 --------------------------------------

 set_nml_output Echo NML values to log file only
 Path names of default obs_def and obs_kind modules
 ../../../obs_def/DEFAULT_obs_def_mod.F90
 ../../../obs_kind/DEFAULT_obs_kind_mod.F90
 Path names of output obs_def and obs_kind modules
 ../../../obs_def/obs_def_mod.f90
 ../../../obs_kind/obs_kind_mod.f90
 INPUT obs_def files follow:
 ../../../obs_def/obs_def_reanalysis_bufr_mod.f90
 ../../../obs_def/obs_def_radar_mod.f90
 ../../../obs_def/obs_def_metar_mod.f90
 ../../../obs_def/obs_def_dew_point_mod.f90
 ../../../obs_def/obs_def_rel_humidity_mod.f90
 ../../../obs_def/obs_def_altimeter_mod.f90
 ../../../obs_def/obs_def_gps_mod.f90
 ../../../obs_def/obs_def_vortex_mod.f90
 ../../../obs_def/obs_def_gts_mod.f90
 ../../../obs_def/obs_def_monitor_mod.f90
 ../../../obs_def/obs_def_AIRNOW_OBS_mod.f90
 ../../../obs_def/obs_def_TOLNET_OBS_mod.f90
 ../../../obs_def/obs_def_PANDA_OBS_mod.f90
 ../../../obs_def/obs_def_IASI_CO_mod.f90
 ../../../obs_def/obs_def_IASI_O3_mod.f90
 ../../../obs_def/obs_def_OMI_NO2_mod.f90
 ../../../obs_def/obs_def_MOPITT_CO_mod.f90
 ../../../obs_def/obs_def_MODIS_AOD_mod.f90
 INPUT model files follow:
 preprocess Finished successfully.

 --------------------------------------
 Finished ... at YYYY MM DD HH MM SS = 
                 2019  8  1 16 51 36
 Program preprocess
 --------------------------------------


 --------------------------------------
 Starting ... at YYYY MM DD HH MM SS = 
                 2019  8  1 16 55  9
 Program preprocess
 --------------------------------------

 set_nml_output Echo NML values to log file only
 Path names of default obs_def and obs_kind modules
 ../../../obs_def/DEFAULT_obs_def_mod.F90
 ../../../obs_kind/DEFAULT_obs_kind_mod.F90
 Path names of output obs_def and obs_kind modules
 ../../../obs_def/obs_def_mod.f90
 ../../../obs_kind/obs_kind_mod.f90
 INPUT obs_def files follow:
 ../../../obs_def/obs_def_reanalysis_bufr_mod.f90
 ../../../obs_def/obs_def_radar_mod.f90
 ../../../obs_def/obs_def_metar_mod.f90
 ../../../obs_def/obs_def_dew_point_mod.f90
 ../../../obs_def/obs_def_rel_humidity_mod.f90
 ../../../obs_def/obs_def_altimeter_mod.f90
 ../../../obs_def/obs_def_gps_mod.f90
 ../../../obs_def/obs_def_vortex_mod.f90
 ../../../obs_def/obs_def_gts_mod.f90
 ../../../obs_def/obs_def_monitor_mod.f90
 ../../../obs_def/obs_def_AIRNOW_OBS_mod.f90
 ../../../obs_def/obs_def_TOLNET_OBS_mod.f90
 ../../../obs_def/obs_def_PANDA_OBS_mod.f90
 ../../../obs_def/obs_def_IASI_CO_mod.f90
 ../../../obs_def/obs_def_IASI_O3_mod.f90
 ../../../obs_def/obs_def_OMI_NO2_mod.f90
 ../../../obs_def/obs_def_MOPITT_CO_mod.f90
 ../../../obs_def/obs_def_MODIS_AOD_mod.f90
 INPUT model files follow:
 preprocess Finished successfully.

 --------------------------------------
 Finished ... at YYYY MM DD HH MM SS = 
                 2019  8  1 16 55  9
 Program preprocess
 --------------------------------------


 --------------------------------------
 Starting ... at YYYY MM DD HH MM SS = 
                 2019  8  9 17  7 49
 Program preprocess
 --------------------------------------

 set_nml_output Echo NML values to log file only
 Path names of default obs_def and obs_kind modules
 ../../../obs_def/DEFAULT_obs_def_mod.F90
 ../../../obs_kind/DEFAULT_obs_kind_mod.F90
 Path names of output obs_def and obs_kind modules
 ../../../obs_def/obs_def_mod.f90
 ../../../obs_kind/obs_kind_mod.f90
 INPUT obs_def files follow:
 ../../../obs_def/obs_def_reanalysis_bufr_mod.f90
 ../../../obs_def/obs_def_radar_mod.f90
 ../../../obs_def/obs_def_metar_mod.f90
 ../../../obs_def/obs_def_dew_point_mod.f90
 ../../../obs_def/obs_def_rel_humidity_mod.f90
 ../../../obs_def/obs_def_altimeter_mod.f90
 ../../../obs_def/obs_def_gps_mod.f90
 ../../../obs_def/obs_def_vortex_mod.f90
 ../../../obs_def/obs_def_gts_mod.f90
 ../../../obs_def/obs_def_monitor_mod.f90
 ../../../obs_def/obs_def_AIRNOW_OBS_mod.f90
 ../../../obs_def/obs_def_TOLNET_OBS_mod.f90
 ../../../obs_def/obs_def_PANDA_OBS_mod.f90
 ../../../obs_def/obs_def_IASI_CO_mod.f90
 ../../../obs_def/obs_def_IASI_O3_mod.f90
 ../../../obs_def/obs_def_OMI_NO2_mod.f90
 ../../../obs_def/obs_def_MOPITT_CO_mod.f90
 ../../../obs_def/obs_def_MODIS_AOD_mod.f90
 INPUT model files follow:
 preprocess Finished successfully.

 --------------------------------------
 Finished ... at YYYY MM DD HH MM SS = 
                 2019  8  9 17  7 49
 Program preprocess
 --------------------------------------


 --------------------------------------
 Starting ... at YYYY MM DD HH MM SS = 
                 2019  8  9 18 22  1
 Program preprocess
 --------------------------------------

 set_nml_output Echo NML values to log file only
 Path names of default obs_def and obs_kind modules
 ../../../obs_def/DEFAULT_obs_def_mod.F90
 ../../../obs_kind/DEFAULT_obs_kind_mod.F90
 Path names of output obs_def and obs_kind modules
 ../../../obs_def/obs_def_mod.f90
 ../../../obs_kind/obs_kind_mod.f90
 INPUT obs_def files follow:
 ../../../obs_def/obs_def_reanalysis_bufr_mod.f90
 ../../../obs_def/obs_def_radar_mod.f90
 ../../../obs_def/obs_def_metar_mod.f90
 ../../../obs_def/obs_def_dew_point_mod.f90
 ../../../obs_def/obs_def_rel_humidity_mod.f90
 ../../../obs_def/obs_def_altimeter_mod.f90
 ../../../obs_def/obs_def_gps_mod.f90
 ../../../obs_def/obs_def_vortex_mod.f90
 ../../../obs_def/obs_def_gts_mod.f90
 ../../../obs_def/obs_def_monitor_mod.f90
 ../../../obs_def/obs_def_AIRNOW_OBS_mod.f90
 ../../../obs_def/obs_def_TOLNET_OBS_mod.f90
 ../../../obs_def/obs_def_PANDA_OBS_mod.f90
 ../../../obs_def/obs_def_IASI_CO_mod.f90
 ../../../obs_def/obs_def_IASI_O3_mod.f90
 ../../../obs_def/obs_def_OMI_NO2_mod.f90
 ../../../obs_def/obs_def_MOPITT_CO_mod.f90
 ../../../obs_def/obs_def_MODIS_AOD_mod.f90
 INPUT model files follow:
 preprocess Finished successfully.

 --------------------------------------
 Finished ... at YYYY MM DD HH MM SS = 
                 2019  8  9 18 22  1
 Program preprocess
 --------------------------------------


 --------------------------------------
 Starting ... at YYYY MM DD HH MM SS = 
                 2019  8 12 10 22 33
 Program preprocess
 --------------------------------------

 set_nml_output Echo NML values to log file only
 Path names of default obs_def and obs_kind modules
 ../../../obs_def/DEFAULT_obs_def_mod.F90
 ../../../obs_kind/DEFAULT_obs_kind_mod.F90
 Path names of output obs_def and obs_kind modules
 ../../../obs_def/obs_def_mod.f90
 ../../../obs_kind/obs_kind_mod.f90
 INPUT obs_def files follow:
 ../../../obs_def/obs_def_reanalysis_bufr_mod.f90
 ../../../obs_def/obs_def_radar_mod.f90
 ../../../obs_def/obs_def_metar_mod.f90
 ../../../obs_def/obs_def_dew_point_mod.f90
 ../../../obs_def/obs_def_rel_humidity_mod.f90
 ../../../obs_def/obs_def_altimeter_mod.f90
 ../../../obs_def/obs_def_gps_mod.f90
 ../../../obs_def/obs_def_vortex_mod.f90
 ../../../obs_def/obs_def_gts_mod.f90
 ../../../obs_def/obs_def_monitor_mod.f90
 ../../../obs_def/obs_def_AIRNOW_OBS_mod.f90
 ../../../obs_def/obs_def_TOLNET_OBS_mod.f90
 ../../../obs_def/obs_def_PANDA_OBS_mod.f90
 ../../../obs_def/obs_def_IASI_CO_mod.f90
 ../../../obs_def/obs_def_IASI_O3_mod.f90
 ../../../obs_def/obs_def_OMI_NO2_mod.f90
 ../../../obs_def/obs_def_MOPITT_CO_mod.f90
 ../../../obs_def/obs_def_MODIS_AOD_mod.f90
 INPUT model files follow:
 preprocess Finished successfully.

 --------------------------------------
 Finished ... at YYYY MM DD HH MM SS = 
                 2019  8 12 10 22 33
 Program preprocess
 --------------------------------------


 --------------------------------------
 Starting ... at YYYY MM DD HH MM SS = 
                 2019  8 12 13 35 33
 Program preprocess
 --------------------------------------

 set_nml_output Echo NML values to log file only
 Path names of default obs_def and obs_kind modules
 ../../../obs_def/DEFAULT_obs_def_mod.F90
 ../../../obs_kind/DEFAULT_obs_kind_mod.F90
 Path names of output obs_def and obs_kind modules
 ../../../obs_def/obs_def_mod.f90
 ../../../obs_kind/obs_kind_mod.f90
 INPUT obs_def files follow:
 ../../../obs_def/obs_def_reanalysis_bufr_mod.f90
 ../../../obs_def/obs_def_radar_mod.f90
 ../../../obs_def/obs_def_metar_mod.f90
 ../../../obs_def/obs_def_dew_point_mod.f90
 ../../../obs_def/obs_def_rel_humidity_mod.f90
 ../../../obs_def/obs_def_altimeter_mod.f90
 ../../../obs_def/obs_def_gps_mod.f90
 ../../../obs_def/obs_def_vortex_mod.f90
 ../../../obs_def/obs_def_gts_mod.f90
 ../../../obs_def/obs_def_monitor_mod.f90
 ../../../obs_def/obs_def_AIRNOW_OBS_mod.f90
 ../../../obs_def/obs_def_TOLNET_OBS_mod.f90
 ../../../obs_def/obs_def_PANDA_OBS_mod.f90
 ../../../obs_def/obs_def_IASI_CO_mod.f90
 ../../../obs_def/obs_def_IASI_O3_mod.f90
 ../../../obs_def/obs_def_OMI_NO2_mod.f90
 ../../../obs_def/obs_def_MOPITT_CO_mod.f90
 ../../../obs_def/obs_def_MODIS_AOD_mod.f90
 INPUT model files follow:
 preprocess Finished successfully.

 --------------------------------------
 Finished ... at YYYY MM DD HH MM SS = 
                 2019  8 12 13 35 33
 Program preprocess
 --------------------------------------

