
 --------------------------------------
 Starting ... at YYYY MM DD HH MM SS = 
                 2017  9  4 14 40  9
 Program text_to_obs
 --------------------------------------

 set_nml_output Echo NML values to log file only
 location_mod: using code with optimized cutoffs
 location_mod: Ignoring vertical separation when computing distances; horizontal distances only
 write_obs_seq  opening formatted file obs_seq.out
 write_obs_seq  closed file obs_seq.out

 --------------------------------------
 Finished ... at YYYY MM DD HH MM SS = 
                 2017  9  4 14 40  9
 --------------------------------------


 --------------------------------------
 Starting ... at YYYY MM DD HH MM SS = 
                 2017  9  4 15 45 35
 Program preprocess
 --------------------------------------

 set_nml_output Echo NML values to log file only
 Path names of default obs_def and obs_kind modules
 ../../../obs_def/DEFAULT_obs_def_mod.F90
 ../../../obs_kind/DEFAULT_obs_kind_mod.F90
 Path names of output obs_def and obs_kind modules
 ../../../obs_def/obs_def_mod.f90
 ../../../obs_kind/obs_kind_mod.f90
 INPUT obs_def files follow:
 ../../../obs_def/obs_def_eval_mod.f90
 INPUT model files follow:
 preprocess Finished successfully.

 --------------------------------------
 Finished ... at YYYY MM DD HH MM SS = 
                 2017  9  4 15 45 35
 Program preprocess
 --------------------------------------


 --------------------------------------
 Starting ... at YYYY MM DD HH MM SS = 
                 2017  9  4 15 48 26
 Program preprocess
 --------------------------------------

 set_nml_output Echo NML values to log file only
 Path names of default obs_def and obs_kind modules
 ../../../obs_def/DEFAULT_obs_def_mod.F90
 ../../../obs_kind/DEFAULT_obs_kind_mod.F90
 Path names of output obs_def and obs_kind modules
 ../../../obs_def/obs_def_mod.f90
 ../../../obs_kind/obs_kind_mod.f90
 INPUT obs_def files follow:
 ../../../obs_def/obs_def_eval_mod.f90
 INPUT model files follow:
 preprocess Finished successfully.

 --------------------------------------
 Finished ... at YYYY MM DD HH MM SS = 
                 2017  9  4 15 48 26
 Program preprocess
 --------------------------------------


 --------------------------------------
 Starting ... at YYYY MM DD HH MM SS = 
                 2017  9  4 16 16 53
 Program preprocess
 --------------------------------------

 set_nml_output Echo NML values to log file only
 Path names of default obs_def and obs_kind modules
 ../../../obs_def/DEFAULT_obs_def_mod.F90
 ../../../obs_kind/DEFAULT_obs_kind_mod.F90
 Path names of output obs_def and obs_kind modules
 ../../../obs_def/obs_def_mod.f90
 ../../../obs_kind/obs_kind_mod.f90
 INPUT obs_def files follow:
 ../../../obs_def/obs_def_eval_mod.f90
 INPUT model files follow:
 preprocess Finished successfully.

 --------------------------------------
 Finished ... at YYYY MM DD HH MM SS = 
                 2017  9  4 16 16 53
 Program preprocess
 --------------------------------------


 --------------------------------------
 Starting ... at YYYY MM DD HH MM SS = 
                 2017  9  4 16 17 49
 Program preprocess
 --------------------------------------

 set_nml_output Echo NML values to log file only
 Path names of default obs_def and obs_kind modules
 ../../../obs_def/DEFAULT_obs_def_mod.F90
 ../../../obs_kind/DEFAULT_obs_kind_mod.F90
 Path names of output obs_def and obs_kind modules
 ../../../obs_def/obs_def_mod.f90
 ../../../obs_kind/obs_kind_mod.f90
 INPUT obs_def files follow:
 ../../../obs_def/obs_def_eval_mod.f90
 INPUT model files follow:
 preprocess Finished successfully.

 --------------------------------------
 Finished ... at YYYY MM DD HH MM SS = 
                 2017  9  4 16 17 49
 Program preprocess
 --------------------------------------


 --------------------------------------
 Starting ... at YYYY MM DD HH MM SS = 
                 2017  9  4 16 18 37
 Program preprocess
 --------------------------------------

 set_nml_output Echo NML values to log file only
 Path names of default obs_def and obs_kind modules
 ../../../obs_def/DEFAULT_obs_def_mod.F90
 ../../../obs_kind/DEFAULT_obs_kind_mod.F90
 Path names of output obs_def and obs_kind modules
 ../../../obs_def/obs_def_mod.f90
 ../../../obs_kind/obs_kind_mod.f90
 INPUT obs_def files follow:
 ../../../obs_def/obs_def_eval_mod.f90
 INPUT model files follow:
 preprocess Finished successfully.

 --------------------------------------
 Finished ... at YYYY MM DD HH MM SS = 
                 2017  9  4 16 18 37
 Program preprocess
 --------------------------------------


 --------------------------------------
 Starting ... at YYYY MM DD HH MM SS = 
                 2017  9  4 16 20 30
 Program preprocess
 --------------------------------------

 set_nml_output Echo NML values to log file only
 Path names of default obs_def and obs_kind modules
 ../../../obs_def/DEFAULT_obs_def_mod.F90
 ../../../obs_kind/DEFAULT_obs_kind_mod.F90
 Path names of output obs_def and obs_kind modules
 ../../../obs_def/obs_def_mod.f90
 ../../../obs_kind/obs_kind_mod.f90
 INPUT obs_def files follow:
 ../../../obs_def/obs_def_eval_mod.f90
 INPUT model files follow:
 preprocess Finished successfully.

 --------------------------------------
 Finished ... at YYYY MM DD HH MM SS = 
                 2017  9  4 16 20 30
 Program preprocess
 --------------------------------------


 --------------------------------------
 Starting ... at YYYY MM DD HH MM SS = 
                 2017  9  4 16 22 13
 Program preprocess
 --------------------------------------

 set_nml_output Echo NML values to log file only
 Path names of default obs_def and obs_kind modules
 ../../../obs_def/DEFAULT_obs_def_mod.F90
 ../../../obs_kind/DEFAULT_obs_kind_mod.F90
 Path names of output obs_def and obs_kind modules
 ../../../obs_def/obs_def_mod.f90
 ../../../obs_kind/obs_kind_mod.f90
 INPUT obs_def files follow:
 ../../../obs_def/obs_def_eval_mod.f90
 INPUT model files follow:
 preprocess Finished successfully.

 --------------------------------------
 Finished ... at YYYY MM DD HH MM SS = 
                 2017  9  4 16 22 13
 Program preprocess
 --------------------------------------


 --------------------------------------
 Starting ... at YYYY MM DD HH MM SS = 
                 2017  9  4 16 23 18
 Program preprocess
 --------------------------------------

 set_nml_output Echo NML values to log file only
 Path names of default obs_def and obs_kind modules
 ../../../obs_def/DEFAULT_obs_def_mod.F90
 ../../../obs_kind/DEFAULT_obs_kind_mod.F90
 Path names of output obs_def and obs_kind modules
 ../../../obs_def/obs_def_mod.f90
 ../../../obs_kind/obs_kind_mod.f90
 INPUT obs_def files follow:
 ../../../obs_def/obs_def_eval_mod.f90
 INPUT model files follow:
 preprocess Finished successfully.

 --------------------------------------
 Finished ... at YYYY MM DD HH MM SS = 
                 2017  9  4 16 23 18
 Program preprocess
 --------------------------------------


 --------------------------------------
 Starting ... at YYYY MM DD HH MM SS = 
                 2017  9  4 16 28  8
 Program preprocess
 --------------------------------------

 set_nml_output Echo NML values to log file only
 Path names of default obs_def and obs_kind modules
 ../../../obs_def/DEFAULT_obs_def_mod.F90
 ../../../obs_kind/DEFAULT_obs_kind_mod.F90
 Path names of output obs_def and obs_kind modules
 ../../../obs_def/obs_def_mod.f90
 ../../../obs_kind/obs_kind_mod.f90
 INPUT obs_def files follow:
 ../../../obs_def/obs_def_eval_mod.f90
 INPUT model files follow:
 preprocess Finished successfully.

 --------------------------------------
 Finished ... at YYYY MM DD HH MM SS = 
                 2017  9  4 16 28  8
 Program preprocess
 --------------------------------------


 --------------------------------------
 Starting ... at YYYY MM DD HH MM SS = 
                 2017  9  4 16 29 17
 Program preprocess
 --------------------------------------

 set_nml_output Echo NML values to log file only
 Path names of default obs_def and obs_kind modules
 ../../../obs_def/DEFAULT_obs_def_mod.F90
 ../../../obs_kind/DEFAULT_obs_kind_mod.F90
 Path names of output obs_def and obs_kind modules
 ../../../obs_def/obs_def_mod.f90
 ../../../obs_kind/obs_kind_mod.f90
 INPUT obs_def files follow:
 ../../../obs_def/obs_def_eval_mod.f90
 INPUT model files follow:
 preprocess Finished successfully.

 --------------------------------------
 Finished ... at YYYY MM DD HH MM SS = 
                 2017  9  4 16 29 17
 Program preprocess
 --------------------------------------


 --------------------------------------
 Starting ... at YYYY MM DD HH MM SS = 
                 2017  9  4 16 31  1
 Program preprocess
 --------------------------------------

 set_nml_output Echo NML values to log file only
 Path names of default obs_def and obs_kind modules
 ../../../obs_def/DEFAULT_obs_def_mod.F90
 ../../../obs_kind/DEFAULT_obs_kind_mod.F90
 Path names of output obs_def and obs_kind modules
 ../../../obs_def/obs_def_mod.f90
 ../../../obs_kind/obs_kind_mod.f90
 INPUT obs_def files follow:
 ../../../obs_def/obs_def_eval_mod.f90
 INPUT model files follow:
 preprocess Finished successfully.

 --------------------------------------
 Finished ... at YYYY MM DD HH MM SS = 
                 2017  9  4 16 31  1
 Program preprocess
 --------------------------------------


 --------------------------------------
 Starting ... at YYYY MM DD HH MM SS = 
                 2017  9  4 16 31 38
 Program preprocess
 --------------------------------------

 set_nml_output Echo NML values to log file only
 Path names of default obs_def and obs_kind modules
 ../../../obs_def/DEFAULT_obs_def_mod.F90
 ../../../obs_kind/DEFAULT_obs_kind_mod.F90
 Path names of output obs_def and obs_kind modules
 ../../../obs_def/obs_def_mod.f90
 ../../../obs_kind/obs_kind_mod.f90
 INPUT obs_def files follow:
 ../../../obs_def/obs_def_eval_mod.f90
 INPUT model files follow:
 preprocess Finished successfully.

 --------------------------------------
 Finished ... at YYYY MM DD HH MM SS = 
                 2017  9  4 16 31 38
 Program preprocess
 --------------------------------------


 --------------------------------------
 Starting ... at YYYY MM DD HH MM SS = 
                 2017  9  4 16 32 22
 Program preprocess
 --------------------------------------

 set_nml_output Echo NML values to log file only
 Path names of default obs_def and obs_kind modules
 ../../../obs_def/DEFAULT_obs_def_mod.F90
 ../../../obs_kind/DEFAULT_obs_kind_mod.F90
 Path names of output obs_def and obs_kind modules
 ../../../obs_def/obs_def_mod.f90
 ../../../obs_kind/obs_kind_mod.f90
 INPUT obs_def files follow:
 ../../../obs_def/obs_def_eval_mod.f90
 INPUT model files follow:
 preprocess Finished successfully.

 --------------------------------------
 Finished ... at YYYY MM DD HH MM SS = 
                 2017  9  4 16 32 22
 Program preprocess
 --------------------------------------


 --------------------------------------
 Starting ... at YYYY MM DD HH MM SS = 
                 2017  9  4 16 34 17
 Program preprocess
 --------------------------------------

 set_nml_output Echo NML values to log file only
 Path names of default obs_def and obs_kind modules
 ../../../obs_def/DEFAULT_obs_def_mod.F90
 ../../../obs_kind/DEFAULT_obs_kind_mod.F90
 Path names of output obs_def and obs_kind modules
 ../../../obs_def/obs_def_mod.f90
 ../../../obs_kind/obs_kind_mod.f90
 INPUT obs_def files follow:
 ../../../obs_def/obs_def_eval_mod.f90
 INPUT model files follow:
 preprocess Finished successfully.

 --------------------------------------
 Finished ... at YYYY MM DD HH MM SS = 
                 2017  9  4 16 34 17
 Program preprocess
 --------------------------------------


 --------------------------------------
 Starting ... at YYYY MM DD HH MM SS = 
                 2017  9  4 16 34 31
 Program TEXT_TO_OBS
 --------------------------------------

 set_nml_output Echo NML values to log file only

 --------------------------------------
 Starting ... at YYYY MM DD HH MM SS = 
                 2017  9  4 16 35  1
 Program TEXT_TO_OBS
 --------------------------------------

 set_nml_output Echo NML values to log file only

 --------------------------------------
 Starting ... at YYYY MM DD HH MM SS = 
                 2017  9  4 16 35 14
 Program preprocess
 --------------------------------------

 set_nml_output Echo NML values to log file only
 Path names of default obs_def and obs_kind modules
 ../../../obs_def/DEFAULT_obs_def_mod.F90
 ../../../obs_kind/DEFAULT_obs_kind_mod.F90
 Path names of output obs_def and obs_kind modules
 ../../../obs_def/obs_def_mod.f90
 ../../../obs_kind/obs_kind_mod.f90
 INPUT obs_def files follow:
 ../../../obs_def/obs_def_eval_mod.f90
 INPUT model files follow:
 preprocess Finished successfully.

 --------------------------------------
 Finished ... at YYYY MM DD HH MM SS = 
                 2017  9  4 16 35 14
 Program preprocess
 --------------------------------------


 --------------------------------------
 Starting ... at YYYY MM DD HH MM SS = 
                 2017  9  4 16 35 52
 Program TEXT_TO_OBS
 --------------------------------------

 set_nml_output Echo NML values to log file only

 --------------------------------------
 Starting ... at YYYY MM DD HH MM SS = 
                 2017  9  4 16 39 47
 Program TEXT_TO_OBS
 --------------------------------------

 set_nml_output Echo NML values to log file only

 --------------------------------------
 Starting ... at YYYY MM DD HH MM SS = 
                 2017  9  4 16 39 54
 Program preprocess
 --------------------------------------

 set_nml_output Echo NML values to log file only
 Path names of default obs_def and obs_kind modules
 ../../../obs_def/DEFAULT_obs_def_mod.F90
 ../../../obs_kind/DEFAULT_obs_kind_mod.F90
 Path names of output obs_def and obs_kind modules
 ../../../obs_def/obs_def_mod.f90
 ../../../obs_kind/obs_kind_mod.f90
 INPUT obs_def files follow:
 ../../../obs_def/obs_def_eval_mod.f90
 INPUT model files follow:
 preprocess Finished successfully.

 --------------------------------------
 Finished ... at YYYY MM DD HH MM SS = 
                 2017  9  4 16 39 54
 Program preprocess
 --------------------------------------


 --------------------------------------
 Starting ... at YYYY MM DD HH MM SS = 
                 2017  9  4 16 40 29
 Program TEXT_TO_OBS
 --------------------------------------

 set_nml_output Echo NML values to log file only

 --------------------------------------
 Starting ... at YYYY MM DD HH MM SS = 
                 2017  9  4 16 41  7
 Program TEXT_TO_OBS
 --------------------------------------

 set_nml_output Echo NML values to log file only

 --------------------------------------
 Starting ... at YYYY MM DD HH MM SS = 
                 2017  9  4 16 41 17
 Program preprocess
 --------------------------------------

 set_nml_output Echo NML values to log file only
 Path names of default obs_def and obs_kind modules
 ../../../obs_def/DEFAULT_obs_def_mod.F90
 ../../../obs_kind/DEFAULT_obs_kind_mod.F90
 Path names of output obs_def and obs_kind modules
 ../../../obs_def/obs_def_mod.f90
 ../../../obs_kind/obs_kind_mod.f90
 INPUT obs_def files follow:
 ../../../obs_def/obs_def_eval_mod.f90
 INPUT model files follow:
 preprocess Finished successfully.

 --------------------------------------
 Finished ... at YYYY MM DD HH MM SS = 
                 2017  9  4 16 41 17
 Program preprocess
 --------------------------------------


 --------------------------------------
 Starting ... at YYYY MM DD HH MM SS = 
                 2017  9  4 16 41 30
 Program TEXT_TO_OBS
 --------------------------------------

 set_nml_output Echo NML values to log file only

 --------------------------------------
 Starting ... at YYYY MM DD HH MM SS = 
                 2017  9  4 16 41 53
 Program TEXT_TO_OBS
 --------------------------------------

 set_nml_output Echo NML values to log file only

 --------------------------------------
 Starting ... at YYYY MM DD HH MM SS = 
                 2017  9  4 16 42  2
 Program preprocess
 --------------------------------------

 set_nml_output Echo NML values to log file only
 Path names of default obs_def and obs_kind modules
 ../../../obs_def/DEFAULT_obs_def_mod.F90
 ../../../obs_kind/DEFAULT_obs_kind_mod.F90
 Path names of output obs_def and obs_kind modules
 ../../../obs_def/obs_def_mod.f90
 ../../../obs_kind/obs_kind_mod.f90
 INPUT obs_def files follow:
 ../../../obs_def/obs_def_eval_mod.f90
 INPUT model files follow:
 preprocess Finished successfully.

 --------------------------------------
 Finished ... at YYYY MM DD HH MM SS = 
                 2017  9  4 16 42  2
 Program preprocess
 --------------------------------------


 --------------------------------------
 Starting ... at YYYY MM DD HH MM SS = 
                 2017  9  4 16 42 15
 Program TEXT_TO_OBS
 --------------------------------------

 set_nml_output Echo NML values to log file only

 --------------------------------------
 Starting ... at YYYY MM DD HH MM SS = 
                 2017  9  4 16 43 57
 Program TEXT_TO_OBS
 --------------------------------------

 set_nml_output Echo NML values to log file only

 --------------------------------------
 Starting ... at YYYY MM DD HH MM SS = 
                 2017  9  4 16 46 40
 Program preprocess
 --------------------------------------

 set_nml_output Echo NML values to log file only
 Path names of default obs_def and obs_kind modules
 ../../../obs_def/DEFAULT_obs_def_mod.F90
 ../../../obs_kind/DEFAULT_obs_kind_mod.F90
 Path names of output obs_def and obs_kind modules
 ../../../obs_def/obs_def_mod.f90
 ../../../obs_kind/obs_kind_mod.f90
 INPUT obs_def files follow:
 ../../../obs_def/obs_def_eval_mod.f90
 INPUT model files follow:
 preprocess Finished successfully.

 --------------------------------------
 Finished ... at YYYY MM DD HH MM SS = 
                 2017  9  4 16 46 40
 Program preprocess
 --------------------------------------


 --------------------------------------
 Starting ... at YYYY MM DD HH MM SS = 
                 2017  9  4 16 46 53
 Program TEXT_TO_OBS
 --------------------------------------

 set_nml_output Echo NML values to log file only

 --------------------------------------
 Starting ... at YYYY MM DD HH MM SS = 
                 2017  9  4 16 47 13
 Program preprocess
 --------------------------------------

 set_nml_output Echo NML values to log file only
 Path names of default obs_def and obs_kind modules
 ../../../obs_def/DEFAULT_obs_def_mod.F90
 ../../../obs_kind/DEFAULT_obs_kind_mod.F90
 Path names of output obs_def and obs_kind modules
 ../../../obs_def/obs_def_mod.f90
 ../../../obs_kind/obs_kind_mod.f90
 INPUT obs_def files follow:
 ../../../obs_def/obs_def_eval_mod.f90
 INPUT model files follow:
 preprocess Finished successfully.

 --------------------------------------
 Finished ... at YYYY MM DD HH MM SS = 
                 2017  9  4 16 47 13
 Program preprocess
 --------------------------------------


 --------------------------------------
 Starting ... at YYYY MM DD HH MM SS = 
                 2017  9  4 16 47 40
 Program TEXT_TO_OBS
 --------------------------------------

 set_nml_output Echo NML values to log file only

 --------------------------------------
 Starting ... at YYYY MM DD HH MM SS = 
                 2017  9  4 16 59 20
 Program preprocess
 --------------------------------------

 set_nml_output Echo NML values to log file only
 Path names of default obs_def and obs_kind modules
 ../../../obs_def/DEFAULT_obs_def_mod.F90
 ../../../obs_kind/DEFAULT_obs_kind_mod.F90
 Path names of output obs_def and obs_kind modules
 ../../../obs_def/obs_def_mod.f90
 ../../../obs_kind/obs_kind_mod.f90
 INPUT obs_def files follow:
 ../../../obs_def/obs_def_eval_mod.f90
 INPUT model files follow:
 preprocess Finished successfully.

 --------------------------------------
 Finished ... at YYYY MM DD HH MM SS = 
                 2017  9  4 16 59 20
 Program preprocess
 --------------------------------------


 --------------------------------------
 Starting ... at YYYY MM DD HH MM SS = 
                 2017  9  4 16 59 35
 Program TEXT_TO_OBS
 --------------------------------------

 set_nml_output Echo NML values to log file only

 --------------------------------------
 Starting ... at YYYY MM DD HH MM SS = 
                 2017  9  4 16 59 49
 Program TEXT_TO_OBS
 --------------------------------------

 set_nml_output Echo NML values to log file only

 --------------------------------------
 Starting ... at YYYY MM DD HH MM SS = 
                 2017  9  4 16 59 58
 Program TEXT_TO_OBS
 --------------------------------------

 set_nml_output Echo NML values to log file only

 --------------------------------------
 Starting ... at YYYY MM DD HH MM SS = 
                 2017  9  4 17  0 22
 Program TEXT_TO_OBS
 --------------------------------------

 set_nml_output Echo NML values to log file only

 --------------------------------------
 Starting ... at YYYY MM DD HH MM SS = 
                 2017  9  4 17  2 55
 Program preprocess
 --------------------------------------

 set_nml_output Echo NML values to log file only
 Path names of default obs_def and obs_kind modules
 ../../../obs_def/DEFAULT_obs_def_mod.F90
 ../../../obs_kind/DEFAULT_obs_kind_mod.F90
 Path names of output obs_def and obs_kind modules
 ../../../obs_def/obs_def_mod.f90
 ../../../obs_kind/obs_kind_mod.f90
 INPUT obs_def files follow:
 ../../../obs_def/obs_def_eval_mod.f90
 INPUT model files follow:
 preprocess Finished successfully.

 --------------------------------------
 Finished ... at YYYY MM DD HH MM SS = 
                 2017  9  4 17  2 55
 Program preprocess
 --------------------------------------


 --------------------------------------
 Starting ... at YYYY MM DD HH MM SS = 
                 2017  9  4 17  8 46
 Program preprocess
 --------------------------------------

 set_nml_output Echo NML values to log file only
 Path names of default obs_def and obs_kind modules
 ../../../obs_def/DEFAULT_obs_def_mod.F90
 ../../../obs_kind/DEFAULT_obs_kind_mod.F90
 Path names of output obs_def and obs_kind modules
 ../../../obs_def/obs_def_mod.f90
 ../../../obs_kind/obs_kind_mod.f90
 INPUT obs_def files follow:
 ../../../obs_def/obs_def_eval_mod.f90
 INPUT model files follow:
 preprocess Finished successfully.

 --------------------------------------
 Finished ... at YYYY MM DD HH MM SS = 
                 2017  9  4 17  8 46
 Program preprocess
 --------------------------------------


 --------------------------------------
 Starting ... at YYYY MM DD HH MM SS = 
                 2017  9  4 17  9 42
 Program TEXT_TO_OBS
 --------------------------------------

 set_nml_output Echo NML values to log file only

 --------------------------------------
 Starting ... at YYYY MM DD HH MM SS = 
                 2017  9  5  8 49  2
 Program preprocess
 --------------------------------------

 set_nml_output Echo NML values to log file only
 Path names of default obs_def and obs_kind modules
 ../../../obs_def/DEFAULT_obs_def_mod.F90
 ../../../obs_kind/DEFAULT_obs_kind_mod.F90
 Path names of output obs_def and obs_kind modules
 ../../../obs_def/obs_def_mod.f90
 ../../../obs_kind/obs_kind_mod.f90
 INPUT obs_def files follow:
 ../../../obs_def/obs_def_eval_mod.f90
 INPUT model files follow:
 preprocess Finished successfully.

 --------------------------------------
 Finished ... at YYYY MM DD HH MM SS = 
                 2017  9  5  8 49  2
 Program preprocess
 --------------------------------------


 --------------------------------------
 Starting ... at YYYY MM DD HH MM SS = 
                 2017  9  5  8 49 20
 Program TEXT_TO_OBS
 --------------------------------------

 set_nml_output Echo NML values to log file only

 --------------------------------------
 Starting ... at YYYY MM DD HH MM SS = 
                 2017  9  5 10 37 15
 Program TEXT_TO_OBS
 --------------------------------------

 set_nml_output Echo NML values to log file only

 --------------------------------------
 Starting ... at YYYY MM DD HH MM SS = 
                 2017  9  5 10 37 26
 Program preprocess
 --------------------------------------

 set_nml_output Echo NML values to log file only
 Path names of default obs_def and obs_kind modules
 ../../../obs_def/DEFAULT_obs_def_mod.F90
 ../../../obs_kind/DEFAULT_obs_kind_mod.F90
 Path names of output obs_def and obs_kind modules
 ../../../obs_def/obs_def_mod.f90
 ../../../obs_kind/obs_kind_mod.f90
 INPUT obs_def files follow:
 ../../../obs_def/obs_def_eval_mod.f90
 INPUT model files follow:
 preprocess Finished successfully.

 --------------------------------------
 Finished ... at YYYY MM DD HH MM SS = 
                 2017  9  5 10 37 26
 Program preprocess
 --------------------------------------


 --------------------------------------
 Starting ... at YYYY MM DD HH MM SS = 
                 2017  9  5 10 37 40
 Program TEXT_TO_OBS
 --------------------------------------

 set_nml_output Echo NML values to log file only

 --------------------------------------
 Starting ... at YYYY MM DD HH MM SS = 
                 2017  9  5 10 40 45
 Program preprocess
 --------------------------------------

 set_nml_output Echo NML values to log file only
 Path names of default obs_def and obs_kind modules
 ../../../obs_def/DEFAULT_obs_def_mod.F90
 ../../../obs_kind/DEFAULT_obs_kind_mod.F90
 Path names of output obs_def and obs_kind modules
 ../../../obs_def/obs_def_mod.f90
 ../../../obs_kind/obs_kind_mod.f90
 INPUT obs_def files follow:
 ../../../obs_def/obs_def_eval_mod.f90
 INPUT model files follow:
 preprocess Finished successfully.

 --------------------------------------
 Finished ... at YYYY MM DD HH MM SS = 
                 2017  9  5 10 40 45
 Program preprocess
 --------------------------------------


 --------------------------------------
 Starting ... at YYYY MM DD HH MM SS = 
                 2017  9  5 10 44 43
 Program TEXT_TO_OBS
 --------------------------------------

 set_nml_output Echo NML values to log file only

 --------------------------------------
 Starting ... at YYYY MM DD HH MM SS = 
                 2017  9  5 10 45 48
 Program preprocess
 --------------------------------------

 set_nml_output Echo NML values to log file only
 Path names of default obs_def and obs_kind modules
 ../../../obs_def/DEFAULT_obs_def_mod.F90
 ../../../obs_kind/DEFAULT_obs_kind_mod.F90
 Path names of output obs_def and obs_kind modules
 ../../../obs_def/obs_def_mod.f90
 ../../../obs_kind/obs_kind_mod.f90
 INPUT obs_def files follow:
 ../../../obs_def/obs_def_eval_mod.f90
 INPUT model files follow:
 preprocess Finished successfully.

 --------------------------------------
 Finished ... at YYYY MM DD HH MM SS = 
                 2017  9  5 10 45 48
 Program preprocess
 --------------------------------------


 --------------------------------------
 Starting ... at YYYY MM DD HH MM SS = 
                 2017  9  5 10 47 42
 Program TEXT_TO_OBS
 --------------------------------------

 set_nml_output Echo NML values to log file only

 --------------------------------------
 Starting ... at YYYY MM DD HH MM SS = 
                 2017  9  5 11  4 31
 Program preprocess
 --------------------------------------

 set_nml_output Echo NML values to log file only
 Path names of default obs_def and obs_kind modules
 ../../../obs_def/DEFAULT_obs_def_mod.F90
 ../../../obs_kind/DEFAULT_obs_kind_mod.F90
 Path names of output obs_def and obs_kind modules
 ../../../obs_def/obs_def_mod.f90
 ../../../obs_kind/obs_kind_mod.f90
 INPUT obs_def files follow:
 ../../../obs_def/obs_def_eval_mod.f90
 INPUT model files follow:
 preprocess Finished successfully.

 --------------------------------------
 Finished ... at YYYY MM DD HH MM SS = 
                 2017  9  5 11  4 31
 Program preprocess
 --------------------------------------


 --------------------------------------
 Starting ... at YYYY MM DD HH MM SS = 
                 2017  9  5 11  5 16
 Program preprocess
 --------------------------------------

 set_nml_output Echo NML values to log file only
 Path names of default obs_def and obs_kind modules
 ../../../obs_def/DEFAULT_obs_def_mod.F90
 ../../../obs_kind/DEFAULT_obs_kind_mod.F90
 Path names of output obs_def and obs_kind modules
 ../../../obs_def/obs_def_mod.f90
 ../../../obs_kind/obs_kind_mod.f90
 INPUT obs_def files follow:
 ../../../obs_def/obs_def_eval_mod.f90
 INPUT model files follow:
 preprocess Finished successfully.

 --------------------------------------
 Finished ... at YYYY MM DD HH MM SS = 
                 2017  9  5 11  5 16
 Program preprocess
 --------------------------------------


 --------------------------------------
 Starting ... at YYYY MM DD HH MM SS = 
                 2017  9  5 11  7 53
 Program preprocess
 --------------------------------------

 set_nml_output Echo NML values to log file only
 Path names of default obs_def and obs_kind modules
 ../../../obs_def/DEFAULT_obs_def_mod.F90
 ../../../obs_kind/DEFAULT_obs_kind_mod.F90
 Path names of output obs_def and obs_kind modules
 ../../../obs_def/obs_def_mod.f90
 ../../../obs_kind/obs_kind_mod.f90
 INPUT obs_def files follow:
 ../../../obs_def/obs_def_eval_mod.f90
 INPUT model files follow:
 preprocess Finished successfully.

 --------------------------------------
 Finished ... at YYYY MM DD HH MM SS = 
                 2017  9  5 11  7 53
 Program preprocess
 --------------------------------------


 --------------------------------------
 Starting ... at YYYY MM DD HH MM SS = 
                 2017  9  5 11 11 54
 Program preprocess
 --------------------------------------

 set_nml_output Echo NML values to log file only
 Path names of default obs_def and obs_kind modules
 ../../../obs_def/DEFAULT_obs_def_mod.F90
 ../../../obs_kind/DEFAULT_obs_kind_mod.F90
 Path names of output obs_def and obs_kind modules
 ../../../obs_def/obs_def_mod.f90
 ../../../obs_kind/obs_kind_mod.f90
 INPUT obs_def files follow:
 ../../../obs_def/obs_def_eval_mod.f90
 INPUT model files follow:
 preprocess Finished successfully.

 --------------------------------------
 Finished ... at YYYY MM DD HH MM SS = 
                 2017  9  5 11 11 54
 Program preprocess
 --------------------------------------


 --------------------------------------
 Starting ... at YYYY MM DD HH MM SS = 
                 2017  9  5 11 12 33
 Program preprocess
 --------------------------------------

 set_nml_output Echo NML values to log file only
 Path names of default obs_def and obs_kind modules
 ../../../obs_def/DEFAULT_obs_def_mod.F90
 ../../../obs_kind/DEFAULT_obs_kind_mod.F90
 Path names of output obs_def and obs_kind modules
 ../../../obs_def/obs_def_mod.f90
 ../../../obs_kind/obs_kind_mod.f90
 INPUT obs_def files follow:
 ../../../obs_def/obs_def_eval_mod.f90
 INPUT model files follow:
 preprocess Finished successfully.

 --------------------------------------
 Finished ... at YYYY MM DD HH MM SS = 
                 2017  9  5 11 12 33
 Program preprocess
 --------------------------------------


 --------------------------------------
 Starting ... at YYYY MM DD HH MM SS = 
                 2017  9  5 11 14 24
 Program preprocess
 --------------------------------------

 set_nml_output Echo NML values to log file only
 Path names of default obs_def and obs_kind modules
 ../../../obs_def/DEFAULT_obs_def_mod.F90
 ../../../obs_kind/DEFAULT_obs_kind_mod.F90
 Path names of output obs_def and obs_kind modules
 ../../../obs_def/obs_def_mod.f90
 ../../../obs_kind/obs_kind_mod.f90
 INPUT obs_def files follow:
 ../../../obs_def/obs_def_eval_mod.f90
 INPUT model files follow:
 preprocess Finished successfully.

 --------------------------------------
 Finished ... at YYYY MM DD HH MM SS = 
                 2017  9  5 11 14 24
 Program preprocess
 --------------------------------------


 --------------------------------------
 Starting ... at YYYY MM DD HH MM SS = 
                 2017  9  5 11 34 49
 Program preprocess
 --------------------------------------

 set_nml_output Echo NML values to log file only
 Path names of default obs_def and obs_kind modules
 ../../../obs_def/DEFAULT_obs_def_mod.F90
 ../../../obs_kind/DEFAULT_obs_kind_mod.F90
 Path names of output obs_def and obs_kind modules
 ../../../obs_def/obs_def_mod.f90
 ../../../obs_kind/obs_kind_mod.f90
 INPUT obs_def files follow:
 ../../../obs_def/obs_def_eval_mod.f90
 INPUT model files follow:
 preprocess Finished successfully.

 --------------------------------------
 Finished ... at YYYY MM DD HH MM SS = 
                 2017  9  5 11 34 49
 Program preprocess
 --------------------------------------


 --------------------------------------
 Starting ... at YYYY MM DD HH MM SS = 
                 2017  9  5 11 41 55
 Program preprocess
 --------------------------------------

 set_nml_output Echo NML values to log file only
 Path names of default obs_def and obs_kind modules
 ../../../obs_def/DEFAULT_obs_def_mod.F90
 ../../../obs_kind/DEFAULT_obs_kind_mod.F90
 Path names of output obs_def and obs_kind modules
 ../../../obs_def/obs_def_mod.f90
 ../../../obs_kind/obs_kind_mod.f90
 INPUT obs_def files follow:
 ../../../obs_def/obs_def_eval_mod.f90
 INPUT model files follow:
 preprocess Finished successfully.

 --------------------------------------
 Finished ... at YYYY MM DD HH MM SS = 
                 2017  9  5 11 41 55
 Program preprocess
 --------------------------------------


 --------------------------------------
 Starting ... at YYYY MM DD HH MM SS = 
                 2017  9  5 11 43 50
 Program TEXT_TO_OBS
 --------------------------------------

 set_nml_output Echo NML values to log file only

 --------------------------------------
 Starting ... at YYYY MM DD HH MM SS = 
                 2017  9  5 11 51 49
 Program preprocess
 --------------------------------------

 set_nml_output Echo NML values to log file only
 Path names of default obs_def and obs_kind modules
 ../../../obs_def/DEFAULT_obs_def_mod.F90
 ../../../obs_kind/DEFAULT_obs_kind_mod.F90
 Path names of output obs_def and obs_kind modules
 ../../../obs_def/obs_def_mod.f90
 ../../../obs_kind/obs_kind_mod.f90
 INPUT obs_def files follow:
 ../../../obs_def/obs_def_eval_mod.f90
 INPUT model files follow:
 preprocess Finished successfully.

 --------------------------------------
 Finished ... at YYYY MM DD HH MM SS = 
                 2017  9  5 11 51 49
 Program preprocess
 --------------------------------------


 --------------------------------------
 Starting ... at YYYY MM DD HH MM SS = 
                 2017  9  5 11 54 31
 Program TEXT_TO_OBS
 --------------------------------------

 set_nml_output Echo NML values to log file only

 --------------------------------------
 Starting ... at YYYY MM DD HH MM SS = 
                 2017  9  5 11 54 36
 Program preprocess
 --------------------------------------

 set_nml_output Echo NML values to log file only
 Path names of default obs_def and obs_kind modules
 ../../../obs_def/DEFAULT_obs_def_mod.F90
 ../../../obs_kind/DEFAULT_obs_kind_mod.F90
 Path names of output obs_def and obs_kind modules
 ../../../obs_def/obs_def_mod.f90
 ../../../obs_kind/obs_kind_mod.f90
 INPUT obs_def files follow:
 ../../../obs_def/obs_def_eval_mod.f90
 INPUT model files follow:
 preprocess Finished successfully.

 --------------------------------------
 Finished ... at YYYY MM DD HH MM SS = 
                 2017  9  5 11 54 36
 Program preprocess
 --------------------------------------


 --------------------------------------
 Starting ... at YYYY MM DD HH MM SS = 
                 2017  9  5 11 54 52
 Program TEXT_TO_OBS
 --------------------------------------

 set_nml_output Echo NML values to log file only

 --------------------------------------
 Starting ... at YYYY MM DD HH MM SS = 
                 2017  9  5 12 37  0
 Program preprocess
 --------------------------------------

 set_nml_output Echo NML values to log file only
 Path names of default obs_def and obs_kind modules
 ../../../obs_def/DEFAULT_obs_def_mod.F90
 ../../../obs_kind/DEFAULT_obs_kind_mod.F90
 Path names of output obs_def and obs_kind modules
 ../../../obs_def/obs_def_mod.f90
 ../../../obs_kind/obs_kind_mod.f90
 INPUT obs_def files follow:
 ../../../obs_def/obs_def_eval_mod.f90
 INPUT model files follow:
 preprocess Finished successfully.

 --------------------------------------
 Finished ... at YYYY MM DD HH MM SS = 
                 2017  9  5 12 37  0
 Program preprocess
 --------------------------------------


 --------------------------------------
 Starting ... at YYYY MM DD HH MM SS = 
                 2017  9  5 17 32 20
 Program preprocess
 --------------------------------------

 set_nml_output Echo NML values to log file only
 Path names of default obs_def and obs_kind modules
 ../../../obs_def/DEFAULT_obs_def_mod.F90
 ../../../obs_kind/DEFAULT_obs_kind_mod.F90
 Path names of output obs_def and obs_kind modules
 ../../../obs_def/obs_def_mod.f90
 ../../../obs_kind/obs_kind_mod.f90
 INPUT obs_def files follow:
 ../../../obs_def/obs_def_eval_mod.f90
 INPUT model files follow:
 preprocess Finished successfully.

 --------------------------------------
 Finished ... at YYYY MM DD HH MM SS = 
                 2017  9  5 17 32 20
 Program preprocess
 --------------------------------------


 --------------------------------------
 Starting ... at YYYY MM DD HH MM SS = 
                 2017  9  5 17 34 21
 Program preprocess
 --------------------------------------

 set_nml_output Echo NML values to log file only
 Path names of default obs_def and obs_kind modules
 ../../../obs_def/DEFAULT_obs_def_mod.F90
 ../../../obs_kind/DEFAULT_obs_kind_mod.F90
 Path names of output obs_def and obs_kind modules
 ../../../obs_def/obs_def_mod.f90
 ../../../obs_kind/obs_kind_mod.f90
 INPUT obs_def files follow:
 ../../../obs_def/obs_def_eval_mod.f90
 INPUT model files follow:
 preprocess Finished successfully.

 --------------------------------------
 Finished ... at YYYY MM DD HH MM SS = 
                 2017  9  5 17 34 21
 Program preprocess
 --------------------------------------


 --------------------------------------
 Starting ... at YYYY MM DD HH MM SS = 
                 2017  9  5 17 34 46
 Program preprocess
 --------------------------------------

 set_nml_output Echo NML values to log file only
 Path names of default obs_def and obs_kind modules
 ../../../obs_def/DEFAULT_obs_def_mod.F90
 ../../../obs_kind/DEFAULT_obs_kind_mod.F90
 Path names of output obs_def and obs_kind modules
 ../../../obs_def/obs_def_mod.f90
 ../../../obs_kind/obs_kind_mod.f90
 INPUT obs_def files follow:
 ../../../obs_def/obs_def_eval_mod.f90
 INPUT model files follow:
 preprocess Finished successfully.

 --------------------------------------
 Finished ... at YYYY MM DD HH MM SS = 
                 2017  9  5 17 34 46
 Program preprocess
 --------------------------------------


 --------------------------------------
 Starting ... at YYYY MM DD HH MM SS = 
                 2017  9  5 17 35 23
 Program preprocess
 --------------------------------------

 set_nml_output Echo NML values to log file only
 Path names of default obs_def and obs_kind modules
 ../../../obs_def/DEFAULT_obs_def_mod.F90
 ../../../obs_kind/DEFAULT_obs_kind_mod.F90
 Path names of output obs_def and obs_kind modules
 ../../../obs_def/obs_def_mod.f90
 ../../../obs_kind/obs_kind_mod.f90
 INPUT obs_def files follow:
 ../../../obs_def/obs_def_eval_mod.f90
 INPUT model files follow:
 preprocess Finished successfully.

 --------------------------------------
 Finished ... at YYYY MM DD HH MM SS = 
                 2017  9  5 17 35 23
 Program preprocess
 --------------------------------------


 --------------------------------------
 Starting ... at YYYY MM DD HH MM SS = 
                 2017  9  5 17 46  5
 Program preprocess
 --------------------------------------

 set_nml_output Echo NML values to log file only
 Path names of default obs_def and obs_kind modules
 ../../../obs_def/DEFAULT_obs_def_mod.F90
 ../../../obs_kind/DEFAULT_obs_kind_mod.F90
 Path names of output obs_def and obs_kind modules
 ../../../obs_def/obs_def_mod.f90
 ../../../obs_kind/obs_kind_mod.f90
 INPUT obs_def files follow:
 ../../../obs_def/obs_def_eval_mod.f90
 INPUT model files follow:
 preprocess Finished successfully.

 --------------------------------------
 Finished ... at YYYY MM DD HH MM SS = 
                 2017  9  5 17 46  5
 Program preprocess
 --------------------------------------


 --------------------------------------
 Starting ... at YYYY MM DD HH MM SS = 
                 2017  9  5 17 46 54
 Program TEXT_TO_OBS
 --------------------------------------

 set_nml_output Echo NML values to log file only

 --------------------------------------
 Starting ... at YYYY MM DD HH MM SS = 
                 2017  9  5 19 54 43
 Program preprocess
 --------------------------------------

 set_nml_output Echo NML values to log file only
 Path names of default obs_def and obs_kind modules
 ../../../obs_def/DEFAULT_obs_def_mod.F90
 ../../../obs_kind/DEFAULT_obs_kind_mod.F90
 Path names of output obs_def and obs_kind modules
 ../../../obs_def/obs_def_mod.f90
 ../../../obs_kind/obs_kind_mod.f90
 INPUT obs_def files follow:
 ../../../obs_def/obs_def_eval_mod.f90
 INPUT model files follow:
 preprocess Finished successfully.

 --------------------------------------
 Finished ... at YYYY MM DD HH MM SS = 
                 2017  9  5 19 54 43
 Program preprocess
 --------------------------------------


 --------------------------------------
 Starting ... at YYYY MM DD HH MM SS = 
                 2017  9  5 19 55 43
 Program preprocess
 --------------------------------------

 set_nml_output Echo NML values to log file only
 Path names of default obs_def and obs_kind modules
 ../../../obs_def/DEFAULT_obs_def_mod.F90
 ../../../obs_kind/DEFAULT_obs_kind_mod.F90
 Path names of output obs_def and obs_kind modules
 ../../../obs_def/obs_def_mod.f90
 ../../../obs_kind/obs_kind_mod.f90
 INPUT obs_def files follow:
 ../../../obs_def/obs_def_eval_mod.f90
 INPUT model files follow:
 preprocess Finished successfully.

 --------------------------------------
 Finished ... at YYYY MM DD HH MM SS = 
                 2017  9  5 19 55 43
 Program preprocess
 --------------------------------------


 --------------------------------------
 Starting ... at YYYY MM DD HH MM SS = 
                 2017  9  5 19 56 44
 Program TEXT_TO_OBS
 --------------------------------------

 set_nml_output Echo NML values to log file only

 --------------------------------------
 Starting ... at YYYY MM DD HH MM SS = 
                 2017  9  5 20 24 28
 Program preprocess
 --------------------------------------

 set_nml_output Echo NML values to log file only
 Path names of default obs_def and obs_kind modules
 ../../../obs_def/DEFAULT_obs_def_mod.F90
 ../../../obs_kind/DEFAULT_obs_kind_mod.F90
 Path names of output obs_def and obs_kind modules
 ../../../obs_def/obs_def_mod.f90
 ../../../obs_kind/obs_kind_mod.f90
 INPUT obs_def files follow:
 ../../../obs_def/obs_def_eval_mod.f90
 INPUT model files follow:
 preprocess Finished successfully.

 --------------------------------------
 Finished ... at YYYY MM DD HH MM SS = 
                 2017  9  5 20 24 28
 Program preprocess
 --------------------------------------


 --------------------------------------
 Starting ... at YYYY MM DD HH MM SS = 
                 2017  9  5 20 26 29
 Program preprocess
 --------------------------------------

 set_nml_output Echo NML values to log file only
 Path names of default obs_def and obs_kind modules
 ../../../obs_def/DEFAULT_obs_def_mod.F90
 ../../../obs_kind/DEFAULT_obs_kind_mod.F90
 Path names of output obs_def and obs_kind modules
 ../../../obs_def/obs_def_mod.f90
 ../../../obs_kind/obs_kind_mod.f90
 INPUT obs_def files follow:
 ../../../obs_def/obs_def_eval_mod.f90
 INPUT model files follow:
 preprocess Finished successfully.

 --------------------------------------
 Finished ... at YYYY MM DD HH MM SS = 
                 2017  9  5 20 26 29
 Program preprocess
 --------------------------------------


 --------------------------------------
 Starting ... at YYYY MM DD HH MM SS = 
                 2017  9  5 20 28  4
 Program preprocess
 --------------------------------------

 set_nml_output Echo NML values to log file only
 Path names of default obs_def and obs_kind modules
 ../../../obs_def/DEFAULT_obs_def_mod.F90
 ../../../obs_kind/DEFAULT_obs_kind_mod.F90
 Path names of output obs_def and obs_kind modules
 ../../../obs_def/obs_def_mod.f90
 ../../../obs_kind/obs_kind_mod.f90
 INPUT obs_def files follow:
 ../../../obs_def/obs_def_eval_mod.f90
 INPUT model files follow:
 preprocess Finished successfully.

 --------------------------------------
 Finished ... at YYYY MM DD HH MM SS = 
                 2017  9  5 20 28  4
 Program preprocess
 --------------------------------------


 --------------------------------------
 Starting ... at YYYY MM DD HH MM SS = 
                 2017  9  5 20 28 18
 Program TEXT_TO_OBS
 --------------------------------------

 set_nml_output Echo NML values to log file only

 --------------------------------------
 Starting ... at YYYY MM DD HH MM SS = 
                 2017  9  5 20 29 41
 Program preprocess
 --------------------------------------

 set_nml_output Echo NML values to log file only
 Path names of default obs_def and obs_kind modules
 ../../../obs_def/DEFAULT_obs_def_mod.F90
 ../../../obs_kind/DEFAULT_obs_kind_mod.F90
 Path names of output obs_def and obs_kind modules
 ../../../obs_def/obs_def_mod.f90
 ../../../obs_kind/obs_kind_mod.f90
 INPUT obs_def files follow:
 ../../../obs_def/obs_def_eval_mod.f90
 INPUT model files follow:
 preprocess Finished successfully.

 --------------------------------------
 Finished ... at YYYY MM DD HH MM SS = 
                 2017  9  5 20 29 41
 Program preprocess
 --------------------------------------


 --------------------------------------
 Starting ... at YYYY MM DD HH MM SS = 
                 2017  9  5 20 29 54
 Program TEXT_TO_OBS
 --------------------------------------

 set_nml_output Echo NML values to log file only

 --------------------------------------
 Starting ... at YYYY MM DD HH MM SS = 
                 2017  9  5 20 31  9
 Program preprocess
 --------------------------------------

 set_nml_output Echo NML values to log file only
 Path names of default obs_def and obs_kind modules
 ../../../obs_def/DEFAULT_obs_def_mod.F90
 ../../../obs_kind/DEFAULT_obs_kind_mod.F90
 Path names of output obs_def and obs_kind modules
 ../../../obs_def/obs_def_mod.f90
 ../../../obs_kind/obs_kind_mod.f90
 INPUT obs_def files follow:
 ../../../obs_def/obs_def_eval_mod.f90
 INPUT model files follow:
 preprocess Finished successfully.

 --------------------------------------
 Finished ... at YYYY MM DD HH MM SS = 
                 2017  9  5 20 31  9
 Program preprocess
 --------------------------------------


 --------------------------------------
 Starting ... at YYYY MM DD HH MM SS = 
                 2017  9  5 20 32 18
 Program preprocess
 --------------------------------------

 set_nml_output Echo NML values to log file only
 Path names of default obs_def and obs_kind modules
 ../../../obs_def/DEFAULT_obs_def_mod.F90
 ../../../obs_kind/DEFAULT_obs_kind_mod.F90
 Path names of output obs_def and obs_kind modules
 ../../../obs_def/obs_def_mod.f90
 ../../../obs_kind/obs_kind_mod.f90
 INPUT obs_def files follow:
 ../../../obs_def/obs_def_eval_mod.f90
 INPUT model files follow:
 preprocess Finished successfully.

 --------------------------------------
 Finished ... at YYYY MM DD HH MM SS = 
                 2017  9  5 20 32 18
 Program preprocess
 --------------------------------------


 --------------------------------------
 Starting ... at YYYY MM DD HH MM SS = 
                 2017  9  5 20 32 32
 Program TEXT_TO_OBS
 --------------------------------------

 set_nml_output Echo NML values to log file only

 --------------------------------------
 Starting ... at YYYY MM DD HH MM SS = 
                 2017  9  5 20 35 45
 Program preprocess
 --------------------------------------

 set_nml_output Echo NML values to log file only
 Path names of default obs_def and obs_kind modules
 ../../../obs_def/DEFAULT_obs_def_mod.F90
 ../../../obs_kind/DEFAULT_obs_kind_mod.F90
 Path names of output obs_def and obs_kind modules
 ../../../obs_def/obs_def_mod.f90
 ../../../obs_kind/obs_kind_mod.f90
 INPUT obs_def files follow:
 ../../../obs_def/obs_def_eval_mod.f90
 INPUT model files follow:
 preprocess Finished successfully.

 --------------------------------------
 Finished ... at YYYY MM DD HH MM SS = 
                 2017  9  5 20 35 45
 Program preprocess
 --------------------------------------


 --------------------------------------
 Starting ... at YYYY MM DD HH MM SS = 
                 2017  9  5 20 35 58
 Program TEXT_TO_OBS
 --------------------------------------

 set_nml_output Echo NML values to log file only

 --------------------------------------
 Starting ... at YYYY MM DD HH MM SS = 
                 2017  9  5 20 37 30
 Program preprocess
 --------------------------------------

 set_nml_output Echo NML values to log file only
 Path names of default obs_def and obs_kind modules
 ../../../obs_def/DEFAULT_obs_def_mod.F90
 ../../../obs_kind/DEFAULT_obs_kind_mod.F90
 Path names of output obs_def and obs_kind modules
 ../../../obs_def/obs_def_mod.f90
 ../../../obs_kind/obs_kind_mod.f90
 INPUT obs_def files follow:
 ../../../obs_def/obs_def_eval_mod.f90
 INPUT model files follow:
 preprocess Finished successfully.

 --------------------------------------
 Finished ... at YYYY MM DD HH MM SS = 
                 2017  9  5 20 37 30
 Program preprocess
 --------------------------------------


 --------------------------------------
 Starting ... at YYYY MM DD HH MM SS = 
                 2017  9  5 20 37 43
 Program TEXT_TO_OBS
 --------------------------------------

 set_nml_output Echo NML values to log file only

 --------------------------------------
 Starting ... at YYYY MM DD HH MM SS = 
                 2017  9  5 20 39  8
 Program preprocess
 --------------------------------------

 set_nml_output Echo NML values to log file only
 Path names of default obs_def and obs_kind modules
 ../../../obs_def/DEFAULT_obs_def_mod.F90
 ../../../obs_kind/DEFAULT_obs_kind_mod.F90
 Path names of output obs_def and obs_kind modules
 ../../../obs_def/obs_def_mod.f90
 ../../../obs_kind/obs_kind_mod.f90
 INPUT obs_def files follow:
 ../../../obs_def/obs_def_eval_mod.f90
 INPUT model files follow:
 preprocess Finished successfully.

 --------------------------------------
 Finished ... at YYYY MM DD HH MM SS = 
                 2017  9  5 20 39  8
 Program preprocess
 --------------------------------------


 --------------------------------------
 Starting ... at YYYY MM DD HH MM SS = 
                 2017  9  5 20 39 21
 Program TEXT_TO_OBS
 --------------------------------------

 set_nml_output Echo NML values to log file only

 --------------------------------------
 Starting ... at YYYY MM DD HH MM SS = 
                 2017  9  5 20 40 36
 Program preprocess
 --------------------------------------

 set_nml_output Echo NML values to log file only
 Path names of default obs_def and obs_kind modules
 ../../../obs_def/DEFAULT_obs_def_mod.F90
 ../../../obs_kind/DEFAULT_obs_kind_mod.F90
 Path names of output obs_def and obs_kind modules
 ../../../obs_def/obs_def_mod.f90
 ../../../obs_kind/obs_kind_mod.f90
 INPUT obs_def files follow:
 ../../../obs_def/obs_def_eval_mod.f90
 INPUT model files follow:
 preprocess Finished successfully.

 --------------------------------------
 Finished ... at YYYY MM DD HH MM SS = 
                 2017  9  5 20 40 36
 Program preprocess
 --------------------------------------


 --------------------------------------
 Starting ... at YYYY MM DD HH MM SS = 
                 2017  9  5 20 42 22
 Program preprocess
 --------------------------------------

 set_nml_output Echo NML values to log file only
 Path names of default obs_def and obs_kind modules
 ../../../obs_def/DEFAULT_obs_def_mod.F90
 ../../../obs_kind/DEFAULT_obs_kind_mod.F90
 Path names of output obs_def and obs_kind modules
 ../../../obs_def/obs_def_mod.f90
 ../../../obs_kind/obs_kind_mod.f90
 INPUT obs_def files follow:
 ../../../obs_def/obs_def_eval_mod.f90
 INPUT model files follow:
 preprocess Finished successfully.

 --------------------------------------
 Finished ... at YYYY MM DD HH MM SS = 
                 2017  9  5 20 42 22
 Program preprocess
 --------------------------------------


 --------------------------------------
 Starting ... at YYYY MM DD HH MM SS = 
                 2017  9  5 20 43 12
 Program preprocess
 --------------------------------------

 set_nml_output Echo NML values to log file only
 Path names of default obs_def and obs_kind modules
 ../../../obs_def/DEFAULT_obs_def_mod.F90
 ../../../obs_kind/DEFAULT_obs_kind_mod.F90
 Path names of output obs_def and obs_kind modules
 ../../../obs_def/obs_def_mod.f90
 ../../../obs_kind/obs_kind_mod.f90
 INPUT obs_def files follow:
 ../../../obs_def/obs_def_eval_mod.f90
 INPUT model files follow:
 preprocess Finished successfully.

 --------------------------------------
 Finished ... at YYYY MM DD HH MM SS = 
                 2017  9  5 20 43 12
 Program preprocess
 --------------------------------------


 --------------------------------------
 Starting ... at YYYY MM DD HH MM SS = 
                 2017  9  5 20 44 47
 Program preprocess
 --------------------------------------

 set_nml_output Echo NML values to log file only
 Path names of default obs_def and obs_kind modules
 ../../../obs_def/DEFAULT_obs_def_mod.F90
 ../../../obs_kind/DEFAULT_obs_kind_mod.F90
 Path names of output obs_def and obs_kind modules
 ../../../obs_def/obs_def_mod.f90
 ../../../obs_kind/obs_kind_mod.f90
 INPUT obs_def files follow:
 ../../../obs_def/obs_def_eval_mod.f90
 INPUT model files follow:
 preprocess Finished successfully.

 --------------------------------------
 Finished ... at YYYY MM DD HH MM SS = 
                 2017  9  5 20 44 47
 Program preprocess
 --------------------------------------


 --------------------------------------
 Starting ... at YYYY MM DD HH MM SS = 
                 2017  9  5 20 45  8
 Program TEXT_TO_OBS
 --------------------------------------

 set_nml_output Echo NML values to log file only

 --------------------------------------
 Starting ... at YYYY MM DD HH MM SS = 
                 2017  9  5 20 55 24
 Program preprocess
 --------------------------------------

 set_nml_output Echo NML values to log file only
 Path names of default obs_def and obs_kind modules
 ../../../obs_def/DEFAULT_obs_def_mod.F90
 ../../../obs_kind/DEFAULT_obs_kind_mod.F90
 Path names of output obs_def and obs_kind modules
 ../../../obs_def/obs_def_mod.f90
 ../../../obs_kind/obs_kind_mod.f90
 INPUT obs_def files follow:
 ../../../obs_def/obs_def_eval_mod.f90
 INPUT model files follow:
 preprocess Finished successfully.

 --------------------------------------
 Finished ... at YYYY MM DD HH MM SS = 
                 2017  9  5 20 55 24
 Program preprocess
 --------------------------------------


 --------------------------------------
 Starting ... at YYYY MM DD HH MM SS = 
                 2017  9  5 20 56  0
 Program TEXT_TO_OBS
 --------------------------------------

 set_nml_output Echo NML values to log file only

 --------------------------------------
 Starting ... at YYYY MM DD HH MM SS = 
                 2017  9  5 20 59  4
 Program preprocess
 --------------------------------------

 set_nml_output Echo NML values to log file only
 Path names of default obs_def and obs_kind modules
 ../../../obs_def/DEFAULT_obs_def_mod.F90
 ../../../obs_kind/DEFAULT_obs_kind_mod.F90
 Path names of output obs_def and obs_kind modules
 ../../../obs_def/obs_def_mod.f90
 ../../../obs_kind/obs_kind_mod.f90
 INPUT obs_def files follow:
 ../../../obs_def/obs_def_eval_mod.f90
 INPUT model files follow:
 preprocess Finished successfully.

 --------------------------------------
 Finished ... at YYYY MM DD HH MM SS = 
                 2017  9  5 20 59  4
 Program preprocess
 --------------------------------------


 --------------------------------------
 Starting ... at YYYY MM DD HH MM SS = 
                 2017  9  5 21  0 44
 Program preprocess
 --------------------------------------

 set_nml_output Echo NML values to log file only
 Path names of default obs_def and obs_kind modules
 ../../../obs_def/DEFAULT_obs_def_mod.F90
 ../../../obs_kind/DEFAULT_obs_kind_mod.F90
 Path names of output obs_def and obs_kind modules
 ../../../obs_def/obs_def_mod.f90
 ../../../obs_kind/obs_kind_mod.f90
 INPUT obs_def files follow:
 ../../../obs_def/obs_def_eval_mod.f90
 INPUT model files follow:
 preprocess Finished successfully.

 --------------------------------------
 Finished ... at YYYY MM DD HH MM SS = 
                 2017  9  5 21  0 44
 Program preprocess
 --------------------------------------


 --------------------------------------
 Starting ... at YYYY MM DD HH MM SS = 
                 2017  9  5 21  1 26
 Program preprocess
 --------------------------------------

 set_nml_output Echo NML values to log file only
 Path names of default obs_def and obs_kind modules
 ../../../obs_def/DEFAULT_obs_def_mod.F90
 ../../../obs_kind/DEFAULT_obs_kind_mod.F90
 Path names of output obs_def and obs_kind modules
 ../../../obs_def/obs_def_mod.f90
 ../../../obs_kind/obs_kind_mod.f90
 INPUT obs_def files follow:
 ../../../obs_def/obs_def_eval_mod.f90
 INPUT model files follow:
 preprocess Finished successfully.

 --------------------------------------
 Finished ... at YYYY MM DD HH MM SS = 
                 2017  9  5 21  1 26
 Program preprocess
 --------------------------------------


 --------------------------------------
 Starting ... at YYYY MM DD HH MM SS = 
                 2017  9  5 21  1 51
 Program TEXT_TO_OBS
 --------------------------------------

 set_nml_output Echo NML values to log file only

 --------------------------------------
 Starting ... at YYYY MM DD HH MM SS = 
                 2017  9  5 21  4 41
 Program preprocess
 --------------------------------------

 set_nml_output Echo NML values to log file only
 Path names of default obs_def and obs_kind modules
 ../../../obs_def/DEFAULT_obs_def_mod.F90
 ../../../obs_kind/DEFAULT_obs_kind_mod.F90
 Path names of output obs_def and obs_kind modules
 ../../../obs_def/obs_def_mod.f90
 ../../../obs_kind/obs_kind_mod.f90
 INPUT obs_def files follow:
 ../../../obs_def/obs_def_eval_mod.f90
 INPUT model files follow:
 preprocess Finished successfully.

 --------------------------------------
 Finished ... at YYYY MM DD HH MM SS = 
                 2017  9  5 21  4 41
 Program preprocess
 --------------------------------------


 --------------------------------------
 Starting ... at YYYY MM DD HH MM SS = 
                 2017  9  5 21  8 24
 Program preprocess
 --------------------------------------

 set_nml_output Echo NML values to log file only
 Path names of default obs_def and obs_kind modules
 ../../../obs_def/DEFAULT_obs_def_mod.F90
 ../../../obs_kind/DEFAULT_obs_kind_mod.F90
 Path names of output obs_def and obs_kind modules
 ../../../obs_def/obs_def_mod.f90
 ../../../obs_kind/obs_kind_mod.f90
 INPUT obs_def files follow:
 ../../../obs_def/obs_def_eval_mod.f90
 INPUT model files follow:
 preprocess Finished successfully.

 --------------------------------------
 Finished ... at YYYY MM DD HH MM SS = 
                 2017  9  5 21  8 24
 Program preprocess
 --------------------------------------


 --------------------------------------
 Starting ... at YYYY MM DD HH MM SS = 
                 2017  9  5 21  8 45
 Program TEXT_TO_OBS
 --------------------------------------

 set_nml_output Echo NML values to log file only

 --------------------------------------
 Starting ... at YYYY MM DD HH MM SS = 
                 2017  9  5 21 12 45
 Program preprocess
 --------------------------------------

 set_nml_output Echo NML values to log file only
 Path names of default obs_def and obs_kind modules
 ../../../obs_def/DEFAULT_obs_def_mod.F90
 ../../../obs_kind/DEFAULT_obs_kind_mod.F90
 Path names of output obs_def and obs_kind modules
 ../../../obs_def/obs_def_mod.f90
 ../../../obs_kind/obs_kind_mod.f90
 INPUT obs_def files follow:
 ../../../obs_def/obs_def_eval_mod.f90
 INPUT model files follow:
 preprocess Finished successfully.

 --------------------------------------
 Finished ... at YYYY MM DD HH MM SS = 
                 2017  9  5 21 12 45
 Program preprocess
 --------------------------------------


 --------------------------------------
 Starting ... at YYYY MM DD HH MM SS = 
                 2017  9  5 21 16  2
 Program preprocess
 --------------------------------------

 set_nml_output Echo NML values to log file only
 Path names of default obs_def and obs_kind modules
 ../../../obs_def/DEFAULT_obs_def_mod.F90
 ../../../obs_kind/DEFAULT_obs_kind_mod.F90
 Path names of output obs_def and obs_kind modules
 ../../../obs_def/obs_def_mod.f90
 ../../../obs_kind/obs_kind_mod.f90
 INPUT obs_def files follow:
 ../../../obs_def/obs_def_eval_mod.f90
 INPUT model files follow:
 preprocess Finished successfully.

 --------------------------------------
 Finished ... at YYYY MM DD HH MM SS = 
                 2017  9  5 21 16  2
 Program preprocess
 --------------------------------------


 --------------------------------------
 Starting ... at YYYY MM DD HH MM SS = 
                 2017  9  5 21 16 31
 Program preprocess
 --------------------------------------

 set_nml_output Echo NML values to log file only
 Path names of default obs_def and obs_kind modules
 ../../../obs_def/DEFAULT_obs_def_mod.F90
 ../../../obs_kind/DEFAULT_obs_kind_mod.F90
 Path names of output obs_def and obs_kind modules
 ../../../obs_def/obs_def_mod.f90
 ../../../obs_kind/obs_kind_mod.f90
 INPUT obs_def files follow:
 ../../../obs_def/obs_def_eval_mod.f90
 INPUT model files follow:
 preprocess Finished successfully.

 --------------------------------------
 Finished ... at YYYY MM DD HH MM SS = 
                 2017  9  5 21 16 31
 Program preprocess
 --------------------------------------


 --------------------------------------
 Starting ... at YYYY MM DD HH MM SS = 
                 2017  9  5 21 17 17
 Program preprocess
 --------------------------------------

 set_nml_output Echo NML values to log file only
 Path names of default obs_def and obs_kind modules
 ../../../obs_def/DEFAULT_obs_def_mod.F90
 ../../../obs_kind/DEFAULT_obs_kind_mod.F90
 Path names of output obs_def and obs_kind modules
 ../../../obs_def/obs_def_mod.f90
 ../../../obs_kind/obs_kind_mod.f90
 INPUT obs_def files follow:
 ../../../obs_def/obs_def_eval_mod.f90
 INPUT model files follow:
 preprocess Finished successfully.

 --------------------------------------
 Finished ... at YYYY MM DD HH MM SS = 
                 2017  9  5 21 17 17
 Program preprocess
 --------------------------------------


 --------------------------------------
 Starting ... at YYYY MM DD HH MM SS = 
                 2017  9  5 21 17 30
 Program TEXT_TO_OBS
 --------------------------------------

 set_nml_output Echo NML values to log file only

 --------------------------------------
 Starting ... at YYYY MM DD HH MM SS = 
                 2017  9  5 21 24 34
 Program preprocess
 --------------------------------------

 set_nml_output Echo NML values to log file only
 Path names of default obs_def and obs_kind modules
 ../../../obs_def/DEFAULT_obs_def_mod.F90
 ../../../obs_kind/DEFAULT_obs_kind_mod.F90
 Path names of output obs_def and obs_kind modules
 ../../../obs_def/obs_def_mod.f90
 ../../../obs_kind/obs_kind_mod.f90
 INPUT obs_def files follow:
 ../../../obs_def/obs_def_eval_mod.f90
 INPUT model files follow:
 preprocess Finished successfully.

 --------------------------------------
 Finished ... at YYYY MM DD HH MM SS = 
                 2017  9  5 21 24 34
 Program preprocess
 --------------------------------------


 --------------------------------------
 Starting ... at YYYY MM DD HH MM SS = 
                 2017  9  5 21 24 47
 Program TEXT_TO_OBS
 --------------------------------------

 set_nml_output Echo NML values to log file only

 --------------------------------------
 Starting ... at YYYY MM DD HH MM SS = 
                 2017  9  5 21 25 41
 Program preprocess
 --------------------------------------

 set_nml_output Echo NML values to log file only
 Path names of default obs_def and obs_kind modules
 ../../../obs_def/DEFAULT_obs_def_mod.F90
 ../../../obs_kind/DEFAULT_obs_kind_mod.F90
 Path names of output obs_def and obs_kind modules
 ../../../obs_def/obs_def_mod.f90
 ../../../obs_kind/obs_kind_mod.f90
 INPUT obs_def files follow:
 ../../../obs_def/obs_def_eval_mod.f90
 INPUT model files follow:
 preprocess Finished successfully.

 --------------------------------------
 Finished ... at YYYY MM DD HH MM SS = 
                 2017  9  5 21 25 41
 Program preprocess
 --------------------------------------


 --------------------------------------
 Starting ... at YYYY MM DD HH MM SS = 
                 2017  9  5 21 25 55
 Program TEXT_TO_OBS
 --------------------------------------

 set_nml_output Echo NML values to log file only

 --------------------------------------
 Starting ... at YYYY MM DD HH MM SS = 
                 2017  9  5 21 32 12
 Program preprocess
 --------------------------------------

 set_nml_output Echo NML values to log file only
 Path names of default obs_def and obs_kind modules
 ../../../obs_def/DEFAULT_obs_def_mod.F90
 ../../../obs_kind/DEFAULT_obs_kind_mod.F90
 Path names of output obs_def and obs_kind modules
 ../../../obs_def/obs_def_mod.f90
 ../../../obs_kind/obs_kind_mod.f90
 INPUT obs_def files follow:
 ../../../obs_def/obs_def_eval_mod.f90
 INPUT model files follow:
 preprocess Finished successfully.

 --------------------------------------
 Finished ... at YYYY MM DD HH MM SS = 
                 2017  9  5 21 32 12
 Program preprocess
 --------------------------------------


 --------------------------------------
 Starting ... at YYYY MM DD HH MM SS = 
                 2017  9  5 21 33 35
 Program preprocess
 --------------------------------------

 set_nml_output Echo NML values to log file only
 Path names of default obs_def and obs_kind modules
 ../../../obs_def/DEFAULT_obs_def_mod.F90
 ../../../obs_kind/DEFAULT_obs_kind_mod.F90
 Path names of output obs_def and obs_kind modules
 ../../../obs_def/obs_def_mod.f90
 ../../../obs_kind/obs_kind_mod.f90
 INPUT obs_def files follow:
 ../../../obs_def/obs_def_eval_mod.f90
 INPUT model files follow:
 preprocess Finished successfully.

 --------------------------------------
 Finished ... at YYYY MM DD HH MM SS = 
                 2017  9  5 21 33 35
 Program preprocess
 --------------------------------------


 --------------------------------------
 Starting ... at YYYY MM DD HH MM SS = 
                 2017  9  5 21 33 51
 Program TEXT_TO_OBS
 --------------------------------------

 set_nml_output Echo NML values to log file only

 --------------------------------------
 Starting ... at YYYY MM DD HH MM SS = 
                 2017  9  5 21 36 59
 Program preprocess
 --------------------------------------

 set_nml_output Echo NML values to log file only
 Path names of default obs_def and obs_kind modules
 ../../../obs_def/DEFAULT_obs_def_mod.F90
 ../../../obs_kind/DEFAULT_obs_kind_mod.F90
 Path names of output obs_def and obs_kind modules
 ../../../obs_def/obs_def_mod.f90
 ../../../obs_kind/obs_kind_mod.f90
 INPUT obs_def files follow:
 ../../../obs_def/obs_def_eval_mod.f90
 INPUT model files follow:
 preprocess Finished successfully.

 --------------------------------------
 Finished ... at YYYY MM DD HH MM SS = 
                 2017  9  5 21 36 59
 Program preprocess
 --------------------------------------


 --------------------------------------
 Starting ... at YYYY MM DD HH MM SS = 
                 2017  9  5 21 37 15
 Program TEXT_TO_OBS
 --------------------------------------

 set_nml_output Echo NML values to log file only

 --------------------------------------
 Starting ... at YYYY MM DD HH MM SS = 
                 2017  9  5 21 37 46
 Program TEXT_TO_OBS
 --------------------------------------

 set_nml_output Echo NML values to log file only

 --------------------------------------
 Starting ... at YYYY MM DD HH MM SS = 
                 2017  9  5 21 55 42
 Program preprocess
 --------------------------------------

 set_nml_output Echo NML values to log file only
 Path names of default obs_def and obs_kind modules
 ../../../obs_def/DEFAULT_obs_def_mod.F90
 ../../../obs_kind/DEFAULT_obs_kind_mod.F90
 Path names of output obs_def and obs_kind modules
 ../../../obs_def/obs_def_mod.f90
 ../../../obs_kind/obs_kind_mod.f90
 INPUT obs_def files follow:
 ../../../obs_def/obs_def_eval_mod.f90
 INPUT model files follow:
 preprocess Finished successfully.

 --------------------------------------
 Finished ... at YYYY MM DD HH MM SS = 
                 2017  9  5 21 55 42
 Program preprocess
 --------------------------------------


 --------------------------------------
 Starting ... at YYYY MM DD HH MM SS = 
                 2017  9  5 21 57  4
 Program preprocess
 --------------------------------------

 set_nml_output Echo NML values to log file only
 Path names of default obs_def and obs_kind modules
 ../../../obs_def/DEFAULT_obs_def_mod.F90
 ../../../obs_kind/DEFAULT_obs_kind_mod.F90
 Path names of output obs_def and obs_kind modules
 ../../../obs_def/obs_def_mod.f90
 ../../../obs_kind/obs_kind_mod.f90
 INPUT obs_def files follow:
 ../../../obs_def/obs_def_eval_mod.f90
 INPUT model files follow:
 preprocess Finished successfully.

 --------------------------------------
 Finished ... at YYYY MM DD HH MM SS = 
                 2017  9  5 21 57  4
 Program preprocess
 --------------------------------------


 --------------------------------------
 Starting ... at YYYY MM DD HH MM SS = 
                 2017  9  5 21 59 20
 Program preprocess
 --------------------------------------

 set_nml_output Echo NML values to log file only
 Path names of default obs_def and obs_kind modules
 ../../../obs_def/DEFAULT_obs_def_mod.F90
 ../../../obs_kind/DEFAULT_obs_kind_mod.F90
 Path names of output obs_def and obs_kind modules
 ../../../obs_def/obs_def_mod.f90
 ../../../obs_kind/obs_kind_mod.f90
 INPUT obs_def files follow:
 ../../../obs_def/obs_def_eval_mod.f90
 INPUT model files follow:
 preprocess Finished successfully.

 --------------------------------------
 Finished ... at YYYY MM DD HH MM SS = 
                 2017  9  5 21 59 20
 Program preprocess
 --------------------------------------


 --------------------------------------
 Starting ... at YYYY MM DD HH MM SS = 
                 2017  9  5 22  0  1
 Program preprocess
 --------------------------------------

 set_nml_output Echo NML values to log file only
 Path names of default obs_def and obs_kind modules
 ../../../obs_def/DEFAULT_obs_def_mod.F90
 ../../../obs_kind/DEFAULT_obs_kind_mod.F90
 Path names of output obs_def and obs_kind modules
 ../../../obs_def/obs_def_mod.f90
 ../../../obs_kind/obs_kind_mod.f90
 INPUT obs_def files follow:
 ../../../obs_def/obs_def_eval_mod.f90
 INPUT model files follow:
 preprocess Finished successfully.

 --------------------------------------
 Finished ... at YYYY MM DD HH MM SS = 
                 2017  9  5 22  0  1
 Program preprocess
 --------------------------------------


 --------------------------------------
 Starting ... at YYYY MM DD HH MM SS = 
                 2017  9  5 22  0 16
 Program TEXT_TO_OBS
 --------------------------------------

 set_nml_output Echo NML values to log file only

 --------------------------------------
 Starting ... at YYYY MM DD HH MM SS = 
                 2017  9  5 22  2 13
 Program preprocess
 --------------------------------------

 set_nml_output Echo NML values to log file only
 Path names of default obs_def and obs_kind modules
 ../../../obs_def/DEFAULT_obs_def_mod.F90
 ../../../obs_kind/DEFAULT_obs_kind_mod.F90
 Path names of output obs_def and obs_kind modules
 ../../../obs_def/obs_def_mod.f90
 ../../../obs_kind/obs_kind_mod.f90
 INPUT obs_def files follow:
 ../../../obs_def/obs_def_eval_mod.f90
 INPUT model files follow:
 preprocess Finished successfully.

 --------------------------------------
 Finished ... at YYYY MM DD HH MM SS = 
                 2017  9  5 22  2 13
 Program preprocess
 --------------------------------------


 --------------------------------------
 Starting ... at YYYY MM DD HH MM SS = 
                 2017  9  5 22  2 28
 Program TEXT_TO_OBS
 --------------------------------------

 set_nml_output Echo NML values to log file only

 --------------------------------------
 Starting ... at YYYY MM DD HH MM SS = 
                 2017  9  5 22  3  3
 Program preprocess
 --------------------------------------

 set_nml_output Echo NML values to log file only
 Path names of default obs_def and obs_kind modules
 ../../../obs_def/DEFAULT_obs_def_mod.F90
 ../../../obs_kind/DEFAULT_obs_kind_mod.F90
 Path names of output obs_def and obs_kind modules
 ../../../obs_def/obs_def_mod.f90
 ../../../obs_kind/obs_kind_mod.f90
 INPUT obs_def files follow:
 ../../../obs_def/obs_def_eval_mod.f90
 INPUT model files follow:
 preprocess Finished successfully.

 --------------------------------------
 Finished ... at YYYY MM DD HH MM SS = 
                 2017  9  5 22  3  3
 Program preprocess
 --------------------------------------


 --------------------------------------
 Starting ... at YYYY MM DD HH MM SS = 
                 2017  9  5 22  3 16
 Program TEXT_TO_OBS
 --------------------------------------

 set_nml_output Echo NML values to log file only

 --------------------------------------
 Starting ... at YYYY MM DD HH MM SS = 
                 2017  9  5 22  3 51
 Program preprocess
 --------------------------------------

 set_nml_output Echo NML values to log file only
 Path names of default obs_def and obs_kind modules
 ../../../obs_def/DEFAULT_obs_def_mod.F90
 ../../../obs_kind/DEFAULT_obs_kind_mod.F90
 Path names of output obs_def and obs_kind modules
 ../../../obs_def/obs_def_mod.f90
 ../../../obs_kind/obs_kind_mod.f90
 INPUT obs_def files follow:
 ../../../obs_def/obs_def_eval_mod.f90
 INPUT model files follow:
 preprocess Finished successfully.

 --------------------------------------
 Finished ... at YYYY MM DD HH MM SS = 
                 2017  9  5 22  3 51
 Program preprocess
 --------------------------------------


 --------------------------------------
 Starting ... at YYYY MM DD HH MM SS = 
                 2017  9  5 22  4  9
 Program TEXT_TO_OBS
 --------------------------------------

 set_nml_output Echo NML values to log file only

 --------------------------------------
 Starting ... at YYYY MM DD HH MM SS = 
                 2017  9  5 22 11 11
 Program preprocess
 --------------------------------------

 set_nml_output Echo NML values to log file only
 Path names of default obs_def and obs_kind modules
 ../../../obs_def/DEFAULT_obs_def_mod.F90
 ../../../obs_kind/DEFAULT_obs_kind_mod.F90
 Path names of output obs_def and obs_kind modules
 ../../../obs_def/obs_def_mod.f90
 ../../../obs_kind/obs_kind_mod.f90
 INPUT obs_def files follow:
 ../../../obs_def/obs_def_eval_mod.f90
 INPUT model files follow:
 preprocess Finished successfully.

 --------------------------------------
 Finished ... at YYYY MM DD HH MM SS = 
                 2017  9  5 22 11 11
 Program preprocess
 --------------------------------------


 --------------------------------------
 Starting ... at YYYY MM DD HH MM SS = 
                 2017  9  5 22 11 28
 Program TEXT_TO_OBS
 --------------------------------------

 set_nml_output Echo NML values to log file only

 --------------------------------------
 Starting ... at YYYY MM DD HH MM SS = 
                 2017  9  7  9 30 55
 Program preprocess
 --------------------------------------

 set_nml_output Echo NML values to log file only
 Path names of default obs_def and obs_kind modules
 ../../../obs_def/DEFAULT_obs_def_mod.F90
 ../../../obs_kind/DEFAULT_obs_kind_mod.F90
 Path names of output obs_def and obs_kind modules
 ../../../obs_def/obs_def_mod.f90
 ../../../obs_kind/obs_kind_mod.f90
 INPUT obs_def files follow:
 ../../../obs_def/obs_def_eval_mod.f90
 INPUT model files follow:
 preprocess Finished successfully.

 --------------------------------------
 Finished ... at YYYY MM DD HH MM SS = 
                 2017  9  7  9 30 55
 Program preprocess
 --------------------------------------


 --------------------------------------
 Starting ... at YYYY MM DD HH MM SS = 
                 2017  9  7 10 50  4
 Program preprocess
 --------------------------------------

 set_nml_output Echo NML values to log file only
 Path names of default obs_def and obs_kind modules
 ../../../obs_def/DEFAULT_obs_def_mod.F90
 ../../../obs_kind/DEFAULT_obs_kind_mod.F90
 Path names of output obs_def and obs_kind modules
 ../../../obs_def/obs_def_mod.f90
 ../../../obs_kind/obs_kind_mod.f90
 INPUT obs_def files follow:
 ../../../obs_def/obs_def_eval_mod.f90
 INPUT model files follow:
 preprocess Finished successfully.

 --------------------------------------
 Finished ... at YYYY MM DD HH MM SS = 
                 2017  9  7 10 50  4
 Program preprocess
 --------------------------------------


 --------------------------------------
 Starting ... at YYYY MM DD HH MM SS = 
                 2017  9  7 10 51 11
 Program preprocess
 --------------------------------------

 set_nml_output Echo NML values to log file only
 Path names of default obs_def and obs_kind modules
 ../../../obs_def/DEFAULT_obs_def_mod.F90
 ../../../obs_kind/DEFAULT_obs_kind_mod.F90
 Path names of output obs_def and obs_kind modules
 ../../../obs_def/obs_def_mod.f90
 ../../../obs_kind/obs_kind_mod.f90
 INPUT obs_def files follow:
 ../../../obs_def/obs_def_eval_mod.f90
 INPUT model files follow:
 preprocess Finished successfully.

 --------------------------------------
 Finished ... at YYYY MM DD HH MM SS = 
                 2017  9  7 10 51 11
 Program preprocess
 --------------------------------------


 --------------------------------------
 Starting ... at YYYY MM DD HH MM SS = 
                 2017  9  7 10 53 29
 Program preprocess
 --------------------------------------

 set_nml_output Echo NML values to log file only
 Path names of default obs_def and obs_kind modules
 ../../../obs_def/DEFAULT_obs_def_mod.F90
 ../../../obs_kind/DEFAULT_obs_kind_mod.F90
 Path names of output obs_def and obs_kind modules
 ../../../obs_def/obs_def_mod.f90
 ../../../obs_kind/obs_kind_mod.f90
 INPUT obs_def files follow:
 ../../../obs_def/obs_def_eval_mod.f90
 INPUT model files follow:
 preprocess Finished successfully.

 --------------------------------------
 Finished ... at YYYY MM DD HH MM SS = 
                 2017  9  7 10 53 29
 Program preprocess
 --------------------------------------


 --------------------------------------
 Starting ... at YYYY MM DD HH MM SS = 
                 2017  9  7 10 53 47
 Program TEXT_TO_OBS_TOLNET
 --------------------------------------

 set_nml_output Echo NML values to log file only
 ERROR FROM:
  routine: days_in_month_gregorian
  message: not implemented
  
  source file: $URL$
  file revision: $Revision$
  revision date: $Date$

 --------------------------------------
 Starting ... at YYYY MM DD HH MM SS = 
                 2017  9  7 10 59 47
 Program preprocess
 --------------------------------------

 set_nml_output Echo NML values to log file only
 Path names of default obs_def and obs_kind modules
 ../../../obs_def/DEFAULT_obs_def_mod.F90
 ../../../obs_kind/DEFAULT_obs_kind_mod.F90
 Path names of output obs_def and obs_kind modules
 ../../../obs_def/obs_def_mod.f90
 ../../../obs_kind/obs_kind_mod.f90
 INPUT obs_def files follow:
 ../../../obs_def/obs_def_eval_mod.f90
 INPUT model files follow:
 preprocess Finished successfully.

 --------------------------------------
 Finished ... at YYYY MM DD HH MM SS = 
                 2017  9  7 10 59 47
 Program preprocess
 --------------------------------------


 --------------------------------------
 Starting ... at YYYY MM DD HH MM SS = 
                 2017  9  7 11  4 50
 Program preprocess
 --------------------------------------

 set_nml_output Echo NML values to log file only
 Path names of default obs_def and obs_kind modules
 ../../../obs_def/DEFAULT_obs_def_mod.F90
 ../../../obs_kind/DEFAULT_obs_kind_mod.F90
 Path names of output obs_def and obs_kind modules
 ../../../obs_def/obs_def_mod.f90
 ../../../obs_kind/obs_kind_mod.f90
 INPUT obs_def files follow:
 ../../../obs_def/obs_def_eval_mod.f90
 INPUT model files follow:
 preprocess Finished successfully.

 --------------------------------------
 Finished ... at YYYY MM DD HH MM SS = 
                 2017  9  7 11  4 50
 Program preprocess
 --------------------------------------


 --------------------------------------
 Starting ... at YYYY MM DD HH MM SS = 
                 2017  9  7 11  5  8
 Program TEXT_TO_OBS_TOLNET
 --------------------------------------

 set_nml_output Echo NML values to log file only

 --------------------------------------
 Starting ... at YYYY MM DD HH MM SS = 
                 2017  9  7 11 28 43
 Program preprocess
 --------------------------------------

 set_nml_output Echo NML values to log file only
 Path names of default obs_def and obs_kind modules
 ../../../obs_def/DEFAULT_obs_def_mod.F90
 ../../../obs_kind/DEFAULT_obs_kind_mod.F90
 Path names of output obs_def and obs_kind modules
 ../../../obs_def/obs_def_mod.f90
 ../../../obs_kind/obs_kind_mod.f90
 INPUT obs_def files follow:
 ../../../obs_def/obs_def_eval_mod.f90
 INPUT model files follow:
 preprocess Finished successfully.

 --------------------------------------
 Finished ... at YYYY MM DD HH MM SS = 
                 2017  9  7 11 28 43
 Program preprocess
 --------------------------------------


 --------------------------------------
 Starting ... at YYYY MM DD HH MM SS = 
                 2017  9  7 11 32  0
 Program preprocess
 --------------------------------------

 set_nml_output Echo NML values to log file only
 Path names of default obs_def and obs_kind modules
 ../../../obs_def/DEFAULT_obs_def_mod.F90
 ../../../obs_kind/DEFAULT_obs_kind_mod.F90
 Path names of output obs_def and obs_kind modules
 ../../../obs_def/obs_def_mod.f90
 ../../../obs_kind/obs_kind_mod.f90
 INPUT obs_def files follow:
 ../../../obs_def/obs_def_eval_mod.f90
 INPUT model files follow:
 preprocess Finished successfully.

 --------------------------------------
 Finished ... at YYYY MM DD HH MM SS = 
                 2017  9  7 11 32  0
 Program preprocess
 --------------------------------------


 --------------------------------------
 Starting ... at YYYY MM DD HH MM SS = 
                 2017  9  7 11 32 33
 Program preprocess
 --------------------------------------

 set_nml_output Echo NML values to log file only
 Path names of default obs_def and obs_kind modules
 ../../../obs_def/DEFAULT_obs_def_mod.F90
 ../../../obs_kind/DEFAULT_obs_kind_mod.F90
 Path names of output obs_def and obs_kind modules
 ../../../obs_def/obs_def_mod.f90
 ../../../obs_kind/obs_kind_mod.f90
 INPUT obs_def files follow:
 ../../../obs_def/obs_def_eval_mod.f90
 INPUT model files follow:
 preprocess Finished successfully.

 --------------------------------------
 Finished ... at YYYY MM DD HH MM SS = 
                 2017  9  7 11 32 33
 Program preprocess
 --------------------------------------


 --------------------------------------
 Starting ... at YYYY MM DD HH MM SS = 
                 2017  9  7 11 33 33
 Program preprocess
 --------------------------------------

 set_nml_output Echo NML values to log file only
 Path names of default obs_def and obs_kind modules
 ../../../obs_def/DEFAULT_obs_def_mod.F90
 ../../../obs_kind/DEFAULT_obs_kind_mod.F90
 Path names of output obs_def and obs_kind modules
 ../../../obs_def/obs_def_mod.f90
 ../../../obs_kind/obs_kind_mod.f90
 INPUT obs_def files follow:
 ../../../obs_def/obs_def_eval_mod.f90
 INPUT model files follow:
 preprocess Finished successfully.

 --------------------------------------
 Finished ... at YYYY MM DD HH MM SS = 
                 2017  9  7 11 33 33
 Program preprocess
 --------------------------------------


 --------------------------------------
 Starting ... at YYYY MM DD HH MM SS = 
                 2017  9  7 11 33 48
 Program TEXT_TO_OBS_TOLNET
 --------------------------------------

 set_nml_output Echo NML values to log file only
 ERROR FROM:
  routine: open_file:
  message:  Cannot open file "/home/vy57456/zzbatmos_user/data/tolnet/TOLNet-O3Lidar_HUBV_20150613_R0.dat" for read
  message: ...  Error code was            2
  
  source file: $URL$
  file revision: $Revision$
  revision date: $Date$

 --------------------------------------
 Starting ... at YYYY MM DD HH MM SS = 
                 2017  9  7 11 35 46
 Program preprocess
 --------------------------------------

 set_nml_output Echo NML values to log file only
 Path names of default obs_def and obs_kind modules
 ../../../obs_def/DEFAULT_obs_def_mod.F90
 ../../../obs_kind/DEFAULT_obs_kind_mod.F90
 Path names of output obs_def and obs_kind modules
 ../../../obs_def/obs_def_mod.f90
 ../../../obs_kind/obs_kind_mod.f90
 INPUT obs_def files follow:
 ../../../obs_def/obs_def_eval_mod.f90
 INPUT model files follow:
 preprocess Finished successfully.

 --------------------------------------
 Finished ... at YYYY MM DD HH MM SS = 
                 2017  9  7 11 35 46
 Program preprocess
 --------------------------------------


 --------------------------------------
 Starting ... at YYYY MM DD HH MM SS = 
                 2017  9  7 11 36 20
 Program TEXT_TO_OBS_TOLNET
 --------------------------------------

 set_nml_output Echo NML values to log file only
 ERROR FROM:
  routine: open_file:
  message:  Cannot open file "/home/vy57456/zzbatmos_user/data/tolnet/TOLNet-O3Lidar_HUBV_20150613_R0.dat" for read
  message: ...  Error code was            2
  
  source file: $URL$
  file revision: $Revision$
  revision date: $Date$

 --------------------------------------
 Starting ... at YYYY MM DD HH MM SS = 
                 2017  9  7 11 44  9
 Program preprocess
 --------------------------------------

 set_nml_output Echo NML values to log file only
 Path names of default obs_def and obs_kind modules
 ../../../obs_def/DEFAULT_obs_def_mod.F90
 ../../../obs_kind/DEFAULT_obs_kind_mod.F90
 Path names of output obs_def and obs_kind modules
 ../../../obs_def/obs_def_mod.f90
 ../../../obs_kind/obs_kind_mod.f90
 INPUT obs_def files follow:
 ../../../obs_def/obs_def_eval_mod.f90
 INPUT model files follow:
 preprocess Finished successfully.

 --------------------------------------
 Finished ... at YYYY MM DD HH MM SS = 
                 2017  9  7 11 44  9
 Program preprocess
 --------------------------------------


 --------------------------------------
 Starting ... at YYYY MM DD HH MM SS = 
                 2017  9  7 11 44 24
 Program TEXT_TO_OBS_TOLNET
 --------------------------------------

 set_nml_output Echo NML values to log file only
 ERROR FROM:
  routine: open_file:
  message:  Cannot open file "/home/vy57456/zzbatmos_user/data/tolnet/TOLNet-O3Lidar_HUBV_20150613_R0.dat" for read
  message: ...  Error code was            2
  
  source file: $URL$
  file revision: $Revision$
  revision date: $Date$

 --------------------------------------
 Starting ... at YYYY MM DD HH MM SS = 
                 2017  9  7 11 50 55
 Program preprocess
 --------------------------------------

 set_nml_output Echo NML values to log file only
 Path names of default obs_def and obs_kind modules
 ../../../obs_def/DEFAULT_obs_def_mod.F90
 ../../../obs_kind/DEFAULT_obs_kind_mod.F90
 Path names of output obs_def and obs_kind modules
 ../../../obs_def/obs_def_mod.f90
 ../../../obs_kind/obs_kind_mod.f90
 INPUT obs_def files follow:
 ../../../obs_def/obs_def_eval_mod.f90
 INPUT model files follow:
 preprocess Finished successfully.

 --------------------------------------
 Finished ... at YYYY MM DD HH MM SS = 
                 2017  9  7 11 50 55
 Program preprocess
 --------------------------------------


 --------------------------------------
 Starting ... at YYYY MM DD HH MM SS = 
                 2017  9  7 11 51 34
 Program preprocess
 --------------------------------------

 set_nml_output Echo NML values to log file only
 Path names of default obs_def and obs_kind modules
 ../../../obs_def/DEFAULT_obs_def_mod.F90
 ../../../obs_kind/DEFAULT_obs_kind_mod.F90
 Path names of output obs_def and obs_kind modules
 ../../../obs_def/obs_def_mod.f90
 ../../../obs_kind/obs_kind_mod.f90
 INPUT obs_def files follow:
 ../../../obs_def/obs_def_eval_mod.f90
 INPUT model files follow:
 preprocess Finished successfully.

 --------------------------------------
 Finished ... at YYYY MM DD HH MM SS = 
                 2017  9  7 11 51 34
 Program preprocess
 --------------------------------------


 --------------------------------------
 Starting ... at YYYY MM DD HH MM SS = 
                 2017  9  7 11 51 54
 Program TEXT_TO_OBS_TOLNET
 --------------------------------------

 set_nml_output Echo NML values to log file only
 ERROR FROM:
  routine: open_file:
  message:  Cannot open file "/home/vy57456/zzbatmos_user/data/tolnet/TOLNet-O3Lidar_HUBV_20150613_R0.dat" for read
  message: ...  Error code was            2
  
  source file: $URL$
  file revision: $Revision$
  revision date: $Date$

 --------------------------------------
 Starting ... at YYYY MM DD HH MM SS = 
                 2017  9  7 12 20 10
 Program preprocess
 --------------------------------------

 set_nml_output Echo NML values to log file only
 Path names of default obs_def and obs_kind modules
 ../../../obs_def/DEFAULT_obs_def_mod.F90
 ../../../obs_kind/DEFAULT_obs_kind_mod.F90
 Path names of output obs_def and obs_kind modules
 ../../../obs_def/obs_def_mod.f90
 ../../../obs_kind/obs_kind_mod.f90
 INPUT obs_def files follow:
 ../../../obs_def/obs_def_eval_mod.f90
 INPUT model files follow:
 preprocess Finished successfully.

 --------------------------------------
 Finished ... at YYYY MM DD HH MM SS = 
                 2017  9  7 12 20 10
 Program preprocess
 --------------------------------------


 --------------------------------------
 Starting ... at YYYY MM DD HH MM SS = 
                 2017  9  8 12 48 38
 Program preprocess
 --------------------------------------

 set_nml_output Echo NML values to log file only
 Path names of default obs_def and obs_kind modules
 ../../../obs_def/DEFAULT_obs_def_mod.F90
 ../../../obs_kind/DEFAULT_obs_kind_mod.F90
 Path names of output obs_def and obs_kind modules
 ../../../obs_def/obs_def_mod.f90
 ../../../obs_kind/obs_kind_mod.f90
 INPUT obs_def files follow:
 ../../../obs_def/obs_def_eval_mod.f90
 INPUT model files follow:
 preprocess Finished successfully.

 --------------------------------------
 Finished ... at YYYY MM DD HH MM SS = 
                 2017  9  8 12 48 38
 Program preprocess
 --------------------------------------


 --------------------------------------
 Starting ... at YYYY MM DD HH MM SS = 
                 2017  9  8 12 49 54
 Program preprocess
 --------------------------------------

 set_nml_output Echo NML values to log file only
 Path names of default obs_def and obs_kind modules
 ../../../obs_def/DEFAULT_obs_def_mod.F90
 ../../../obs_kind/DEFAULT_obs_kind_mod.F90
 Path names of output obs_def and obs_kind modules
 ../../../obs_def/obs_def_mod.f90
 ../../../obs_kind/obs_kind_mod.f90
 INPUT obs_def files follow:
 ../../../obs_def/obs_def_eval_mod.f90
 INPUT model files follow:
 preprocess Finished successfully.

 --------------------------------------
 Finished ... at YYYY MM DD HH MM SS = 
                 2017  9  8 12 49 54
 Program preprocess
 --------------------------------------


 --------------------------------------
 Starting ... at YYYY MM DD HH MM SS = 
                 2017  9  8 12 50 18
 Program TEXT_TO_OBS_TOLNET
 --------------------------------------

 set_nml_output Echo NML values to log file only

 --------------------------------------
 Starting ... at YYYY MM DD HH MM SS = 
                 2017  9  8 12 51  4
 Program preprocess
 --------------------------------------

 set_nml_output Echo NML values to log file only
 Path names of default obs_def and obs_kind modules
 ../../../obs_def/DEFAULT_obs_def_mod.F90
 ../../../obs_kind/DEFAULT_obs_kind_mod.F90
 Path names of output obs_def and obs_kind modules
 ../../../obs_def/obs_def_mod.f90
 ../../../obs_kind/obs_kind_mod.f90
 INPUT obs_def files follow:
 ../../../obs_def/obs_def_eval_mod.f90
 INPUT model files follow:
 preprocess Finished successfully.

 --------------------------------------
 Finished ... at YYYY MM DD HH MM SS = 
                 2017  9  8 12 51  4
 Program preprocess
 --------------------------------------


 --------------------------------------
 Starting ... at YYYY MM DD HH MM SS = 
                 2017  9  8 12 51 19
 Program TEXT_TO_OBS_TOLNET
 --------------------------------------

 set_nml_output Echo NML values to log file only

 --------------------------------------
 Starting ... at YYYY MM DD HH MM SS = 
                 2017  9  8 12 52 58
 Program preprocess
 --------------------------------------

 set_nml_output Echo NML values to log file only
 Path names of default obs_def and obs_kind modules
 ../../../obs_def/DEFAULT_obs_def_mod.F90
 ../../../obs_kind/DEFAULT_obs_kind_mod.F90
 Path names of output obs_def and obs_kind modules
 ../../../obs_def/obs_def_mod.f90
 ../../../obs_kind/obs_kind_mod.f90
 INPUT obs_def files follow:
 ../../../obs_def/obs_def_eval_mod.f90
 INPUT model files follow:
 preprocess Finished successfully.

 --------------------------------------
 Finished ... at YYYY MM DD HH MM SS = 
                 2017  9  8 12 52 58
 Program preprocess
 --------------------------------------


 --------------------------------------
 Starting ... at YYYY MM DD HH MM SS = 
                 2017  9  8 12 53 43
 Program preprocess
 --------------------------------------

 set_nml_output Echo NML values to log file only
 Path names of default obs_def and obs_kind modules
 ../../../obs_def/DEFAULT_obs_def_mod.F90
 ../../../obs_kind/DEFAULT_obs_kind_mod.F90
 Path names of output obs_def and obs_kind modules
 ../../../obs_def/obs_def_mod.f90
 ../../../obs_kind/obs_kind_mod.f90
 INPUT obs_def files follow:
 ../../../obs_def/obs_def_eval_mod.f90
 INPUT model files follow:
 preprocess Finished successfully.

 --------------------------------------
 Finished ... at YYYY MM DD HH MM SS = 
                 2017  9  8 12 53 43
 Program preprocess
 --------------------------------------


 --------------------------------------
 Starting ... at YYYY MM DD HH MM SS = 
                 2017  9  8 12 53 58
 Program TEXT_TO_OBS_TOLNET
 --------------------------------------

 set_nml_output Echo NML values to log file only
