 obs_sequence
obs_kind_definitions
           3
           2 EVAL_TEMPERATURE                
           4 EVAL_U_WIND_COMPONENT           
           5 EVAL_V_WIND_COMPONENT           
  num_copies:            1  num_qc:            1
  num_obs:            3  max_num_obs:            3
observation                                                     
Data QC                                                         
  first:            1  last:            3
 OBS            1
   273.00000000000000     
   0.0000000000000000     
          -1           2          -1
obdef
loc3d
     4.712388980384690       -0.7853981633974483         10.00000000000000      3
kind
           2
 43200     148682
   4.0000000000000000     
 OBS            2
  0.87155742747658316     
   0.0000000000000000     
           1           3          -1
obdef
loc3d
     5.235987755982989        0.5235987755982988         99800.00000000000      2
kind
           4
 23400     148683
   16.000000000000000     
 OBS            3
  -9.9619469809174550     
   0.0000000000000000     
           2          -1          -1
obdef
loc3d
     5.235987755982989        0.5235987755982988         99800.00000000000      2
kind
           5
 23400     148683
   16.000000000000000     
