
 --------------------------------------
 Starting ... at YYYY MM DD HH MM SS = 
                 2019  5 22 15 13 56
 Program preprocess
 --------------------------------------

 set_nml_output Echo NML values to log file only
 Path names of default obs_def and obs_kind modules
 ../../../obs_def/DEFAULT_obs_def_mod.F90
 ../../../obs_kind/DEFAULT_obs_kind_mod.F90
 Path names of output obs_def and obs_kind modules
 ../../../obs_def/obs_def_mod.f90
 ../../../obs_kind/obs_kind_mod.f90
 INPUT obs_def files follow:
 ../../../obs_def/obs_def_IASI_O3_mod.f90
 INPUT model files follow:
 preprocess Finished successfully.

 --------------------------------------
 Finished ... at YYYY MM DD HH MM SS = 
                 2019  5 22 15 13 56
 Program preprocess
 --------------------------------------


 --------------------------------------
 Starting ... at YYYY MM DD HH MM SS = 
                 2019  5 22 16 48 39
 Program preprocess
 --------------------------------------

 set_nml_output Echo NML values to log file only
 Path names of default obs_def and obs_kind modules
 ../../../obs_def/DEFAULT_obs_def_mod.F90
 ../../../obs_kind/DEFAULT_obs_kind_mod.F90
 Path names of output obs_def and obs_kind modules
 ../../../obs_def/obs_def_mod.f90
 ../../../obs_kind/obs_kind_mod.f90
 INPUT obs_def files follow:
 ../../../obs_def/obs_def_IASI_O3_mod.f90
 INPUT model files follow:
 preprocess Finished successfully.

 --------------------------------------
 Finished ... at YYYY MM DD HH MM SS = 
                 2019  5 22 16 48 39
 Program preprocess
 --------------------------------------


 --------------------------------------
 Starting ... at YYYY MM DD HH MM SS = 
                 2019  5 22 16 50 53
 Program preprocess
 --------------------------------------

 set_nml_output Echo NML values to log file only
 Path names of default obs_def and obs_kind modules
 ../../../obs_def/DEFAULT_obs_def_mod.F90
 ../../../obs_kind/DEFAULT_obs_kind_mod.F90
 Path names of output obs_def and obs_kind modules
 ../../../obs_def/obs_def_mod.f90
 ../../../obs_kind/obs_kind_mod.f90
 INPUT obs_def files follow:
 ../../../obs_def/obs_def_IASI_O3_mod.f90
 INPUT model files follow:
 preprocess Finished successfully.

 --------------------------------------
 Finished ... at YYYY MM DD HH MM SS = 
                 2019  5 22 16 50 53
 Program preprocess
 --------------------------------------


 --------------------------------------
 Starting ... at YYYY MM DD HH MM SS = 
                 2019  5 22 16 54 38
 Program preprocess
 --------------------------------------

 set_nml_output Echo NML values to log file only
 Path names of default obs_def and obs_kind modules
 ../../../obs_def/DEFAULT_obs_def_mod.F90
 ../../../obs_kind/DEFAULT_obs_kind_mod.F90
 Path names of output obs_def and obs_kind modules
 ../../../obs_def/obs_def_mod.f90
 ../../../obs_kind/obs_kind_mod.f90
 INPUT obs_def files follow:
 ../../../obs_def/obs_def_IASI_O3_mod.f90
 INPUT model files follow:
 preprocess Finished successfully.

 --------------------------------------
 Finished ... at YYYY MM DD HH MM SS = 
                 2019  5 22 16 54 38
 Program preprocess
 --------------------------------------


 --------------------------------------
 Starting ... at YYYY MM DD HH MM SS = 
                 2019  5 22 16 56 55
 Program preprocess
 --------------------------------------

 set_nml_output Echo NML values to log file only
 Path names of default obs_def and obs_kind modules
 ../../../obs_def/DEFAULT_obs_def_mod.F90
 ../../../obs_kind/DEFAULT_obs_kind_mod.F90
 Path names of output obs_def and obs_kind modules
 ../../../obs_def/obs_def_mod.f90
 ../../../obs_kind/obs_kind_mod.f90
 INPUT obs_def files follow:
 ../../../obs_def/obs_def_IASI_O3_mod.f90
 INPUT model files follow:
 preprocess Finished successfully.

 --------------------------------------
 Finished ... at YYYY MM DD HH MM SS = 
                 2019  5 22 16 56 55
 Program preprocess
 --------------------------------------


 --------------------------------------
 Starting ... at YYYY MM DD HH MM SS = 
                 2019  5 22 17  7  8
 Program preprocess
 --------------------------------------

 set_nml_output Echo NML values to log file only
 Path names of default obs_def and obs_kind modules
 ../../../obs_def/DEFAULT_obs_def_mod.F90
 ../../../obs_kind/DEFAULT_obs_kind_mod.F90
 Path names of output obs_def and obs_kind modules
 ../../../obs_def/obs_def_mod.f90
 ../../../obs_kind/obs_kind_mod.f90
 INPUT obs_def files follow:
 ../../../obs_def/obs_def_IASI_O3_mod.f90
 INPUT model files follow:
 preprocess Finished successfully.

 --------------------------------------
 Finished ... at YYYY MM DD HH MM SS = 
                 2019  5 22 17  7  8
 Program preprocess
 --------------------------------------

