
 --------------------------------------
 Starting ... at YYYY MM DD HH MM SS = 
                 2019  7 24 14 32 48
 Program preprocess
 --------------------------------------

 set_nml_output Echo NML values to log file only
 Path names of default obs_def and obs_kind modules
 ../../../obs_def/DEFAULT_obs_def_mod.F90
 ../../../obs_kind/DEFAULT_obs_kind_mod.F90
 Path names of output obs_def and obs_kind modules
 ../../../obs_def/obs_def_mod.f90
 ../../../obs_kind/obs_kind_mod.f90
 INPUT obs_def files follow:
 ../../../obs_def/obs_def_TOLNET_OBS_mod.f90
 INPUT model files follow:
 preprocess Finished successfully.

 --------------------------------------
 Finished ... at YYYY MM DD HH MM SS = 
                 2019  7 24 14 32 48
 Program preprocess
 --------------------------------------


 --------------------------------------
 Starting ... at YYYY MM DD HH MM SS = 
                 2019  7 24 14 40 13
 Program preprocess
 --------------------------------------

 set_nml_output Echo NML values to log file only
 Path names of default obs_def and obs_kind modules
 ../../../obs_def/DEFAULT_obs_def_mod.F90
 ../../../obs_kind/DEFAULT_obs_kind_mod.F90
 Path names of output obs_def and obs_kind modules
 ../../../obs_def/obs_def_mod.f90
 ../../../obs_kind/obs_kind_mod.f90
 INPUT obs_def files follow:
 ../../../obs_def/obs_def_TOLNET_OBS_mod.f90
 INPUT model files follow:
 preprocess Finished successfully.

 --------------------------------------
 Finished ... at YYYY MM DD HH MM SS = 
                 2019  7 24 14 40 13
 Program preprocess
 --------------------------------------


 --------------------------------------
 Starting ... at YYYY MM DD HH MM SS = 
                 2019  7 24 14 41 55
 Program preprocess
 --------------------------------------

 set_nml_output Echo NML values to log file only
 Path names of default obs_def and obs_kind modules
 ../../../obs_def/DEFAULT_obs_def_mod.F90
 ../../../obs_kind/DEFAULT_obs_kind_mod.F90
 Path names of output obs_def and obs_kind modules
 ../../../obs_def/obs_def_mod.f90
 ../../../obs_kind/obs_kind_mod.f90
 INPUT obs_def files follow:
 ../../../obs_def/obs_def_TOLNET_OBS_mod.f90
 INPUT model files follow:
 preprocess Finished successfully.

 --------------------------------------
 Finished ... at YYYY MM DD HH MM SS = 
                 2019  7 24 14 41 55
 Program preprocess
 --------------------------------------


 --------------------------------------
 Starting ... at YYYY MM DD HH MM SS = 
                 2019  7 24 14 44 59
 Program preprocess
 --------------------------------------

 set_nml_output Echo NML values to log file only
 Path names of default obs_def and obs_kind modules
 ../../../obs_def/DEFAULT_obs_def_mod.F90
 ../../../obs_kind/DEFAULT_obs_kind_mod.F90
 Path names of output obs_def and obs_kind modules
 ../../../obs_def/obs_def_mod.f90
 ../../../obs_kind/obs_kind_mod.f90
 INPUT obs_def files follow:
 ../../../obs_def/obs_def_TOLNET_OBS_mod.f90
 INPUT model files follow:
 preprocess Finished successfully.

 --------------------------------------
 Finished ... at YYYY MM DD HH MM SS = 
                 2019  7 24 14 44 59
 Program preprocess
 --------------------------------------


 --------------------------------------
 Starting ... at YYYY MM DD HH MM SS = 
                 2019  7 24 14 46  9
 Program preprocess
 --------------------------------------

 set_nml_output Echo NML values to log file only
 Path names of default obs_def and obs_kind modules
 ../../../obs_def/DEFAULT_obs_def_mod.F90
 ../../../obs_kind/DEFAULT_obs_kind_mod.F90
 Path names of output obs_def and obs_kind modules
 ../../../obs_def/obs_def_mod.f90
 ../../../obs_kind/obs_kind_mod.f90
 INPUT obs_def files follow:
 ../../../obs_def/obs_def_TOLNET_OBS_mod.f90
 INPUT model files follow:
 preprocess Finished successfully.

 --------------------------------------
 Finished ... at YYYY MM DD HH MM SS = 
                 2019  7 24 14 46  9
 Program preprocess
 --------------------------------------


 --------------------------------------
 Starting ... at YYYY MM DD HH MM SS = 
                 2019  7 24 15  6 33
 Program preprocess
 --------------------------------------

 set_nml_output Echo NML values to log file only
 Path names of default obs_def and obs_kind modules
 ../../../obs_def/DEFAULT_obs_def_mod.F90
 ../../../obs_kind/DEFAULT_obs_kind_mod.F90
 Path names of output obs_def and obs_kind modules
 ../../../obs_def/obs_def_mod.f90
 ../../../obs_kind/obs_kind_mod.f90
 INPUT obs_def files follow:
 ../../../obs_def/obs_def_TOLNET_OBS_mod.f90
 INPUT model files follow:
 preprocess Finished successfully.

 --------------------------------------
 Finished ... at YYYY MM DD HH MM SS = 
                 2019  7 24 15  6 33
 Program preprocess
 --------------------------------------


 --------------------------------------
 Starting ... at YYYY MM DD HH MM SS = 
                 2019  7 24 15 11 59
 Program preprocess
 --------------------------------------

 set_nml_output Echo NML values to log file only
 Path names of default obs_def and obs_kind modules
 ../../../obs_def/DEFAULT_obs_def_mod.F90
 ../../../obs_kind/DEFAULT_obs_kind_mod.F90
 Path names of output obs_def and obs_kind modules
 ../../../obs_def/obs_def_mod.f90
 ../../../obs_kind/obs_kind_mod.f90
 INPUT obs_def files follow:
 ../../../obs_def/obs_def_TOLNET_OBS_mod.f90
 INPUT model files follow:
 preprocess Finished successfully.

 --------------------------------------
 Finished ... at YYYY MM DD HH MM SS = 
                 2019  7 24 15 11 59
 Program preprocess
 --------------------------------------


 --------------------------------------
 Starting ... at YYYY MM DD HH MM SS = 
                 2019  7 24 15 15 42
 Program preprocess
 --------------------------------------

 set_nml_output Echo NML values to log file only
 Path names of default obs_def and obs_kind modules
 ../../../obs_def/DEFAULT_obs_def_mod.F90
 ../../../obs_kind/DEFAULT_obs_kind_mod.F90
 Path names of output obs_def and obs_kind modules
 ../../../obs_def/obs_def_mod.f90
 ../../../obs_kind/obs_kind_mod.f90
 INPUT obs_def files follow:
 ../../../obs_def/obs_def_TOLNET_OBS_mod.f90
 INPUT model files follow:
 preprocess Finished successfully.

 --------------------------------------
 Finished ... at YYYY MM DD HH MM SS = 
                 2019  7 24 15 15 42
 Program preprocess
 --------------------------------------


 --------------------------------------
 Starting ... at YYYY MM DD HH MM SS = 
                 2019  7 24 15 17  6
 Program preprocess
 --------------------------------------

 set_nml_output Echo NML values to log file only
 Path names of default obs_def and obs_kind modules
 ../../../obs_def/DEFAULT_obs_def_mod.F90
 ../../../obs_kind/DEFAULT_obs_kind_mod.F90
 Path names of output obs_def and obs_kind modules
 ../../../obs_def/obs_def_mod.f90
 ../../../obs_kind/obs_kind_mod.f90
 INPUT obs_def files follow:
 ../../../obs_def/obs_def_TOLNET_OBS_mod.f90
 INPUT model files follow:
 preprocess Finished successfully.

 --------------------------------------
 Finished ... at YYYY MM DD HH MM SS = 
                 2019  7 24 15 17  6
 Program preprocess
 --------------------------------------


 --------------------------------------
 Starting ... at YYYY MM DD HH MM SS = 
                 2019  7 24 15 19  1
 Program preprocess
 --------------------------------------

 set_nml_output Echo NML values to log file only
 Path names of default obs_def and obs_kind modules
 ../../../obs_def/DEFAULT_obs_def_mod.F90
 ../../../obs_kind/DEFAULT_obs_kind_mod.F90
 Path names of output obs_def and obs_kind modules
 ../../../obs_def/obs_def_mod.f90
 ../../../obs_kind/obs_kind_mod.f90
 INPUT obs_def files follow:
 ../../../obs_def/obs_def_TOLNET_OBS_mod.f90
 INPUT model files follow:
 preprocess Finished successfully.

 --------------------------------------
 Finished ... at YYYY MM DD HH MM SS = 
                 2019  7 24 15 19  1
 Program preprocess
 --------------------------------------


 --------------------------------------
 Starting ... at YYYY MM DD HH MM SS = 
                 2019  7 24 15 24 46
 Program preprocess
 --------------------------------------

 set_nml_output Echo NML values to log file only
 Path names of default obs_def and obs_kind modules
 ../../../obs_def/DEFAULT_obs_def_mod.F90
 ../../../obs_kind/DEFAULT_obs_kind_mod.F90
 Path names of output obs_def and obs_kind modules
 ../../../obs_def/obs_def_mod.f90
 ../../../obs_kind/obs_kind_mod.f90
 INPUT obs_def files follow:
 ../../../obs_def/obs_def_TOLNET_OBS_mod.f90
 INPUT model files follow:
 preprocess Finished successfully.

 --------------------------------------
 Finished ... at YYYY MM DD HH MM SS = 
                 2019  7 24 15 24 46
 Program preprocess
 --------------------------------------


 --------------------------------------
 Starting ... at YYYY MM DD HH MM SS = 
                 2019  7 24 15 26 54
 Program preprocess
 --------------------------------------

 set_nml_output Echo NML values to log file only
 Path names of default obs_def and obs_kind modules
 ../../../obs_def/DEFAULT_obs_def_mod.F90
 ../../../obs_kind/DEFAULT_obs_kind_mod.F90
 Path names of output obs_def and obs_kind modules
 ../../../obs_def/obs_def_mod.f90
 ../../../obs_kind/obs_kind_mod.f90
 INPUT obs_def files follow:
 ../../../obs_def/obs_def_TOLNET_OBS_mod.f90
 INPUT model files follow:
 preprocess Finished successfully.

 --------------------------------------
 Finished ... at YYYY MM DD HH MM SS = 
                 2019  7 24 15 26 54
 Program preprocess
 --------------------------------------


 --------------------------------------
 Starting ... at YYYY MM DD HH MM SS = 
                 2019  7 24 15 30 58
 Program preprocess
 --------------------------------------

 set_nml_output Echo NML values to log file only
 Path names of default obs_def and obs_kind modules
 ../../../obs_def/DEFAULT_obs_def_mod.F90
 ../../../obs_kind/DEFAULT_obs_kind_mod.F90
 Path names of output obs_def and obs_kind modules
 ../../../obs_def/obs_def_mod.f90
 ../../../obs_kind/obs_kind_mod.f90
 INPUT obs_def files follow:
 ../../../obs_def/obs_def_TOLNET_OBS_mod.f90
 INPUT model files follow:
 preprocess Finished successfully.

 --------------------------------------
 Finished ... at YYYY MM DD HH MM SS = 
                 2019  7 24 15 30 58
 Program preprocess
 --------------------------------------


 --------------------------------------
 Starting ... at YYYY MM DD HH MM SS = 
                 2019  7 24 15 45 34
 Program preprocess
 --------------------------------------

 set_nml_output Echo NML values to log file only
 Path names of default obs_def and obs_kind modules
 ../../../obs_def/DEFAULT_obs_def_mod.F90
 ../../../obs_kind/DEFAULT_obs_kind_mod.F90
 Path names of output obs_def and obs_kind modules
 ../../../obs_def/obs_def_mod.f90
 ../../../obs_kind/obs_kind_mod.f90
 INPUT obs_def files follow:
 ../../../obs_def/obs_def_TOLNET_OBS_mod.f90
 INPUT model files follow:
 preprocess Finished successfully.

 --------------------------------------
 Finished ... at YYYY MM DD HH MM SS = 
                 2019  7 24 15 45 34
 Program preprocess
 --------------------------------------


 --------------------------------------
 Starting ... at YYYY MM DD HH MM SS = 
                 2019  7 24 15 50  2
 Program preprocess
 --------------------------------------

 set_nml_output Echo NML values to log file only
 Path names of default obs_def and obs_kind modules
 ../../../obs_def/DEFAULT_obs_def_mod.F90
 ../../../obs_kind/DEFAULT_obs_kind_mod.F90
 Path names of output obs_def and obs_kind modules
 ../../../obs_def/obs_def_mod.f90
 ../../../obs_kind/obs_kind_mod.f90
 INPUT obs_def files follow:
 ../../../obs_def/obs_def_TOLNET_OBS_mod.f90
 INPUT model files follow:
 preprocess Finished successfully.

 --------------------------------------
 Finished ... at YYYY MM DD HH MM SS = 
                 2019  7 24 15 50  2
 Program preprocess
 --------------------------------------


 --------------------------------------
 Starting ... at YYYY MM DD HH MM SS = 
                 2019  7 24 15 50 58
 Program preprocess
 --------------------------------------

 set_nml_output Echo NML values to log file only
 Path names of default obs_def and obs_kind modules
 ../../../obs_def/DEFAULT_obs_def_mod.F90
 ../../../obs_kind/DEFAULT_obs_kind_mod.F90
 Path names of output obs_def and obs_kind modules
 ../../../obs_def/obs_def_mod.f90
 ../../../obs_kind/obs_kind_mod.f90
 INPUT obs_def files follow:
 ../../../obs_def/obs_def_TOLNET_OBS_mod.f90
 INPUT model files follow:
 preprocess Finished successfully.

 --------------------------------------
 Finished ... at YYYY MM DD HH MM SS = 
                 2019  7 24 15 50 58
 Program preprocess
 --------------------------------------


 --------------------------------------
 Starting ... at YYYY MM DD HH MM SS = 
                 2019  7 24 15 51 41
 Program preprocess
 --------------------------------------

 set_nml_output Echo NML values to log file only
 Path names of default obs_def and obs_kind modules
 ../../../obs_def/DEFAULT_obs_def_mod.F90
 ../../../obs_kind/DEFAULT_obs_kind_mod.F90
 Path names of output obs_def and obs_kind modules
 ../../../obs_def/obs_def_mod.f90
 ../../../obs_kind/obs_kind_mod.f90
 INPUT obs_def files follow:
 ../../../obs_def/obs_def_TOLNET_OBS_mod.f90
 INPUT model files follow:
 preprocess Finished successfully.

 --------------------------------------
 Finished ... at YYYY MM DD HH MM SS = 
                 2019  7 24 15 51 41
 Program preprocess
 --------------------------------------


 --------------------------------------
 Starting ... at YYYY MM DD HH MM SS = 
                 2019  7 24 15 58 20
 Program preprocess
 --------------------------------------

 set_nml_output Echo NML values to log file only
 Path names of default obs_def and obs_kind modules
 ../../../obs_def/DEFAULT_obs_def_mod.F90
 ../../../obs_kind/DEFAULT_obs_kind_mod.F90
 Path names of output obs_def and obs_kind modules
 ../../../obs_def/obs_def_mod.f90
 ../../../obs_kind/obs_kind_mod.f90
 INPUT obs_def files follow:
 ../../../obs_def/obs_def_TOLNET_OBS_mod.f90
 INPUT model files follow:
 preprocess Finished successfully.

 --------------------------------------
 Finished ... at YYYY MM DD HH MM SS = 
                 2019  7 24 15 58 20
 Program preprocess
 --------------------------------------


 --------------------------------------
 Starting ... at YYYY MM DD HH MM SS = 
                 2019  7 24 15 59  9
 Program preprocess
 --------------------------------------

 set_nml_output Echo NML values to log file only
 Path names of default obs_def and obs_kind modules
 ../../../obs_def/DEFAULT_obs_def_mod.F90
 ../../../obs_kind/DEFAULT_obs_kind_mod.F90
 Path names of output obs_def and obs_kind modules
 ../../../obs_def/obs_def_mod.f90
 ../../../obs_kind/obs_kind_mod.f90
 INPUT obs_def files follow:
 ../../../obs_def/obs_def_TOLNET_OBS_mod.f90
 INPUT model files follow:
 preprocess Finished successfully.

 --------------------------------------
 Finished ... at YYYY MM DD HH MM SS = 
                 2019  7 24 15 59  9
 Program preprocess
 --------------------------------------


 --------------------------------------
 Starting ... at YYYY MM DD HH MM SS = 
                 2019  7 24 16  0  2
 Program preprocess
 --------------------------------------

 set_nml_output Echo NML values to log file only
 Path names of default obs_def and obs_kind modules
 ../../../obs_def/DEFAULT_obs_def_mod.F90
 ../../../obs_kind/DEFAULT_obs_kind_mod.F90
 Path names of output obs_def and obs_kind modules
 ../../../obs_def/obs_def_mod.f90
 ../../../obs_kind/obs_kind_mod.f90
 INPUT obs_def files follow:
 ../../../obs_def/obs_def_TOLNET_OBS_mod.f90
 INPUT model files follow:
 preprocess Finished successfully.

 --------------------------------------
 Finished ... at YYYY MM DD HH MM SS = 
                 2019  7 24 16  0  2
 Program preprocess
 --------------------------------------


 --------------------------------------
 Starting ... at YYYY MM DD HH MM SS = 
                 2019  7 24 16  0 41
 Program preprocess
 --------------------------------------

 set_nml_output Echo NML values to log file only
 Path names of default obs_def and obs_kind modules
 ../../../obs_def/DEFAULT_obs_def_mod.F90
 ../../../obs_kind/DEFAULT_obs_kind_mod.F90
 Path names of output obs_def and obs_kind modules
 ../../../obs_def/obs_def_mod.f90
 ../../../obs_kind/obs_kind_mod.f90
 INPUT obs_def files follow:
 ../../../obs_def/obs_def_TOLNET_OBS_mod.f90
 INPUT model files follow:
 preprocess Finished successfully.

 --------------------------------------
 Finished ... at YYYY MM DD HH MM SS = 
                 2019  7 24 16  0 41
 Program preprocess
 --------------------------------------


 --------------------------------------
 Starting ... at YYYY MM DD HH MM SS = 
                 2019  7 24 16 19 53
 Program preprocess
 --------------------------------------

 set_nml_output Echo NML values to log file only
 Path names of default obs_def and obs_kind modules
 ../../../obs_def/DEFAULT_obs_def_mod.F90
 ../../../obs_kind/DEFAULT_obs_kind_mod.F90
 Path names of output obs_def and obs_kind modules
 ../../../obs_def/obs_def_mod.f90
 ../../../obs_kind/obs_kind_mod.f90
 INPUT obs_def files follow:
 ../../../obs_def/obs_def_TOLNET_OBS_mod.f90
 INPUT model files follow:
 preprocess Finished successfully.

 --------------------------------------
 Finished ... at YYYY MM DD HH MM SS = 
                 2019  7 24 16 19 53
 Program preprocess
 --------------------------------------


 --------------------------------------
 Starting ... at YYYY MM DD HH MM SS = 
                 2019  7 24 16 32  8
 Program preprocess
 --------------------------------------

 set_nml_output Echo NML values to log file only
 Path names of default obs_def and obs_kind modules
 ../../../obs_def/DEFAULT_obs_def_mod.F90
 ../../../obs_kind/DEFAULT_obs_kind_mod.F90
 Path names of output obs_def and obs_kind modules
 ../../../obs_def/obs_def_mod.f90
 ../../../obs_kind/obs_kind_mod.f90
 INPUT obs_def files follow:
 ../../../obs_def/obs_def_TOLNET_OBS_mod.f90
 INPUT model files follow:
 preprocess Finished successfully.

 --------------------------------------
 Finished ... at YYYY MM DD HH MM SS = 
                 2019  7 24 16 32  8
 Program preprocess
 --------------------------------------


 --------------------------------------
 Starting ... at YYYY MM DD HH MM SS = 
                 2019  7 24 16 33 23
 Program preprocess
 --------------------------------------

 set_nml_output Echo NML values to log file only
 Path names of default obs_def and obs_kind modules
 ../../../obs_def/DEFAULT_obs_def_mod.F90
 ../../../obs_kind/DEFAULT_obs_kind_mod.F90
 Path names of output obs_def and obs_kind modules
 ../../../obs_def/obs_def_mod.f90
 ../../../obs_kind/obs_kind_mod.f90
 INPUT obs_def files follow:
 ../../../obs_def/obs_def_TOLNET_OBS_mod.f90
 INPUT model files follow:
 preprocess Finished successfully.

 --------------------------------------
 Finished ... at YYYY MM DD HH MM SS = 
                 2019  7 24 16 33 23
 Program preprocess
 --------------------------------------


 --------------------------------------
 Starting ... at YYYY MM DD HH MM SS = 
                 2019  7 24 16 49 43
 Program preprocess
 --------------------------------------

 set_nml_output Echo NML values to log file only
 Path names of default obs_def and obs_kind modules
 ../../../obs_def/DEFAULT_obs_def_mod.F90
 ../../../obs_kind/DEFAULT_obs_kind_mod.F90
 Path names of output obs_def and obs_kind modules
 ../../../obs_def/obs_def_mod.f90
 ../../../obs_kind/obs_kind_mod.f90
 INPUT obs_def files follow:
 ../../../obs_def/obs_def_TOLNET_OBS_mod.f90
 INPUT model files follow:
 preprocess Finished successfully.

 --------------------------------------
 Finished ... at YYYY MM DD HH MM SS = 
                 2019  7 24 16 49 43
 Program preprocess
 --------------------------------------


 --------------------------------------
 Starting ... at YYYY MM DD HH MM SS = 
                 2019  7 24 16 52 17
 Program preprocess
 --------------------------------------

 set_nml_output Echo NML values to log file only
 Path names of default obs_def and obs_kind modules
 ../../../obs_def/DEFAULT_obs_def_mod.F90
 ../../../obs_kind/DEFAULT_obs_kind_mod.F90
 Path names of output obs_def and obs_kind modules
 ../../../obs_def/obs_def_mod.f90
 ../../../obs_kind/obs_kind_mod.f90
 INPUT obs_def files follow:
 ../../../obs_def/obs_def_TOLNET_OBS_mod.f90
 INPUT model files follow:
 preprocess Finished successfully.

 --------------------------------------
 Finished ... at YYYY MM DD HH MM SS = 
                 2019  7 24 16 52 17
 Program preprocess
 --------------------------------------


 --------------------------------------
 Starting ... at YYYY MM DD HH MM SS = 
                 2019  7 24 17  2 29
 Program preprocess
 --------------------------------------

 set_nml_output Echo NML values to log file only
 Path names of default obs_def and obs_kind modules
 ../../../obs_def/DEFAULT_obs_def_mod.F90
 ../../../obs_kind/DEFAULT_obs_kind_mod.F90
 Path names of output obs_def and obs_kind modules
 ../../../obs_def/obs_def_mod.f90
 ../../../obs_kind/obs_kind_mod.f90
 INPUT obs_def files follow:
 ../../../obs_def/obs_def_TOLNET_OBS_mod.f90
 INPUT model files follow:
 preprocess Finished successfully.

 --------------------------------------
 Finished ... at YYYY MM DD HH MM SS = 
                 2019  7 24 17  2 29
 Program preprocess
 --------------------------------------


 --------------------------------------
 Starting ... at YYYY MM DD HH MM SS = 
                 2019  7 24 17 13 39
 Program preprocess
 --------------------------------------

 set_nml_output Echo NML values to log file only
 Path names of default obs_def and obs_kind modules
 ../../../obs_def/DEFAULT_obs_def_mod.F90
 ../../../obs_kind/DEFAULT_obs_kind_mod.F90
 Path names of output obs_def and obs_kind modules
 ../../../obs_def/obs_def_mod.f90
 ../../../obs_kind/obs_kind_mod.f90
 INPUT obs_def files follow:
 ../../../obs_def/obs_def_TOLNET_OBS_mod.f90
 INPUT model files follow:
 preprocess Finished successfully.

 --------------------------------------
 Finished ... at YYYY MM DD HH MM SS = 
                 2019  7 24 17 13 39
 Program preprocess
 --------------------------------------


 --------------------------------------
 Starting ... at YYYY MM DD HH MM SS = 
                 2019  7 24 18  3 45
 Program preprocess
 --------------------------------------

 set_nml_output Echo NML values to log file only
 Path names of default obs_def and obs_kind modules
 ../../../obs_def/DEFAULT_obs_def_mod.F90
 ../../../obs_kind/DEFAULT_obs_kind_mod.F90
 Path names of output obs_def and obs_kind modules
 ../../../obs_def/obs_def_mod.f90
 ../../../obs_kind/obs_kind_mod.f90
 INPUT obs_def files follow:
 ../../../obs_def/obs_def_TOLNET_OBS_mod.f90
 INPUT model files follow:
 preprocess Finished successfully.

 --------------------------------------
 Finished ... at YYYY MM DD HH MM SS = 
                 2019  7 24 18  3 45
 Program preprocess
 --------------------------------------


 --------------------------------------
 Starting ... at YYYY MM DD HH MM SS = 
                 2019  7 24 18 41 29
 Program preprocess
 --------------------------------------

 set_nml_output Echo NML values to log file only
 Path names of default obs_def and obs_kind modules
 ../../../obs_def/DEFAULT_obs_def_mod.F90
 ../../../obs_kind/DEFAULT_obs_kind_mod.F90
 Path names of output obs_def and obs_kind modules
 ../../../obs_def/obs_def_mod.f90
 ../../../obs_kind/obs_kind_mod.f90
 INPUT obs_def files follow:
 ../../../obs_def/obs_def_TOLNET_OBS_mod.f90
 INPUT model files follow:
 preprocess Finished successfully.

 --------------------------------------
 Finished ... at YYYY MM DD HH MM SS = 
                 2019  7 24 18 41 29
 Program preprocess
 --------------------------------------


 --------------------------------------
 Starting ... at YYYY MM DD HH MM SS = 
                 2019  7 25 11 54 48
 Program preprocess
 --------------------------------------

 set_nml_output Echo NML values to log file only
 Path names of default obs_def and obs_kind modules
 ../../../obs_def/DEFAULT_obs_def_mod.F90
 ../../../obs_kind/DEFAULT_obs_kind_mod.F90
 Path names of output obs_def and obs_kind modules
 ../../../obs_def/obs_def_mod.f90
 ../../../obs_kind/obs_kind_mod.f90
 INPUT obs_def files follow:
 ../../../obs_def/obs_def_TOLNET_OBS_mod.f90
 INPUT model files follow:
 preprocess Finished successfully.

 --------------------------------------
 Finished ... at YYYY MM DD HH MM SS = 
                 2019  7 25 11 54 48
 Program preprocess
 --------------------------------------


 --------------------------------------
 Starting ... at YYYY MM DD HH MM SS = 
                 2019  7 25 11 58  9
 Program preprocess
 --------------------------------------

 set_nml_output Echo NML values to log file only
 Path names of default obs_def and obs_kind modules
 ../../../obs_def/DEFAULT_obs_def_mod.F90
 ../../../obs_kind/DEFAULT_obs_kind_mod.F90
 Path names of output obs_def and obs_kind modules
 ../../../obs_def/obs_def_mod.f90
 ../../../obs_kind/obs_kind_mod.f90
 INPUT obs_def files follow:
 ../../../obs_def/obs_def_TOLNET_OBS_mod.f90
 INPUT model files follow:
 preprocess Finished successfully.

 --------------------------------------
 Finished ... at YYYY MM DD HH MM SS = 
                 2019  7 25 11 58  9
 Program preprocess
 --------------------------------------


 --------------------------------------
 Starting ... at YYYY MM DD HH MM SS = 
                 2019  7 25 12  0 23
 Program preprocess
 --------------------------------------

 set_nml_output Echo NML values to log file only
 Path names of default obs_def and obs_kind modules
 ../../../obs_def/DEFAULT_obs_def_mod.F90
 ../../../obs_kind/DEFAULT_obs_kind_mod.F90
 Path names of output obs_def and obs_kind modules
 ../../../obs_def/obs_def_mod.f90
 ../../../obs_kind/obs_kind_mod.f90
 INPUT obs_def files follow:
 ../../../obs_def/obs_def_TOLNET_OBS_mod.f90
 INPUT model files follow:
 preprocess Finished successfully.

 --------------------------------------
 Finished ... at YYYY MM DD HH MM SS = 
                 2019  7 25 12  0 23
 Program preprocess
 --------------------------------------


 --------------------------------------
 Starting ... at YYYY MM DD HH MM SS = 
                 2019  7 25 12  3 23
 Program preprocess
 --------------------------------------

 set_nml_output Echo NML values to log file only
 Path names of default obs_def and obs_kind modules
 ../../../obs_def/DEFAULT_obs_def_mod.F90
 ../../../obs_kind/DEFAULT_obs_kind_mod.F90
 Path names of output obs_def and obs_kind modules
 ../../../obs_def/obs_def_mod.f90
 ../../../obs_kind/obs_kind_mod.f90
 INPUT obs_def files follow:
 ../../../obs_def/obs_def_TOLNET_OBS_mod.f90
 INPUT model files follow:
 preprocess Finished successfully.

 --------------------------------------
 Finished ... at YYYY MM DD HH MM SS = 
                 2019  7 25 12  3 23
 Program preprocess
 --------------------------------------


 --------------------------------------
 Starting ... at YYYY MM DD HH MM SS = 
                 2019  7 25 12  5 46
 Program preprocess
 --------------------------------------

 set_nml_output Echo NML values to log file only
 Path names of default obs_def and obs_kind modules
 ../../../obs_def/DEFAULT_obs_def_mod.F90
 ../../../obs_kind/DEFAULT_obs_kind_mod.F90
 Path names of output obs_def and obs_kind modules
 ../../../obs_def/obs_def_mod.f90
 ../../../obs_kind/obs_kind_mod.f90
 INPUT obs_def files follow:
 ../../../obs_def/obs_def_TOLNET_OBS_mod.f90
 INPUT model files follow:
 preprocess Finished successfully.

 --------------------------------------
 Finished ... at YYYY MM DD HH MM SS = 
                 2019  7 25 12  5 46
 Program preprocess
 --------------------------------------


 --------------------------------------
 Starting ... at YYYY MM DD HH MM SS = 
                 2019  8  1 12  2 56
 Program preprocess
 --------------------------------------

 set_nml_output Echo NML values to log file only
 Path names of default obs_def and obs_kind modules
 ../../../obs_def/DEFAULT_obs_def_mod.F90
 ../../../obs_kind/DEFAULT_obs_kind_mod.F90
 Path names of output obs_def and obs_kind modules
 ../../../obs_def/obs_def_mod.f90
 ../../../obs_kind/obs_kind_mod.f90
 INPUT obs_def files follow:
 ../../../obs_def/obs_def_TOLNET_OBS_mod.f90
 INPUT model files follow:
 preprocess Finished successfully.

 --------------------------------------
 Finished ... at YYYY MM DD HH MM SS = 
                 2019  8  1 12  2 56
 Program preprocess
 --------------------------------------


 --------------------------------------
 Starting ... at YYYY MM DD HH MM SS = 
                 2019  8  1 12  4 27
 Program preprocess
 --------------------------------------

 set_nml_output Echo NML values to log file only
 Path names of default obs_def and obs_kind modules
 ../../../obs_def/DEFAULT_obs_def_mod.F90
 ../../../obs_kind/DEFAULT_obs_kind_mod.F90
 Path names of output obs_def and obs_kind modules
 ../../../obs_def/obs_def_mod.f90
 ../../../obs_kind/obs_kind_mod.f90
 INPUT obs_def files follow:
 ../../../obs_def/obs_def_TOLNET_OBS_mod.f90
 INPUT model files follow:
 preprocess Finished successfully.

 --------------------------------------
 Finished ... at YYYY MM DD HH MM SS = 
                 2019  8  1 12  4 27
 Program preprocess
 --------------------------------------


 --------------------------------------
 Starting ... at YYYY MM DD HH MM SS = 
                 2019  8  1 12  5 24
 Program preprocess
 --------------------------------------

 set_nml_output Echo NML values to log file only
 Path names of default obs_def and obs_kind modules
 ../../../obs_def/DEFAULT_obs_def_mod.F90
 ../../../obs_kind/DEFAULT_obs_kind_mod.F90
 Path names of output obs_def and obs_kind modules
 ../../../obs_def/obs_def_mod.f90
 ../../../obs_kind/obs_kind_mod.f90
 INPUT obs_def files follow:
 ../../../obs_def/obs_def_TOLNET_OBS_mod.f90
 INPUT model files follow:
 preprocess Finished successfully.

 --------------------------------------
 Finished ... at YYYY MM DD HH MM SS = 
                 2019  8  1 12  5 24
 Program preprocess
 --------------------------------------


 --------------------------------------
 Starting ... at YYYY MM DD HH MM SS = 
                 2019  8  1 16  5 28
 Program preprocess
 --------------------------------------

 set_nml_output Echo NML values to log file only
 Path names of default obs_def and obs_kind modules
 ../../../obs_def/DEFAULT_obs_def_mod.F90
 ../../../obs_kind/DEFAULT_obs_kind_mod.F90
 Path names of output obs_def and obs_kind modules
 ../../../obs_def/obs_def_mod.f90
 ../../../obs_kind/obs_kind_mod.f90
 INPUT obs_def files follow:
 ../../../obs_def/obs_def_TOLNET_OBS_mod.f90
 INPUT model files follow:
 preprocess Finished successfully.

 --------------------------------------
 Finished ... at YYYY MM DD HH MM SS = 
                 2019  8  1 16  5 28
 Program preprocess
 --------------------------------------


 --------------------------------------
 Starting ... at YYYY MM DD HH MM SS = 
                 2019  8  1 16  6 28
 Program preprocess
 --------------------------------------

 set_nml_output Echo NML values to log file only
 Path names of default obs_def and obs_kind modules
 ../../../obs_def/DEFAULT_obs_def_mod.F90
 ../../../obs_kind/DEFAULT_obs_kind_mod.F90
 Path names of output obs_def and obs_kind modules
 ../../../obs_def/obs_def_mod.f90
 ../../../obs_kind/obs_kind_mod.f90
 INPUT obs_def files follow:
 ../../../obs_def/obs_def_TOLNET_OBS_mod.f90
 INPUT model files follow:
 preprocess Finished successfully.

 --------------------------------------
 Finished ... at YYYY MM DD HH MM SS = 
                 2019  8  1 16  6 28
 Program preprocess
 --------------------------------------


 --------------------------------------
 Starting ... at YYYY MM DD HH MM SS = 
                 2019  8  1 16  8 33
 Program preprocess
 --------------------------------------

 set_nml_output Echo NML values to log file only
 Path names of default obs_def and obs_kind modules
 ../../../obs_def/DEFAULT_obs_def_mod.F90
 ../../../obs_kind/DEFAULT_obs_kind_mod.F90
 Path names of output obs_def and obs_kind modules
 ../../../obs_def/obs_def_mod.f90
 ../../../obs_kind/obs_kind_mod.f90
 INPUT obs_def files follow:
 ../../../obs_def/obs_def_TOLNET_OBS_mod.f90
 INPUT model files follow:
 preprocess Finished successfully.

 --------------------------------------
 Finished ... at YYYY MM DD HH MM SS = 
                 2019  8  1 16  8 33
 Program preprocess
 --------------------------------------


 --------------------------------------
 Starting ... at YYYY MM DD HH MM SS = 
                 2019  8  1 16 25 42
 Program preprocess
 --------------------------------------

 set_nml_output Echo NML values to log file only
 Path names of default obs_def and obs_kind modules
 ../../../obs_def/DEFAULT_obs_def_mod.F90
 ../../../obs_kind/DEFAULT_obs_kind_mod.F90
 Path names of output obs_def and obs_kind modules
 ../../../obs_def/obs_def_mod.f90
 ../../../obs_kind/obs_kind_mod.f90
 INPUT obs_def files follow:
 ../../../obs_def/obs_def_TOLNET_OBS_mod.f90
 INPUT model files follow:
 preprocess Finished successfully.

 --------------------------------------
 Finished ... at YYYY MM DD HH MM SS = 
                 2019  8  1 16 25 42
 Program preprocess
 --------------------------------------


 --------------------------------------
 Starting ... at YYYY MM DD HH MM SS = 
                 2019  8  1 16 26 42
 Program preprocess
 --------------------------------------

 set_nml_output Echo NML values to log file only
 Path names of default obs_def and obs_kind modules
 ../../../obs_def/DEFAULT_obs_def_mod.F90
 ../../../obs_kind/DEFAULT_obs_kind_mod.F90
 Path names of output obs_def and obs_kind modules
 ../../../obs_def/obs_def_mod.f90
 ../../../obs_kind/obs_kind_mod.f90
 INPUT obs_def files follow:
 ../../../obs_def/obs_def_TOLNET_OBS_mod.f90
 INPUT model files follow:
 preprocess Finished successfully.

 --------------------------------------
 Finished ... at YYYY MM DD HH MM SS = 
                 2019  8  1 16 26 42
 Program preprocess
 --------------------------------------


 --------------------------------------
 Starting ... at YYYY MM DD HH MM SS = 
                 2019  8  1 16 28 15
 Program preprocess
 --------------------------------------

 set_nml_output Echo NML values to log file only
 Path names of default obs_def and obs_kind modules
 ../../../obs_def/DEFAULT_obs_def_mod.F90
 ../../../obs_kind/DEFAULT_obs_kind_mod.F90
 Path names of output obs_def and obs_kind modules
 ../../../obs_def/obs_def_mod.f90
 ../../../obs_kind/obs_kind_mod.f90
 INPUT obs_def files follow:
 ../../../obs_def/obs_def_TOLNET_OBS_mod.f90
 INPUT model files follow:
 preprocess Finished successfully.

 --------------------------------------
 Finished ... at YYYY MM DD HH MM SS = 
                 2019  8  1 16 28 15
 Program preprocess
 --------------------------------------


 --------------------------------------
 Starting ... at YYYY MM DD HH MM SS = 
                 2019  8  1 16 33 21
 Program preprocess
 --------------------------------------

 set_nml_output Echo NML values to log file only
 Path names of default obs_def and obs_kind modules
 ../../../obs_def/DEFAULT_obs_def_mod.F90
 ../../../obs_kind/DEFAULT_obs_kind_mod.F90
 Path names of output obs_def and obs_kind modules
 ../../../obs_def/obs_def_mod.f90
 ../../../obs_kind/obs_kind_mod.f90
 INPUT obs_def files follow:
 ../../../obs_def/obs_def_TOLNET_OBS_mod.f90
 INPUT model files follow:
 preprocess Finished successfully.

 --------------------------------------
 Finished ... at YYYY MM DD HH MM SS = 
                 2019  8  1 16 33 21
 Program preprocess
 --------------------------------------


 --------------------------------------
 Starting ... at YYYY MM DD HH MM SS = 
                 2019  8  1 16 36 16
 Program preprocess
 --------------------------------------

 set_nml_output Echo NML values to log file only
 Path names of default obs_def and obs_kind modules
 ../../../obs_def/DEFAULT_obs_def_mod.F90
 ../../../obs_kind/DEFAULT_obs_kind_mod.F90
 Path names of output obs_def and obs_kind modules
 ../../../obs_def/obs_def_mod.f90
 ../../../obs_kind/obs_kind_mod.f90
 INPUT obs_def files follow:
 ../../../obs_def/obs_def_TOLNET_OBS_mod.f90
 INPUT model files follow:
 preprocess Finished successfully.

 --------------------------------------
 Finished ... at YYYY MM DD HH MM SS = 
                 2019  8  1 16 36 16
 Program preprocess
 --------------------------------------


 --------------------------------------
 Starting ... at YYYY MM DD HH MM SS = 
                 2019  8  1 17 39 28
 Program preprocess
 --------------------------------------

 set_nml_output Echo NML values to log file only
 Path names of default obs_def and obs_kind modules
 ../../../obs_def/DEFAULT_obs_def_mod.F90
 ../../../obs_kind/DEFAULT_obs_kind_mod.F90
 Path names of output obs_def and obs_kind modules
 ../../../obs_def/obs_def_mod.f90
 ../../../obs_kind/obs_kind_mod.f90
 INPUT obs_def files follow:
 ../../../obs_def/obs_def_TOLNET_OBS_mod.f90
 INPUT model files follow:
 preprocess Finished successfully.

 --------------------------------------
 Finished ... at YYYY MM DD HH MM SS = 
                 2019  8  1 17 39 28
 Program preprocess
 --------------------------------------


 --------------------------------------
 Starting ... at YYYY MM DD HH MM SS = 
                 2019  8  1 17 42 20
 Program preprocess
 --------------------------------------

 set_nml_output Echo NML values to log file only
 Path names of default obs_def and obs_kind modules
 ../../../obs_def/DEFAULT_obs_def_mod.F90
 ../../../obs_kind/DEFAULT_obs_kind_mod.F90
 Path names of output obs_def and obs_kind modules
 ../../../obs_def/obs_def_mod.f90
 ../../../obs_kind/obs_kind_mod.f90
 INPUT obs_def files follow:
 ../../../obs_def/obs_def_TOLNET_OBS_mod.f90
 INPUT model files follow:
 preprocess Finished successfully.

 --------------------------------------
 Finished ... at YYYY MM DD HH MM SS = 
                 2019  8  1 17 42 20
 Program preprocess
 --------------------------------------


 --------------------------------------
 Starting ... at YYYY MM DD HH MM SS = 
                 2019  8  1 17 54  8
 Program preprocess
 --------------------------------------

 set_nml_output Echo NML values to log file only
 Path names of default obs_def and obs_kind modules
 ../../../obs_def/DEFAULT_obs_def_mod.F90
 ../../../obs_kind/DEFAULT_obs_kind_mod.F90
 Path names of output obs_def and obs_kind modules
 ../../../obs_def/obs_def_mod.f90
 ../../../obs_kind/obs_kind_mod.f90
 INPUT obs_def files follow:
 ../../../obs_def/obs_def_TOLNET_OBS_mod.f90
 INPUT model files follow:
 preprocess Finished successfully.

 --------------------------------------
 Finished ... at YYYY MM DD HH MM SS = 
                 2019  8  1 17 54  8
 Program preprocess
 --------------------------------------


 --------------------------------------
 Starting ... at YYYY MM DD HH MM SS = 
                 2019  8  1 17 54 55
 Program preprocess
 --------------------------------------

 set_nml_output Echo NML values to log file only
 Path names of default obs_def and obs_kind modules
 ../../../obs_def/DEFAULT_obs_def_mod.F90
 ../../../obs_kind/DEFAULT_obs_kind_mod.F90
 Path names of output obs_def and obs_kind modules
 ../../../obs_def/obs_def_mod.f90
 ../../../obs_kind/obs_kind_mod.f90
 INPUT obs_def files follow:
 ../../../obs_def/obs_def_TOLNET_OBS_mod.f90
 INPUT model files follow:
 preprocess Finished successfully.

 --------------------------------------
 Finished ... at YYYY MM DD HH MM SS = 
                 2019  8  1 17 54 55
 Program preprocess
 --------------------------------------


 --------------------------------------
 Starting ... at YYYY MM DD HH MM SS = 
                 2019  8  1 17 57 43
 Program preprocess
 --------------------------------------

 set_nml_output Echo NML values to log file only
 Path names of default obs_def and obs_kind modules
 ../../../obs_def/DEFAULT_obs_def_mod.F90
 ../../../obs_kind/DEFAULT_obs_kind_mod.F90
 Path names of output obs_def and obs_kind modules
 ../../../obs_def/obs_def_mod.f90
 ../../../obs_kind/obs_kind_mod.f90
 INPUT obs_def files follow:
 ../../../obs_def/obs_def_TOLNET_OBS_mod.f90
 INPUT model files follow:
 preprocess Finished successfully.

 --------------------------------------
 Finished ... at YYYY MM DD HH MM SS = 
                 2019  8  1 17 57 43
 Program preprocess
 --------------------------------------


 --------------------------------------
 Starting ... at YYYY MM DD HH MM SS = 
                 2019  8  1 17 59 53
 Program preprocess
 --------------------------------------

 set_nml_output Echo NML values to log file only
 Path names of default obs_def and obs_kind modules
 ../../../obs_def/DEFAULT_obs_def_mod.F90
 ../../../obs_kind/DEFAULT_obs_kind_mod.F90
 Path names of output obs_def and obs_kind modules
 ../../../obs_def/obs_def_mod.f90
 ../../../obs_kind/obs_kind_mod.f90
 INPUT obs_def files follow:
 ../../../obs_def/obs_def_TOLNET_OBS_mod.f90
 INPUT model files follow:
 preprocess Finished successfully.

 --------------------------------------
 Finished ... at YYYY MM DD HH MM SS = 
                 2019  8  1 17 59 53
 Program preprocess
 --------------------------------------


 --------------------------------------
 Starting ... at YYYY MM DD HH MM SS = 
                 2019  8  1 18  4  3
 Program preprocess
 --------------------------------------

 set_nml_output Echo NML values to log file only
 Path names of default obs_def and obs_kind modules
 ../../../obs_def/DEFAULT_obs_def_mod.F90
 ../../../obs_kind/DEFAULT_obs_kind_mod.F90
 Path names of output obs_def and obs_kind modules
 ../../../obs_def/obs_def_mod.f90
 ../../../obs_kind/obs_kind_mod.f90
 INPUT obs_def files follow:
 ../../../obs_def/obs_def_TOLNET_OBS_mod.f90
 INPUT model files follow:
 preprocess Finished successfully.

 --------------------------------------
 Finished ... at YYYY MM DD HH MM SS = 
                 2019  8  1 18  4  3
 Program preprocess
 --------------------------------------


 --------------------------------------
 Starting ... at YYYY MM DD HH MM SS = 
                 2019  8  1 18  6 38
 Program preprocess
 --------------------------------------

 set_nml_output Echo NML values to log file only
 Path names of default obs_def and obs_kind modules
 ../../../obs_def/DEFAULT_obs_def_mod.F90
 ../../../obs_kind/DEFAULT_obs_kind_mod.F90
 Path names of output obs_def and obs_kind modules
 ../../../obs_def/obs_def_mod.f90
 ../../../obs_kind/obs_kind_mod.f90
 INPUT obs_def files follow:
 ../../../obs_def/obs_def_TOLNET_OBS_mod.f90
 INPUT model files follow:
 preprocess Finished successfully.

 --------------------------------------
 Finished ... at YYYY MM DD HH MM SS = 
                 2019  8  1 18  6 38
 Program preprocess
 --------------------------------------


 --------------------------------------
 Starting ... at YYYY MM DD HH MM SS = 
                 2019  8  1 18  9  2
 Program preprocess
 --------------------------------------

 set_nml_output Echo NML values to log file only
 Path names of default obs_def and obs_kind modules
 ../../../obs_def/DEFAULT_obs_def_mod.F90
 ../../../obs_kind/DEFAULT_obs_kind_mod.F90
 Path names of output obs_def and obs_kind modules
 ../../../obs_def/obs_def_mod.f90
 ../../../obs_kind/obs_kind_mod.f90
 INPUT obs_def files follow:
 ../../../obs_def/obs_def_TOLNET_OBS_mod.f90
 INPUT model files follow:
 preprocess Finished successfully.

 --------------------------------------
 Finished ... at YYYY MM DD HH MM SS = 
                 2019  8  1 18  9  2
 Program preprocess
 --------------------------------------


 --------------------------------------
 Starting ... at YYYY MM DD HH MM SS = 
                 2019  8  1 18 10 15
 Program preprocess
 --------------------------------------

 set_nml_output Echo NML values to log file only
 Path names of default obs_def and obs_kind modules
 ../../../obs_def/DEFAULT_obs_def_mod.F90
 ../../../obs_kind/DEFAULT_obs_kind_mod.F90
 Path names of output obs_def and obs_kind modules
 ../../../obs_def/obs_def_mod.f90
 ../../../obs_kind/obs_kind_mod.f90
 INPUT obs_def files follow:
 ../../../obs_def/obs_def_TOLNET_OBS_mod.f90
 INPUT model files follow:
 preprocess Finished successfully.

 --------------------------------------
 Finished ... at YYYY MM DD HH MM SS = 
                 2019  8  1 18 10 15
 Program preprocess
 --------------------------------------


 --------------------------------------
 Starting ... at YYYY MM DD HH MM SS = 
                 2019  8  1 18 14 42
 Program preprocess
 --------------------------------------

 set_nml_output Echo NML values to log file only
 Path names of default obs_def and obs_kind modules
 ../../../obs_def/DEFAULT_obs_def_mod.F90
 ../../../obs_kind/DEFAULT_obs_kind_mod.F90
 Path names of output obs_def and obs_kind modules
 ../../../obs_def/obs_def_mod.f90
 ../../../obs_kind/obs_kind_mod.f90
 INPUT obs_def files follow:
 ../../../obs_def/obs_def_TOLNET_OBS_mod.f90
 INPUT model files follow:
 preprocess Finished successfully.

 --------------------------------------
 Finished ... at YYYY MM DD HH MM SS = 
                 2019  8  1 18 14 42
 Program preprocess
 --------------------------------------


 --------------------------------------
 Starting ... at YYYY MM DD HH MM SS = 
                 2019  8  1 18 17  1
 Program preprocess
 --------------------------------------

 set_nml_output Echo NML values to log file only
 Path names of default obs_def and obs_kind modules
 ../../../obs_def/DEFAULT_obs_def_mod.F90
 ../../../obs_kind/DEFAULT_obs_kind_mod.F90
 Path names of output obs_def and obs_kind modules
 ../../../obs_def/obs_def_mod.f90
 ../../../obs_kind/obs_kind_mod.f90
 INPUT obs_def files follow:
 ../../../obs_def/obs_def_TOLNET_OBS_mod.f90
 INPUT model files follow:
 preprocess Finished successfully.

 --------------------------------------
 Finished ... at YYYY MM DD HH MM SS = 
                 2019  8  1 18 17  1
 Program preprocess
 --------------------------------------


 --------------------------------------
 Starting ... at YYYY MM DD HH MM SS = 
                 2019  8  1 19 31 54
 Program preprocess
 --------------------------------------

 set_nml_output Echo NML values to log file only
 Path names of default obs_def and obs_kind modules
 ../../../obs_def/DEFAULT_obs_def_mod.F90
 ../../../obs_kind/DEFAULT_obs_kind_mod.F90
 Path names of output obs_def and obs_kind modules
 ../../../obs_def/obs_def_mod.f90
 ../../../obs_kind/obs_kind_mod.f90
 INPUT obs_def files follow:
 ../../../obs_def/obs_def_TOLNET_OBS_mod.f90
 INPUT model files follow:
 preprocess Finished successfully.

 --------------------------------------
 Finished ... at YYYY MM DD HH MM SS = 
                 2019  8  1 19 31 54
 Program preprocess
 --------------------------------------

